{"/home/fuzz/dotprop/fuzz.js": {"path":"/home/fuzz/dotprop/fuzz.js","statementMap":{"0":{"start":{"line":1,"column":16},"end":{"line":1,"column":35}},"1":{"start":{"line":3,"column":17},"end":{"line":11,"column":1}},"2":{"start":{"line":14,"column":0},"end":{"line":24,"column":1}},"3":{"start":{"line":15,"column":1},"end":{"line":23,"column":2}},"4":{"start":{"line":17,"column":2},"end":{"line":17,"column":48}}},"fnMap":{"0":{"name":"(anonymous_0)","decl":{"start":{"line":14,"column":22},"end":{"line":14,"column":23}},"loc":{"start":{"line":14,"column":35},"end":{"line":24,"column":1}},"line":14}},"branchMap":{},"s":{"0":1,"1":1,"2":1,"3":2,"4":2},"f":{"0":2},"b":{},"_coverageSchema":"1a1c01bbd47fc00a2c39e90264f33305004495a9","hash":"dcaac8d9a404620b7308cfdfafb7eacf0facca59"}
,"/home/fuzz/dotprop/node_modules/@jazzer.js/bug-detectors/dist/configuration.js": {"path":"/home/fuzz/dotprop/node_modules/@jazzer.js/bug-detectors/dist/configuration.js","statementMap":{"0":{"start":{"line":17,"column":0},"end":{"line":17,"column":62}},"1":{"start":{"line":18,"column":0},"end":{"line":18,"column":81}},"2":{"start":{"line":21,"column":4},"end":{"line":21,"column":62}},"3":{"start":{"line":23,"column":0},"end":{"line":23,"column":66}},"4":{"start":{"line":26,"column":21},"end":{"line":26,"column":30}},"5":{"start":{"line":29,"column":8},"end":{"line":29,"column":60}},"6":{"start":{"line":33,"column":8},"end":{"line":33,"column":52}},"7":{"start":{"line":36,"column":0},"end":{"line":36,"column":68}}},"fnMap":{"0":{"name":"getBugDetectorConfiguration","decl":{"start":{"line":20,"column":9},"end":{"line":20,"column":36}},"loc":{"start":{"line":20,"column":50},"end":{"line":22,"column":1}},"line":20},"1":{"name":"(anonymous_1)","decl":{"start":{"line":28,"column":4},"end":{"line":28,"column":5}},"loc":{"start":{"line":28,"column":36},"end":{"line":30,"column":5}},"line":28},"2":{"name":"(anonymous_2)","decl":{"start":{"line":32,"column":4},"end":{"line":32,"column":5}},"loc":{"start":{"line":32,"column":21},"end":{"line":34,"column":5}},"line":32}},"branchMap":{},"s":{"0":1,"1":1,"2":0,"3":1,"4":1,"5":1,"6":0,"7":1},"f":{"0":0,"1":1,"2":0},"b":{},"_coverageSchema":"1a1c01bbd47fc00a2c39e90264f33305004495a9","hash":"ace2ac1d4d8b850685e44d9a1ce761d62328dea0"}
,"/home/fuzz/dotprop/node_modules/@jazzer.js/bug-detectors/dist/internal/command-injection.js": {"path":"/home/fuzz/dotprop/node_modules/@jazzer.js/bug-detectors/dist/internal/command-injection.js","statementMap":{"0":{"start":{"line":17,"column":0},"end":{"line":17,"column":62}},"1":{"start":{"line":18,"column":15},"end":{"line":18,"column":41}},"2":{"start":{"line":19,"column":18},"end":{"line":19,"column":47}},"3":{"start":{"line":25,"column":13},"end":{"line":25,"column":22}},"4":{"start":{"line":26,"column":19},"end":{"line":26,"column":34}},"5":{"start":{"line":27,"column":22},"end":{"line":35,"column":1}},"6":{"start":{"line":36,"column":0},"end":{"line":52,"column":1}},"7":{"start":{"line":37,"column":23},"end":{"line":50,"column":5}},"8":{"start":{"line":38,"column":8},"end":{"line":40,"column":9}},"9":{"start":{"line":39,"column":12},"end":{"line":39,"column":19}},"10":{"start":{"line":45,"column":30},"end":{"line":45,"column":39}},"11":{"start":{"line":46,"column":8},"end":{"line":48,"column":9}},"12":{"start":{"line":47,"column":12},"end":{"line":47,"column":112}},"13":{"start":{"line":49,"column":8},"end":{"line":49,"column":73}},"14":{"start":{"line":51,"column":4},"end":{"line":51,"column":83}}},"fnMap":{"0":{"name":"(anonymous_0)","decl":{"start":{"line":37,"column":23},"end":{"line":37,"column":24}},"loc":{"start":{"line":37,"column":52},"end":{"line":50,"column":5}},"line":37}},"branchMap":{"0":{"loc":{"start":{"line":38,"column":8},"end":{"line":40,"column":9}},"type":"if","locations":[{"start":{"line":38,"column":8},"end":{"line":40,"column":9}},{"start":{},"end":{}}],"line":38},"1":{"loc":{"start":{"line":38,"column":12},"end":{"line":38,"column":55}},"type":"binary-expr","locations":[{"start":{"line":38,"column":12},"end":{"line":38,"column":32}},{"start":{"line":38,"column":36},"end":{"line":38,"column":55}}],"line":38},"2":{"loc":{"start":{"line":46,"column":8},"end":{"line":48,"column":9}},"type":"if","locations":[{"start":{"line":46,"column":8},"end":{"line":48,"column":9}},{"start":{},"end":{}}],"line":46}},"s":{"0":1,"1":1,"2":1,"3":1,"4":1,"5":1,"6":1,"7":7,"8":0,"9":0,"10":0,"11":0,"12":0,"13":0,"14":7},"f":{"0":0},"b":{"0":[0,0],"1":[0,0],"2":[0,0]},"_coverageSchema":"1a1c01bbd47fc00a2c39e90264f33305004495a9","hash":"e606961302b14238aacee24f8bc9bfce84f4f701"}
,"/home/fuzz/dotprop/node_modules/@jazzer.js/bug-detectors/dist/internal/path-traversal.js": {"path":"/home/fuzz/dotprop/node_modules/@jazzer.js/bug-detectors/dist/internal/path-traversal.js","statementMap":{"0":{"start":{"line":17,"column":0},"end":{"line":17,"column":62}},"1":{"start":{"line":18,"column":15},"end":{"line":18,"column":41}},"2":{"start":{"line":19,"column":18},"end":{"line":19,"column":47}},"3":{"start":{"line":25,"column":13},"end":{"line":25,"column":28}},"4":{"start":{"line":26,"column":22},"end":{"line":120,"column":1}},"5":{"start":{"line":121,"column":0},"end":{"line":137,"column":1}},"6":{"start":{"line":122,"column":4},"end":{"line":136,"column":5}},"7":{"start":{"line":123,"column":27},"end":{"line":134,"column":9}},"8":{"start":{"line":124,"column":12},"end":{"line":126,"column":13}},"9":{"start":{"line":125,"column":16},"end":{"line":125,"column":23}},"10":{"start":{"line":129,"column":34},"end":{"line":129,"column":43}},"11":{"start":{"line":130,"column":12},"end":{"line":132,"column":13}},"12":{"start":{"line":131,"column":16},"end":{"line":131,"column":113}},"13":{"start":{"line":133,"column":12},"end":{"line":133,"column":77}},"14":{"start":{"line":135,"column":8},"end":{"line":135,"column":94}},"15":{"start":{"line":139,"column":32},"end":{"line":159,"column":1}},"16":{"start":{"line":160,"column":0},"end":{"line":182,"column":1}},"17":{"start":{"line":161,"column":4},"end":{"line":181,"column":5}},"18":{"start":{"line":162,"column":31},"end":{"line":179,"column":9}},"19":{"start":{"line":163,"column":12},"end":{"line":178,"column":14}},"20":{"start":{"line":164,"column":16},"end":{"line":166,"column":17}},"21":{"start":{"line":165,"column":20},"end":{"line":165,"column":27}},"22":{"start":{"line":168,"column":38},"end":{"line":168,"column":47}},"23":{"start":{"line":169,"column":39},"end":{"line":169,"column":48}},"24":{"start":{"line":170,"column":16},"end":{"line":173,"column":17}},"25":{"start":{"line":171,"column":20},"end":{"line":172,"column":52}},"26":{"start":{"line":174,"column":16},"end":{"line":174,"column":81}},"27":{"start":{"line":177,"column":16},"end":{"line":177,"column":87}},"28":{"start":{"line":180,"column":8},"end":{"line":180,"column":170}}},"fnMap":{"0":{"name":"(anonymous_0)","decl":{"start":{"line":123,"column":27},"end":{"line":123,"column":28}},"loc":{"start":{"line":123,"column":56},"end":{"line":134,"column":9}},"line":123},"1":{"name":"(anonymous_1)","decl":{"start":{"line":162,"column":31},"end":{"line":162,"column":32}},"loc":{"start":{"line":162,"column":48},"end":{"line":179,"column":9}},"line":162},"2":{"name":"(anonymous_2)","decl":{"start":{"line":163,"column":19},"end":{"line":163,"column":20}},"loc":{"start":{"line":163,"column":48},"end":{"line":178,"column":13}},"line":163}},"branchMap":{"0":{"loc":{"start":{"line":124,"column":12},"end":{"line":126,"column":13}},"type":"if","locations":[{"start":{"line":124,"column":12},"end":{"line":126,"column":13}},{"start":{},"end":{}}],"line":124},"1":{"loc":{"start":{"line":124,"column":16},"end":{"line":124,"column":59}},"type":"binary-expr","locations":[{"start":{"line":124,"column":16},"end":{"line":124,"column":36}},{"start":{"line":124,"column":40},"end":{"line":124,"column":59}}],"line":124},"2":{"loc":{"start":{"line":130,"column":12},"end":{"line":132,"column":13}},"type":"if","locations":[{"start":{"line":130,"column":12},"end":{"line":132,"column":13}},{"start":{},"end":{}}],"line":130},"3":{"loc":{"start":{"line":164,"column":16},"end":{"line":166,"column":17}},"type":"if","locations":[{"start":{"line":164,"column":16},"end":{"line":166,"column":17}},{"start":{},"end":{}}],"line":164},"4":{"loc":{"start":{"line":164,"column":20},"end":{"line":164,"column":61}},"type":"binary-expr","locations":[{"start":{"line":164,"column":20},"end":{"line":164,"column":40}},{"start":{"line":164,"column":44},"end":{"line":164,"column":61}}],"line":164},"5":{"loc":{"start":{"line":170,"column":16},"end":{"line":173,"column":17}},"type":"if","locations":[{"start":{"line":170,"column":16},"end":{"line":173,"column":17}},{"start":{},"end":{}}],"line":170},"6":{"loc":{"start":{"line":170,"column":20},"end":{"line":170,"column":81}},"type":"binary-expr","locations":[{"start":{"line":170,"column":20},"end":{"line":170,"column":48}},{"start":{"line":170,"column":52},"end":{"line":170,"column":81}}],"line":170}},"s":{"0":1,"1":1,"2":1,"3":1,"4":1,"5":1,"6":3,"7":80,"8":496,"9":0,"10":496,"11":496,"12":0,"13":496,"14":80,"15":1,"16":1,"17":2,"18":15,"19":15,"20":0,"21":0,"22":0,"23":0,"24":0,"25":0,"26":0,"27":0,"28":15},"f":{"0":496,"1":15,"2":0},"b":{"0":[0,496],"1":[496,496],"2":[0,496],"3":[0,0],"4":[0,0],"5":[0,0],"6":[0,0]},"_coverageSchema":"1a1c01bbd47fc00a2c39e90264f33305004495a9","hash":"0ae3d19a8161be943fe3da0ccbac8d0e5b69439d"}
,"/home/fuzz/dotprop/node_modules/@jazzer.js/bug-detectors/dist/internal/prototype-pollution.js": {"path":"/home/fuzz/dotprop/node_modules/@jazzer.js/bug-detectors/dist/internal/prototype-pollution.js","statementMap":{"0":{"start":{"line":17,"column":0},"end":{"line":17,"column":62}},"1":{"start":{"line":18,"column":15},"end":{"line":18,"column":37}},"2":{"start":{"line":19,"column":15},"end":{"line":19,"column":41}},"3":{"start":{"line":20,"column":24},"end":{"line":20,"column":51}},"4":{"start":{"line":23,"column":28},"end":{"line":23,"column":30}},"5":{"start":{"line":24,"column":29},"end":{"line":24,"column":34}},"6":{"start":{"line":31,"column":8},"end":{"line":31,"column":52}},"7":{"start":{"line":32,"column":8},"end":{"line":32,"column":20}},"8":{"start":{"line":50,"column":8},"end":{"line":58,"column":9}},"9":{"start":{"line":51,"column":12},"end":{"line":55,"column":66}},"10":{"start":{"line":57,"column":12},"end":{"line":57,"column":28}},"11":{"start":{"line":59,"column":8},"end":{"line":59,"column":43}},"12":{"start":{"line":60,"column":8},"end":{"line":60,"column":20}},"13":{"start":{"line":63,"column":8},"end":{"line":63,"column":42}},"14":{"start":{"line":66,"column":8},"end":{"line":66,"column":43}},"15":{"start":{"line":69,"column":15},"end":{"line":69,"column":45}},"16":{"start":{"line":71,"column":0},"end":{"line":71,"column":77}},"17":{"start":{"line":73,"column":0},"end":{"line":77,"column":2}},"18":{"start":{"line":78,"column":0},"end":{"line":158,"column":3}},"19":{"start":{"line":80,"column":8},"end":{"line":82,"column":9}},"20":{"start":{"line":81,"column":12},"end":{"line":81,"column":29}},"21":{"start":{"line":83,"column":8},"end":{"line":83,"column":48}},"22":{"start":{"line":86,"column":8},"end":{"line":91,"column":9}},"23":{"start":{"line":87,"column":12},"end":{"line":87,"column":24}},"24":{"start":{"line":89,"column":13},"end":{"line":91,"column":9}},"25":{"start":{"line":90,"column":12},"end":{"line":90,"column":54}},"26":{"start":{"line":93,"column":4},"end":{"line":157,"column":6}},"27":{"start":{"line":106,"column":16},"end":{"line":109,"column":17}},"28":{"start":{"line":108,"column":20},"end":{"line":108,"column":27}},"29":{"start":{"line":110,"column":16},"end":{"line":112,"column":17}},"30":{"start":{"line":111,"column":20},"end":{"line":111,"column":27}},"31":{"start":{"line":114,"column":35},"end":{"line":114,"column":83}},"32":{"start":{"line":115,"column":16},"end":{"line":117,"column":17}},"33":{"start":{"line":116,"column":20},"end":{"line":116,"column":27}},"34":{"start":{"line":119,"column":43},"end":{"line":119,"column":80}},"35":{"start":{"line":121,"column":16},"end":{"line":121,"column":92}},"36":{"start":{"line":122,"column":16},"end":{"line":126,"column":44}},"37":{"start":{"line":136,"column":16},"end":{"line":139,"column":17}},"38":{"start":{"line":138,"column":20},"end":{"line":138,"column":27}},"39":{"start":{"line":140,"column":16},"end":{"line":154,"column":17}},"40":{"start":{"line":141,"column":20},"end":{"line":143,"column":21}},"41":{"start":{"line":142,"column":24},"end":{"line":142,"column":31}},"42":{"start":{"line":144,"column":41},"end":{"line":144,"column":58}},"43":{"start":{"line":145,"column":40},"end":{"line":145,"column":100}},"44":{"start":{"line":146,"column":20},"end":{"line":147,"column":96}},"45":{"start":{"line":147,"column":24},"end":{"line":147,"column":96}},"46":{"start":{"line":148,"column":20},"end":{"line":152,"column":43}},"47":{"start":{"line":153,"column":20},"end":{"line":153,"column":91}},"48":{"start":{"line":161,"column":22},"end":{"line":170,"column":1}},"49":{"start":{"line":172,"column":27},"end":{"line":179,"column":1}},"50":{"start":{"line":182,"column":30},"end":{"line":182,"column":62}},"51":{"start":{"line":184,"column":4},"end":{"line":184,"column":47}},"52":{"start":{"line":196,"column":22},"end":{"line":196,"column":48}},"53":{"start":{"line":197,"column":26},"end":{"line":197,"column":63}},"54":{"start":{"line":199,"column":27},"end":{"line":199,"column":58}},"55":{"start":{"line":200,"column":4},"end":{"line":207,"column":5}},"56":{"start":{"line":201,"column":8},"end":{"line":203,"column":9}},"57":{"start":{"line":201,"column":21},"end":{"line":201,"column":22}},"58":{"start":{"line":202,"column":12},"end":{"line":202,"column":60}},"59":{"start":{"line":208,"column":4},"end":{"line":212,"column":6}},"60":{"start":{"line":214,"column":0},"end":{"line":228,"column":3}},"61":{"start":{"line":215,"column":34},"end":{"line":215,"column":66}},"62":{"start":{"line":217,"column":4},"end":{"line":227,"column":5}},"63":{"start":{"line":217,"column":17},"end":{"line":217,"column":18}},"64":{"start":{"line":218,"column":8},"end":{"line":221,"column":9}},"65":{"start":{"line":219,"column":12},"end":{"line":219,"column":109}},"66":{"start":{"line":220,"column":12},"end":{"line":220,"column":19}},"67":{"start":{"line":222,"column":31},"end":{"line":222,"column":102}},"68":{"start":{"line":223,"column":8},"end":{"line":226,"column":9}},"69":{"start":{"line":224,"column":12},"end":{"line":224,"column":127}},"70":{"start":{"line":225,"column":12},"end":{"line":225,"column":19}},"71":{"start":{"line":236,"column":0},"end":{"line":236,"column":100}},"72":{"start":{"line":246,"column":4},"end":{"line":279,"column":5}},"73":{"start":{"line":247,"column":8},"end":{"line":276,"column":9}},"74":{"start":{"line":249,"column":31},"end":{"line":249,"column":73}},"75":{"start":{"line":250,"column":12},"end":{"line":272,"column":13}},"76":{"start":{"line":261,"column":16},"end":{"line":266,"column":17}},"77":{"start":{"line":262,"column":20},"end":{"line":262,"column":100}},"78":{"start":{"line":265,"column":20},"end":{"line":265,"column":86}},"79":{"start":{"line":267,"column":16},"end":{"line":269,"column":17}},"80":{"start":{"line":268,"column":20},"end":{"line":268,"column":55}},"81":{"start":{"line":271,"column":16},"end":{"line":271,"column":23}},"82":{"start":{"line":278,"column":8},"end":{"line":278,"column":41}},"83":{"start":{"line":288,"column":4},"end":{"line":290,"column":5}},"84":{"start":{"line":289,"column":8},"end":{"line":289,"column":91}},"85":{"start":{"line":291,"column":4},"end":{"line":318,"column":5}},"86":{"start":{"line":292,"column":36},"end":{"line":297,"column":9}},"87":{"start":{"line":293,"column":35},"end":{"line":295,"column":27}},"88":{"start":{"line":294,"column":38},"end":{"line":294,"column":67}},"89":{"start":{"line":296,"column":12},"end":{"line":296,"column":48}},"90":{"start":{"line":301,"column":28},"end":{"line":301,"column":103}},"91":{"start":{"line":301,"column":66},"end":{"line":301,"column":102}},"92":{"start":{"line":302,"column":28},"end":{"line":302,"column":103}},"93":{"start":{"line":302,"column":66},"end":{"line":302,"column":102}},"94":{"start":{"line":304,"column":34},"end":{"line":304,"column":124}},"95":{"start":{"line":304,"column":60},"end":{"line":304,"column":123}},"96":{"start":{"line":305,"column":34},"end":{"line":305,"column":124}},"97":{"start":{"line":305,"column":60},"end":{"line":305,"column":123}},"98":{"start":{"line":306,"column":22},"end":{"line":306,"column":24}},"99":{"start":{"line":307,"column":8},"end":{"line":311,"column":9}},"100":{"start":{"line":308,"column":12},"end":{"line":310,"column":72}},"101":{"start":{"line":312,"column":8},"end":{"line":316,"column":9}},"102":{"start":{"line":313,"column":12},"end":{"line":315,"column":72}},"103":{"start":{"line":317,"column":8},"end":{"line":317,"column":23}},"104":{"start":{"line":320,"column":4},"end":{"line":325,"column":5}},"105":{"start":{"line":320,"column":26},"end":{"line":320,"column":27}},"106":{"start":{"line":321,"column":8},"end":{"line":324,"column":9}},"107":{"start":{"line":323,"column":12},"end":{"line":323,"column":143}},"108":{"start":{"line":327,"column":4},"end":{"line":333,"column":5}},"109":{"start":{"line":327,"column":26},"end":{"line":327,"column":27}},"110":{"start":{"line":328,"column":8},"end":{"line":332,"column":9}},"111":{"start":{"line":330,"column":12},"end":{"line":331,"column":81}}},"fnMap":{"0":{"name":"(anonymous_0)","decl":{"start":{"line":30,"column":4},"end":{"line":30,"column":5}},"loc":{"start":{"line":30,"column":38},"end":{"line":33,"column":5}},"line":30},"1":{"name":"(anonymous_1)","decl":{"start":{"line":49,"column":4},"end":{"line":49,"column":5}},"loc":{"start":{"line":49,"column":51},"end":{"line":61,"column":5}},"line":49},"2":{"name":"(anonymous_2)","decl":{"start":{"line":62,"column":4},"end":{"line":62,"column":5}},"loc":{"start":{"line":62,"column":30},"end":{"line":64,"column":5}},"line":62},"3":{"name":"(anonymous_3)","decl":{"start":{"line":65,"column":4},"end":{"line":65,"column":5}},"loc":{"start":{"line":65,"column":54},"end":{"line":67,"column":5}},"line":65},"4":{"name":"(anonymous_4)","decl":{"start":{"line":78,"column":42},"end":{"line":78,"column":43}},"loc":{"start":{"line":78,"column":48},"end":{"line":158,"column":1}},"line":78},"5":{"name":"getIdentifierFromAssignmentExpression","decl":{"start":{"line":79,"column":13},"end":{"line":79,"column":50}},"loc":{"start":{"line":79,"column":57},"end":{"line":84,"column":5}},"line":79},"6":{"name":"skipMemberExpressions","decl":{"start":{"line":85,"column":13},"end":{"line":85,"column":34}},"loc":{"start":{"line":85,"column":41},"end":{"line":92,"column":5}},"line":85},"7":{"name":"(anonymous_7)","decl":{"start":{"line":105,"column":12},"end":{"line":105,"column":13}},"loc":{"start":{"line":105,"column":39},"end":{"line":127,"column":13}},"line":105},"8":{"name":"(anonymous_8)","decl":{"start":{"line":135,"column":12},"end":{"line":135,"column":13}},"loc":{"start":{"line":135,"column":37},"end":{"line":155,"column":13}},"line":135},"9":{"name":"(anonymous_9)","decl":{"start":{"line":167,"column":4},"end":{"line":167,"column":5}},"loc":{"start":{"line":167,"column":10},"end":{"line":169,"column":5}},"line":167},"10":{"name":"computeBasicPrototypeSnapshots","decl":{"start":{"line":183,"column":9},"end":{"line":183,"column":39}},"loc":{"start":{"line":183,"column":42},"end":{"line":185,"column":1}},"line":183},"11":{"name":"getProtoSnapshot","decl":{"start":{"line":195,"column":9},"end":{"line":195,"column":25}},"loc":{"start":{"line":195,"column":31},"end":{"line":213,"column":1}},"line":195},"12":{"name":"detectPrototypePollutionOfBasicObjects","decl":{"start":{"line":214,"column":47},"end":{"line":214,"column":85}},"loc":{"start":{"line":214,"column":88},"end":{"line":228,"column":1}},"line":214},"13":{"name":"detectPrototypePollution","decl":{"start":{"line":243,"column":9},"end":{"line":243,"column":33}},"loc":{"start":{"line":245,"column":32},"end":{"line":280,"column":1}},"line":245},"14":{"name":"protoSnapshotsEqual","decl":{"start":{"line":287,"column":9},"end":{"line":287,"column":28}},"loc":{"start":{"line":287,"column":51},"end":{"line":334,"column":1}},"line":287},"15":{"name":"(anonymous_15)","decl":{"start":{"line":292,"column":36},"end":{"line":292,"column":37}},"loc":{"start":{"line":292,"column":55},"end":{"line":297,"column":9}},"line":292},"16":{"name":"(anonymous_16)","decl":{"start":{"line":294,"column":21},"end":{"line":294,"column":22}},"loc":{"start":{"line":294,"column":38},"end":{"line":294,"column":67}},"line":294},"17":{"name":"(anonymous_17)","decl":{"start":{"line":301,"column":59},"end":{"line":301,"column":60}},"loc":{"start":{"line":301,"column":66},"end":{"line":301,"column":102}},"line":301},"18":{"name":"(anonymous_18)","decl":{"start":{"line":302,"column":59},"end":{"line":302,"column":60}},"loc":{"start":{"line":302,"column":66},"end":{"line":302,"column":102}},"line":302},"19":{"name":"(anonymous_19)","decl":{"start":{"line":304,"column":50},"end":{"line":304,"column":51}},"loc":{"start":{"line":304,"column":60},"end":{"line":304,"column":123}},"line":304},"20":{"name":"(anonymous_20)","decl":{"start":{"line":305,"column":50},"end":{"line":305,"column":51}},"loc":{"start":{"line":305,"column":60},"end":{"line":305,"column":123}},"line":305}},"branchMap":{"0":{"loc":{"start":{"line":50,"column":8},"end":{"line":58,"column":9}},"type":"if","locations":[{"start":{"line":50,"column":8},"end":{"line":58,"column":9}},{"start":{},"end":{}}],"line":50},"1":{"loc":{"start":{"line":80,"column":8},"end":{"line":82,"column":9}},"type":"if","locations":[{"start":{"line":80,"column":8},"end":{"line":82,"column":9}},{"start":{},"end":{}}],"line":80},"2":{"loc":{"start":{"line":86,"column":8},"end":{"line":91,"column":9}},"type":"if","locations":[{"start":{"line":86,"column":8},"end":{"line":91,"column":9}},{"start":{"line":89,"column":13},"end":{"line":91,"column":9}}],"line":86},"3":{"loc":{"start":{"line":89,"column":13},"end":{"line":91,"column":9}},"type":"if","locations":[{"start":{"line":89,"column":13},"end":{"line":91,"column":9}},{"start":{},"end":{}}],"line":89},"4":{"loc":{"start":{"line":89,"column":17},"end":{"line":89,"column":69}},"type":"binary-expr","locations":[{"start":{"line":89,"column":17},"end":{"line":89,"column":54}},{"start":{"line":89,"column":58},"end":{"line":89,"column":69}}],"line":89},"5":{"loc":{"start":{"line":106,"column":16},"end":{"line":109,"column":17}},"type":"if","locations":[{"start":{"line":106,"column":16},"end":{"line":109,"column":17}},{"start":{},"end":{}}],"line":106},"6":{"loc":{"start":{"line":106,"column":20},"end":{"line":107,"column":77}},"type":"binary-expr","locations":[{"start":{"line":106,"column":20},"end":{"line":106,"column":27}},{"start":{"line":107,"column":20},"end":{"line":107,"column":77}}],"line":106},"7":{"loc":{"start":{"line":110,"column":16},"end":{"line":112,"column":17}},"type":"if","locations":[{"start":{"line":110,"column":16},"end":{"line":112,"column":17}},{"start":{},"end":{}}],"line":110},"8":{"loc":{"start":{"line":115,"column":16},"end":{"line":117,"column":17}},"type":"if","locations":[{"start":{"line":115,"column":16},"end":{"line":117,"column":17}},{"start":{},"end":{}}],"line":115},"9":{"loc":{"start":{"line":136,"column":16},"end":{"line":139,"column":17}},"type":"if","locations":[{"start":{"line":136,"column":16},"end":{"line":139,"column":17}},{"start":{},"end":{}}],"line":136},"10":{"loc":{"start":{"line":136,"column":20},"end":{"line":137,"column":77}},"type":"binary-expr","locations":[{"start":{"line":136,"column":20},"end":{"line":136,"column":27}},{"start":{"line":137,"column":20},"end":{"line":137,"column":77}}],"line":136},"11":{"loc":{"start":{"line":140,"column":16},"end":{"line":154,"column":17}},"type":"if","locations":[{"start":{"line":140,"column":16},"end":{"line":154,"column":17}},{"start":{},"end":{}}],"line":140},"12":{"loc":{"start":{"line":141,"column":20},"end":{"line":143,"column":21}},"type":"if","locations":[{"start":{"line":141,"column":20},"end":{"line":143,"column":21}},{"start":{},"end":{}}],"line":141},"13":{"loc":{"start":{"line":146,"column":20},"end":{"line":147,"column":96}},"type":"if","locations":[{"start":{"line":146,"column":20},"end":{"line":147,"column":96}},{"start":{},"end":{}}],"line":146},"14":{"loc":{"start":{"line":218,"column":8},"end":{"line":221,"column":9}},"type":"if","locations":[{"start":{"line":218,"column":8},"end":{"line":221,"column":9}},{"start":{},"end":{}}],"line":218},"15":{"loc":{"start":{"line":223,"column":8},"end":{"line":226,"column":9}},"type":"if","locations":[{"start":{"line":223,"column":8},"end":{"line":226,"column":9}},{"start":{},"end":{}}],"line":223},"16":{"loc":{"start":{"line":245,"column":17},"end":{"line":245,"column":30}},"type":"default-arg","locations":[{"start":{"line":245,"column":26},"end":{"line":245,"column":30}}],"line":245},"17":{"loc":{"start":{"line":246,"column":11},"end":{"line":246,"column":44}},"type":"binary-expr","locations":[{"start":{"line":246,"column":11},"end":{"line":246,"column":28}},{"start":{"line":246,"column":32},"end":{"line":246,"column":44}}],"line":246},"18":{"loc":{"start":{"line":250,"column":12},"end":{"line":272,"column":13}},"type":"if","locations":[{"start":{"line":250,"column":12},"end":{"line":272,"column":13}},{"start":{},"end":{}}],"line":250},"19":{"loc":{"start":{"line":250,"column":16},"end":{"line":259,"column":76}},"type":"binary-expr","locations":[{"start":{"line":250,"column":16},"end":{"line":250,"column":26}},{"start":{"line":251,"column":16},"end":{"line":259,"column":76}}],"line":250},"20":{"loc":{"start":{"line":251,"column":18},"end":{"line":259,"column":75}},"type":"binary-expr","locations":[{"start":{"line":251,"column":18},"end":{"line":251,"column":39}},{"start":{"line":252,"column":20},"end":{"line":252,"column":39}},{"start":{"line":253,"column":20},"end":{"line":253,"column":39}},{"start":{"line":254,"column":20},"end":{"line":254,"column":39}},{"start":{"line":255,"column":20},"end":{"line":255,"column":42}},{"start":{"line":256,"column":20},"end":{"line":256,"column":41}},{"start":{"line":257,"column":20},"end":{"line":257,"column":38}},{"start":{"line":259,"column":20},"end":{"line":259,"column":75}}],"line":251},"21":{"loc":{"start":{"line":261,"column":16},"end":{"line":266,"column":17}},"type":"if","locations":[{"start":{"line":261,"column":16},"end":{"line":266,"column":17}},{"start":{"line":264,"column":21},"end":{"line":266,"column":17}}],"line":261},"22":{"loc":{"start":{"line":267,"column":16},"end":{"line":269,"column":17}},"type":"if","locations":[{"start":{"line":267,"column":16},"end":{"line":269,"column":17}},{"start":{},"end":{}}],"line":267},"23":{"loc":{"start":{"line":288,"column":4},"end":{"line":290,"column":5}},"type":"if","locations":[{"start":{"line":288,"column":4},"end":{"line":290,"column":5}},{"start":{},"end":{}}],"line":288},"24":{"loc":{"start":{"line":291,"column":4},"end":{"line":318,"column":5}},"type":"if","locations":[{"start":{"line":291,"column":4},"end":{"line":318,"column":5}},{"start":{},"end":{}}],"line":291},"25":{"loc":{"start":{"line":307,"column":8},"end":{"line":311,"column":9}},"type":"if","locations":[{"start":{"line":307,"column":8},"end":{"line":311,"column":9}},{"start":{},"end":{}}],"line":307},"26":{"loc":{"start":{"line":312,"column":8},"end":{"line":316,"column":9}},"type":"if","locations":[{"start":{"line":312,"column":8},"end":{"line":316,"column":9}},{"start":{},"end":{}}],"line":312},"27":{"loc":{"start":{"line":321,"column":8},"end":{"line":324,"column":9}},"type":"if","locations":[{"start":{"line":321,"column":8},"end":{"line":324,"column":9}},{"start":{},"end":{}}],"line":321},"28":{"loc":{"start":{"line":328,"column":8},"end":{"line":332,"column":9}},"type":"if","locations":[{"start":{"line":328,"column":8},"end":{"line":332,"column":9}},{"start":{},"end":{}}],"line":328}},"s":{"0":1,"1":1,"2":1,"3":1,"4":1,"5":1,"6":0,"7":0,"8":0,"9":0,"10":0,"11":0,"12":0,"13":0,"14":40,"15":1,"16":1,"17":1,"18":1,"19":0,"20":0,"21":0,"22":0,"23":0,"24":0,"25":0,"26":1,"27":16,"28":16,"29":0,"30":0,"31":0,"32":0,"33":0,"34":0,"35":0,"36":0,"37":24,"38":24,"39":0,"40":0,"41":0,"42":0,"43":0,"44":0,"45":0,"46":0,"47":0,"48":1,"49":1,"50":1,"51":3,"52":18,"53":18,"54":18,"55":18,"56":18,"57":18,"58":333,"59":18,"60":1,"61":2,"62":2,"63":2,"64":12,"65":0,"66":0,"67":12,"68":12,"69":0,"70":0,"71":1,"72":0,"73":0,"74":0,"75":0,"76":0,"77":0,"78":0,"79":0,"80":0,"81":0,"82":0,"83":12,"84":0,"85":12,"86":0,"87":0,"88":0,"89":0,"90":0,"91":0,"92":0,"93":0,"94":0,"95":0,"96":0,"97":0,"98":0,"99":0,"100":0,"101":0,"102":0,"103":0,"104":12,"105":12,"106":234,"107":0,"108":12,"109":12,"110":234,"111":0},"f":{"0":0,"1":0,"2":0,"3":40,"4":1,"5":0,"6":0,"7":16,"8":24,"9":0,"10":3,"11":18,"12":2,"13":0,"14":12,"15":0,"16":0,"17":0,"18":0,"19":0,"20":0},"b":{"0":[0,0],"1":[0,0],"2":[0,0],"3":[0,0],"4":[0,0],"5":[16,0],"6":[16,16],"7":[0,0],"8":[0,0],"9":[24,0],"10":[24,24],"11":[0,0],"12":[0,0],"13":[0,0],"14":[0,12],"15":[0,12],"16":[0],"17":[0,0],"18":[0,0],"19":[0,0],"20":[0,0,0,0,0,0,0,0],"21":[0,0],"22":[0,0],"23":[0,12],"24":[0,12],"25":[0,0],"26":[0,0],"27":[0,234],"28":[0,234]},"_coverageSchema":"1a1c01bbd47fc00a2c39e90264f33305004495a9","hash":"fdde3042699837ab4b1419333771388e16f6b718"}
,"/home/fuzz/dotprop/node_modules/convert-source-map/index.js": {"path":"/home/fuzz/dotprop/node_modules/convert-source-map/index.js","statementMap":{"0":{"start":{"line":3,"column":0},"end":{"line":8,"column":3}},"1":{"start":{"line":6,"column":4},"end":{"line":6,"column":135}},"2":{"start":{"line":11,"column":0},"end":{"line":16,"column":3}},"3":{"start":{"line":14,"column":4},"end":{"line":14,"column":142}},"4":{"start":{"line":19,"column":0},"end":{"line":27,"column":1}},"5":{"start":{"line":20,"column":2},"end":{"line":24,"column":3}},"6":{"start":{"line":21,"column":4},"end":{"line":21,"column":46}},"7":{"start":{"line":23,"column":4},"end":{"line":23,"column":45}},"8":{"start":{"line":26,"column":2},"end":{"line":26,"column":38}},"9":{"start":{"line":30,"column":2},"end":{"line":30,"column":50}},"10":{"start":{"line":34,"column":2},"end":{"line":36,"column":3}},"11":{"start":{"line":35,"column":4},"end":{"line":35,"column":75}},"12":{"start":{"line":37,"column":2},"end":{"line":37,"column":49}},"13":{"start":{"line":41,"column":2},"end":{"line":41,"column":50}},"14":{"start":{"line":45,"column":2},"end":{"line":45,"column":29}},"15":{"start":{"line":49,"column":10},"end":{"line":49,"column":46}},"16":{"start":{"line":51,"column":17},"end":{"line":51,"column":29}},"17":{"start":{"line":53,"column":2},"end":{"line":62,"column":3}},"18":{"start":{"line":54,"column":13},"end":{"line":54,"column":27}},"19":{"start":{"line":55,"column":4},"end":{"line":59,"column":5}},"20":{"start":{"line":56,"column":6},"end":{"line":56,"column":34}},"21":{"start":{"line":58,"column":6},"end":{"line":58,"column":16}},"22":{"start":{"line":61,"column":4},"end":{"line":61,"column":18}},"23":{"start":{"line":65,"column":4},"end":{"line":65,"column":107}},"24":{"start":{"line":70,"column":2},"end":{"line":70,"column":20}},"25":{"start":{"line":72,"column":2},"end":{"line":74,"column":3}},"26":{"start":{"line":73,"column":4},"end":{"line":73,"column":26}},"27":{"start":{"line":76,"column":2},"end":{"line":80,"column":3}},"28":{"start":{"line":77,"column":4},"end":{"line":77,"column":26}},"29":{"start":{"line":78,"column":9},"end":{"line":80,"column":3}},"30":{"start":{"line":79,"column":4},"end":{"line":79,"column":32}},"31":{"start":{"line":82,"column":2},"end":{"line":84,"column":3}},"32":{"start":{"line":83,"column":4},"end":{"line":83,"column":24}},"33":{"start":{"line":86,"column":2},"end":{"line":86,"column":22}},"34":{"start":{"line":89,"column":0},"end":{"line":91,"column":2}},"35":{"start":{"line":90,"column":2},"end":{"line":90,"column":53}},"36":{"start":{"line":93,"column":0},"end":{"line":101,"column":1}},"37":{"start":{"line":94,"column":2},"end":{"line":98,"column":3}},"38":{"start":{"line":95,"column":4},"end":{"line":95,"column":62}},"39":{"start":{"line":97,"column":4},"end":{"line":97,"column":61}},"40":{"start":{"line":100,"column":2},"end":{"line":100,"column":54}},"41":{"start":{"line":104,"column":13},"end":{"line":104,"column":26}},"42":{"start":{"line":105,"column":2},"end":{"line":105,"column":54}},"43":{"start":{"line":109,"column":13},"end":{"line":109,"column":26}},"44":{"start":{"line":110,"column":2},"end":{"line":112,"column":3}},"45":{"start":{"line":111,"column":4},"end":{"line":111,"column":74}},"46":{"start":{"line":113,"column":2},"end":{"line":113,"column":53}},"47":{"start":{"line":117,"column":13},"end":{"line":117,"column":26}},"48":{"start":{"line":118,"column":2},"end":{"line":118,"column":50}},"49":{"start":{"line":121,"column":0},"end":{"line":124,"column":2}},"50":{"start":{"line":122,"column":13},"end":{"line":122,"column":26}},"51":{"start":{"line":123,"column":2},"end":{"line":123,"column":34}},"52":{"start":{"line":126,"column":0},"end":{"line":137,"column":2}},"53":{"start":{"line":128,"column":2},"end":{"line":134,"column":3}},"54":{"start":{"line":129,"column":4},"end":{"line":129,"column":18}},"55":{"start":{"line":130,"column":4},"end":{"line":130,"column":27}},"56":{"start":{"line":132,"column":4},"end":{"line":132,"column":25}},"57":{"start":{"line":133,"column":4},"end":{"line":133,"column":30}},"58":{"start":{"line":135,"column":2},"end":{"line":135,"column":91}},"59":{"start":{"line":136,"column":2},"end":{"line":136,"column":86}},"60":{"start":{"line":140,"column":0},"end":{"line":142,"column":2}},"61":{"start":{"line":141,"column":2},"end":{"line":141,"column":35}},"62":{"start":{"line":144,"column":0},"end":{"line":147,"column":2}},"63":{"start":{"line":145,"column":2},"end":{"line":145,"column":142}},"64":{"start":{"line":145,"column":42},"end":{"line":145,"column":142}},"65":{"start":{"line":146,"column":2},"end":{"line":146,"column":38}},"66":{"start":{"line":149,"column":0},"end":{"line":152,"column":2}},"67":{"start":{"line":150,"column":2},"end":{"line":150,"column":30}},"68":{"start":{"line":151,"column":2},"end":{"line":151,"column":14}},"69":{"start":{"line":154,"column":0},"end":{"line":156,"column":2}},"70":{"start":{"line":155,"column":2},"end":{"line":155,"column":29}},"71":{"start":{"line":158,"column":0},"end":{"line":160,"column":2}},"72":{"start":{"line":159,"column":2},"end":{"line":159,"column":28}},"73":{"start":{"line":162,"column":0},"end":{"line":164,"column":2}},"74":{"start":{"line":163,"column":2},"end":{"line":163,"column":47}},"75":{"start":{"line":166,"column":0},"end":{"line":168,"column":2}},"76":{"start":{"line":167,"column":2},"end":{"line":167,"column":49}},"77":{"start":{"line":170,"column":0},"end":{"line":172,"column":2}},"78":{"start":{"line":171,"column":2},"end":{"line":171,"column":55}},"79":{"start":{"line":174,"column":0},"end":{"line":182,"column":2}},"80":{"start":{"line":176,"column":2},"end":{"line":178,"column":27}},"81":{"start":{"line":179,"column":2},"end":{"line":179,"column":41}},"82":{"start":{"line":180,"column":2},"end":{"line":180,"column":32}},"83":{"start":{"line":181,"column":2},"end":{"line":181,"column":74}},"84":{"start":{"line":185,"column":2},"end":{"line":185,"column":45}},"85":{"start":{"line":188,"column":0},"end":{"line":202,"column":2}},"86":{"start":{"line":189,"column":2},"end":{"line":194,"column":3}},"87":{"start":{"line":190,"column":4},"end":{"line":193,"column":5}},"88":{"start":{"line":196,"column":11},"end":{"line":196,"column":41}},"89":{"start":{"line":197,"column":2},"end":{"line":201,"column":3}},"90":{"start":{"line":198,"column":4},"end":{"line":198,"column":34}},"91":{"start":{"line":200,"column":4},"end":{"line":200,"column":29}},"92":{"start":{"line":205,"column":0},"end":{"line":208,"column":2}},"93":{"start":{"line":206,"column":10},"end":{"line":206,"column":45}},"94":{"start":{"line":207,"column":2},"end":{"line":207,"column":49}},"95":{"start":{"line":211,"column":0},"end":{"line":220,"column":2}},"96":{"start":{"line":212,"column":2},"end":{"line":217,"column":3}},"97":{"start":{"line":213,"column":4},"end":{"line":216,"column":5}},"98":{"start":{"line":218,"column":10},"end":{"line":218,"column":52}},"99":{"start":{"line":219,"column":2},"end":{"line":219,"column":62}},"100":{"start":{"line":222,"column":0},"end":{"line":224,"column":2}},"101":{"start":{"line":223,"column":2},"end":{"line":223,"column":47}},"102":{"start":{"line":226,"column":0},"end":{"line":228,"column":2}},"103":{"start":{"line":227,"column":2},"end":{"line":227,"column":54}},"104":{"start":{"line":230,"column":0},"end":{"line":233,"column":2}},"105":{"start":{"line":231,"column":13},"end":{"line":231,"column":39}},"106":{"start":{"line":232,"column":2},"end":{"line":232,"column":78}}},"fnMap":{"0":{"name":"getCommentRegex","decl":{"start":{"line":4,"column":16},"end":{"line":4,"column":31}},"loc":{"start":{"line":4,"column":35},"end":{"line":7,"column":3}},"line":4},"1":{"name":"getMapFileCommentRegex","decl":{"start":{"line":12,"column":16},"end":{"line":12,"column":38}},"loc":{"start":{"line":12,"column":42},"end":{"line":15,"column":3}},"line":12},"2":{"name":"decodeBase64WithBufferFrom","decl":{"start":{"line":29,"column":9},"end":{"line":29,"column":35}},"loc":{"start":{"line":29,"column":44},"end":{"line":31,"column":1}},"line":29},"3":{"name":"decodeBase64WithNewBuffer","decl":{"start":{"line":33,"column":9},"end":{"line":33,"column":34}},"loc":{"start":{"line":33,"column":43},"end":{"line":38,"column":1}},"line":33},"4":{"name":"decodeBase64WithAtob","decl":{"start":{"line":40,"column":9},"end":{"line":40,"column":29}},"loc":{"start":{"line":40,"column":38},"end":{"line":42,"column":1}},"line":40},"5":{"name":"stripComment","decl":{"start":{"line":44,"column":9},"end":{"line":44,"column":21}},"loc":{"start":{"line":44,"column":26},"end":{"line":46,"column":1}},"line":44},"6":{"name":"readFromFileMap","decl":{"start":{"line":48,"column":9},"end":{"line":48,"column":24}},"loc":{"start":{"line":48,"column":35},"end":{"line":67,"column":1}},"line":48},"7":{"name":"throwError","decl":{"start":{"line":64,"column":11},"end":{"line":64,"column":21}},"loc":{"start":{"line":64,"column":25},"end":{"line":66,"column":3}},"line":64},"8":{"name":"Converter","decl":{"start":{"line":69,"column":9},"end":{"line":69,"column":18}},"loc":{"start":{"line":69,"column":30},"end":{"line":87,"column":1}},"line":69},"9":{"name":"(anonymous_9)","decl":{"start":{"line":89,"column":29},"end":{"line":89,"column":30}},"loc":{"start":{"line":89,"column":46},"end":{"line":91,"column":1}},"line":89},"10":{"name":"encodeBase64WithBufferFrom","decl":{"start":{"line":103,"column":9},"end":{"line":103,"column":35}},"loc":{"start":{"line":103,"column":38},"end":{"line":106,"column":1}},"line":103},"11":{"name":"encodeBase64WithNewBuffer","decl":{"start":{"line":108,"column":9},"end":{"line":108,"column":34}},"loc":{"start":{"line":108,"column":37},"end":{"line":114,"column":1}},"line":108},"12":{"name":"encodeBase64WithBtoa","decl":{"start":{"line":116,"column":9},"end":{"line":116,"column":29}},"loc":{"start":{"line":116,"column":32},"end":{"line":119,"column":1}},"line":116},"13":{"name":"(anonymous_13)","decl":{"start":{"line":121,"column":28},"end":{"line":121,"column":29}},"loc":{"start":{"line":121,"column":40},"end":{"line":124,"column":1}},"line":121},"14":{"name":"(anonymous_14)","decl":{"start":{"line":126,"column":32},"end":{"line":126,"column":33}},"loc":{"start":{"line":126,"column":51},"end":{"line":137,"column":1}},"line":126},"15":{"name":"(anonymous_15)","decl":{"start":{"line":140,"column":31},"end":{"line":140,"column":32}},"loc":{"start":{"line":140,"column":43},"end":{"line":142,"column":1}},"line":140},"16":{"name":"(anonymous_16)","decl":{"start":{"line":144,"column":34},"end":{"line":144,"column":35}},"loc":{"start":{"line":144,"column":56},"end":{"line":147,"column":1}},"line":144},"17":{"name":"(anonymous_17)","decl":{"start":{"line":149,"column":34},"end":{"line":149,"column":35}},"loc":{"start":{"line":149,"column":56},"end":{"line":152,"column":1}},"line":149},"18":{"name":"(anonymous_18)","decl":{"start":{"line":154,"column":34},"end":{"line":154,"column":35}},"loc":{"start":{"line":154,"column":49},"end":{"line":156,"column":1}},"line":154},"19":{"name":"(anonymous_19)","decl":{"start":{"line":158,"column":21},"end":{"line":158,"column":22}},"loc":{"start":{"line":158,"column":36},"end":{"line":160,"column":1}},"line":158},"20":{"name":"(anonymous_20)","decl":{"start":{"line":162,"column":19},"end":{"line":162,"column":20}},"loc":{"start":{"line":162,"column":35},"end":{"line":164,"column":1}},"line":162},"21":{"name":"(anonymous_21)","decl":{"start":{"line":166,"column":18},"end":{"line":166,"column":19}},"loc":{"start":{"line":166,"column":33},"end":{"line":168,"column":1}},"line":166},"22":{"name":"(anonymous_22)","decl":{"start":{"line":170,"column":21},"end":{"line":170,"column":22}},"loc":{"start":{"line":170,"column":39},"end":{"line":172,"column":1}},"line":170},"23":{"name":"(anonymous_23)","decl":{"start":{"line":174,"column":22},"end":{"line":174,"column":23}},"loc":{"start":{"line":174,"column":41},"end":{"line":182,"column":1}},"line":174},"24":{"name":"makeConverter","decl":{"start":{"line":184,"column":9},"end":{"line":184,"column":22}},"loc":{"start":{"line":184,"column":27},"end":{"line":186,"column":1}},"line":184},"25":{"name":"(anonymous_25)","decl":{"start":{"line":188,"column":29},"end":{"line":188,"column":30}},"loc":{"start":{"line":188,"column":54},"end":{"line":202,"column":1}},"line":188},"26":{"name":"(anonymous_26)","decl":{"start":{"line":205,"column":21},"end":{"line":205,"column":22}},"loc":{"start":{"line":205,"column":40},"end":{"line":208,"column":1}},"line":205},"27":{"name":"(anonymous_27)","decl":{"start":{"line":211,"column":28},"end":{"line":211,"column":29}},"loc":{"start":{"line":211,"column":53},"end":{"line":220,"column":1}},"line":211},"28":{"name":"(anonymous_28)","decl":{"start":{"line":222,"column":25},"end":{"line":222,"column":26}},"loc":{"start":{"line":222,"column":40},"end":{"line":224,"column":1}},"line":222},"29":{"name":"(anonymous_29)","decl":{"start":{"line":226,"column":32},"end":{"line":226,"column":33}},"loc":{"start":{"line":226,"column":47},"end":{"line":228,"column":1}},"line":226},"30":{"name":"(anonymous_30)","decl":{"start":{"line":230,"column":33},"end":{"line":230,"column":34}},"loc":{"start":{"line":230,"column":58},"end":{"line":233,"column":1}},"line":230}},"branchMap":{"0":{"loc":{"start":{"line":19,"column":0},"end":{"line":27,"column":1}},"type":"if","locations":[{"start":{"line":19,"column":0},"end":{"line":27,"column":1}},{"start":{"line":25,"column":7},"end":{"line":27,"column":1}}],"line":19},"1":{"loc":{"start":{"line":20,"column":2},"end":{"line":24,"column":3}},"type":"if","locations":[{"start":{"line":20,"column":2},"end":{"line":24,"column":3}},{"start":{"line":22,"column":9},"end":{"line":24,"column":3}}],"line":20},"2":{"loc":{"start":{"line":34,"column":2},"end":{"line":36,"column":3}},"type":"if","locations":[{"start":{"line":34,"column":2},"end":{"line":36,"column":3}},{"start":{},"end":{}}],"line":34},"3":{"loc":{"start":{"line":51,"column":17},"end":{"line":51,"column":29}},"type":"binary-expr","locations":[{"start":{"line":51,"column":17},"end":{"line":51,"column":21}},{"start":{"line":51,"column":25},"end":{"line":51,"column":29}}],"line":51},"4":{"loc":{"start":{"line":55,"column":4},"end":{"line":59,"column":5}},"type":"if","locations":[{"start":{"line":55,"column":4},"end":{"line":59,"column":5}},{"start":{"line":57,"column":11},"end":{"line":59,"column":5}}],"line":55},"5":{"loc":{"start":{"line":55,"column":8},"end":{"line":55,"column":52}},"type":"binary-expr","locations":[{"start":{"line":55,"column":8},"end":{"line":55,"column":18}},{"start":{"line":55,"column":22},"end":{"line":55,"column":52}}],"line":55},"6":{"loc":{"start":{"line":70,"column":9},"end":{"line":70,"column":19}},"type":"binary-expr","locations":[{"start":{"line":70,"column":9},"end":{"line":70,"column":13}},{"start":{"line":70,"column":17},"end":{"line":70,"column":19}}],"line":70},"7":{"loc":{"start":{"line":72,"column":2},"end":{"line":74,"column":3}},"type":"if","locations":[{"start":{"line":72,"column":2},"end":{"line":74,"column":3}},{"start":{},"end":{}}],"line":72},"8":{"loc":{"start":{"line":76,"column":2},"end":{"line":80,"column":3}},"type":"if","locations":[{"start":{"line":76,"column":2},"end":{"line":80,"column":3}},{"start":{"line":78,"column":9},"end":{"line":80,"column":3}}],"line":76},"9":{"loc":{"start":{"line":78,"column":9},"end":{"line":80,"column":3}},"type":"if","locations":[{"start":{"line":78,"column":9},"end":{"line":80,"column":3}},{"start":{},"end":{}}],"line":78},"10":{"loc":{"start":{"line":82,"column":2},"end":{"line":84,"column":3}},"type":"if","locations":[{"start":{"line":82,"column":2},"end":{"line":84,"column":3}},{"start":{},"end":{}}],"line":82},"11":{"loc":{"start":{"line":82,"column":6},"end":{"line":82,"column":34}},"type":"binary-expr","locations":[{"start":{"line":82,"column":6},"end":{"line":82,"column":17}},{"start":{"line":82,"column":21},"end":{"line":82,"column":34}}],"line":82},"12":{"loc":{"start":{"line":93,"column":0},"end":{"line":101,"column":1}},"type":"if","locations":[{"start":{"line":93,"column":0},"end":{"line":101,"column":1}},{"start":{"line":99,"column":7},"end":{"line":101,"column":1}}],"line":93},"13":{"loc":{"start":{"line":94,"column":2},"end":{"line":98,"column":3}},"type":"if","locations":[{"start":{"line":94,"column":2},"end":{"line":98,"column":3}},{"start":{"line":96,"column":9},"end":{"line":98,"column":3}}],"line":94},"14":{"loc":{"start":{"line":110,"column":2},"end":{"line":112,"column":3}},"type":"if","locations":[{"start":{"line":110,"column":2},"end":{"line":112,"column":3}},{"start":{},"end":{}}],"line":110},"15":{"loc":{"start":{"line":128,"column":2},"end":{"line":134,"column":3}},"type":"if","locations":[{"start":{"line":128,"column":2},"end":{"line":134,"column":3}},{"start":{"line":131,"column":9},"end":{"line":134,"column":3}}],"line":128},"16":{"loc":{"start":{"line":128,"column":6},"end":{"line":128,"column":51}},"type":"binary-expr","locations":[{"start":{"line":128,"column":6},"end":{"line":128,"column":21}},{"start":{"line":128,"column":25},"end":{"line":128,"column":51}}],"line":128},"17":{"loc":{"start":{"line":136,"column":9},"end":{"line":136,"column":85}},"type":"cond-expr","locations":[{"start":{"line":136,"column":48},"end":{"line":136,"column":69}},{"start":{"line":136,"column":72},"end":{"line":136,"column":85}}],"line":136},"18":{"loc":{"start":{"line":136,"column":9},"end":{"line":136,"column":45}},"type":"binary-expr","locations":[{"start":{"line":136,"column":9},"end":{"line":136,"column":24}},{"start":{"line":136,"column":28},"end":{"line":136,"column":45}}],"line":136},"19":{"loc":{"start":{"line":145,"column":2},"end":{"line":145,"column":142}},"type":"if","locations":[{"start":{"line":145,"column":2},"end":{"line":145,"column":142}},{"start":{},"end":{}}],"line":145},"20":{"loc":{"start":{"line":180,"column":13},"end":{"line":180,"column":31}},"type":"binary-expr","locations":[{"start":{"line":180,"column":13},"end":{"line":180,"column":14}},{"start":{"line":180,"column":18},"end":{"line":180,"column":22}},{"start":{"line":180,"column":26},"end":{"line":180,"column":31}}],"line":180},"21":{"loc":{"start":{"line":189,"column":2},"end":{"line":194,"column":3}},"type":"if","locations":[{"start":{"line":189,"column":2},"end":{"line":194,"column":3}},{"start":{},"end":{}}],"line":189},"22":{"loc":{"start":{"line":197,"column":2},"end":{"line":201,"column":3}},"type":"if","locations":[{"start":{"line":197,"column":2},"end":{"line":201,"column":3}},{"start":{"line":199,"column":9},"end":{"line":201,"column":3}}],"line":197},"23":{"loc":{"start":{"line":197,"column":6},"end":{"line":197,"column":49}},"type":"binary-expr","locations":[{"start":{"line":197,"column":6},"end":{"line":197,"column":16}},{"start":{"line":197,"column":20},"end":{"line":197,"column":49}}],"line":197},"24":{"loc":{"start":{"line":207,"column":9},"end":{"line":207,"column":48}},"type":"cond-expr","locations":[{"start":{"line":207,"column":13},"end":{"line":207,"column":41}},{"start":{"line":207,"column":44},"end":{"line":207,"column":48}}],"line":207},"25":{"loc":{"start":{"line":212,"column":2},"end":{"line":217,"column":3}},"type":"if","locations":[{"start":{"line":212,"column":2},"end":{"line":217,"column":3}},{"start":{},"end":{}}],"line":212},"26":{"loc":{"start":{"line":219,"column":9},"end":{"line":219,"column":61}},"type":"cond-expr","locations":[{"start":{"line":219,"column":13},"end":{"line":219,"column":54}},{"start":{"line":219,"column":57},"end":{"line":219,"column":61}}],"line":219},"27":{"loc":{"start":{"line":232,"column":9},"end":{"line":232,"column":77}},"type":"cond-expr","locations":[{"start":{"line":232,"column":40},"end":{"line":232,"column":61}},{"start":{"line":232,"column":64},"end":{"line":232,"column":77}}],"line":232},"28":{"loc":{"start":{"line":232,"column":9},"end":{"line":232,"column":37}},"type":"binary-expr","locations":[{"start":{"line":232,"column":9},"end":{"line":232,"column":16}},{"start":{"line":232,"column":20},"end":{"line":232,"column":37}}],"line":232}},"s":{"0":1,"1":0,"2":1,"3":0,"4":1,"5":1,"6":1,"7":0,"8":0,"9":0,"10":0,"11":0,"12":0,"13":0,"14":0,"15":0,"16":0,"17":0,"18":0,"19":0,"20":0,"21":0,"22":0,"23":0,"24":4,"25":4,"26":0,"27":4,"28":0,"29":4,"30":0,"31":4,"32":4,"33":4,"34":1,"35":4,"36":1,"37":1,"38":1,"39":0,"40":0,"41":0,"42":0,"43":0,"44":0,"45":0,"46":0,"47":0,"48":0,"49":1,"50":0,"51":0,"52":1,"53":0,"54":0,"55":0,"56":0,"57":0,"58":0,"59":0,"60":1,"61":4,"62":1,"63":0,"64":0,"65":0,"66":1,"67":0,"68":0,"69":1,"70":0,"71":1,"72":0,"73":1,"74":4,"75":1,"76":0,"77":1,"78":0,"79":1,"80":0,"81":0,"82":0,"83":0,"84":0,"85":1,"86":0,"87":0,"88":0,"89":0,"90":0,"91":0,"92":1,"93":0,"94":0,"95":1,"96":0,"97":0,"98":0,"99":0,"100":1,"101":0,"102":1,"103":0,"104":1,"105":0,"106":0},"f":{"0":0,"1":0,"2":0,"3":0,"4":0,"5":0,"6":0,"7":0,"8":4,"9":4,"10":0,"11":0,"12":0,"13":0,"14":0,"15":4,"16":0,"17":0,"18":0,"19":0,"20":4,"21":0,"22":0,"23":0,"24":0,"25":0,"26":0,"27":0,"28":0,"29":0,"30":0},"b":{"0":[1,0],"1":[1,0],"2":[0,0],"3":[0,0],"4":[0,0],"5":[0,0],"6":[4,0],"7":[0,4],"8":[0,4],"9":[0,4],"10":[4,0],"11":[4,0],"12":[1,0],"13":[1,0],"14":[0,0],"15":[0,0],"16":[0,0],"17":[0,0],"18":[0,0],"19":[0,0],"20":[0,0,0],"21":[0,0],"22":[0,0],"23":[0,0],"24":[0,0],"25":[0,0],"26":[0,0],"27":[0,0],"28":[0,0]},"_coverageSchema":"1a1c01bbd47fc00a2c39e90264f33305004495a9","hash":"4d830ce76fd15c8eaa269fadf2dff32c72234803"}
,"/home/fuzz/dotprop/node_modules/dot-prop/index.js": {"path":"/home/fuzz/dotprop/node_modules/dot-prop/index.js","statementMap":{"0":{"start":{"line":2,"column":14},"end":{"line":2,"column":31}},"1":{"start":{"line":5,"column":17},"end":{"line":5,"column":32}},"2":{"start":{"line":6,"column":15},"end":{"line":6,"column":17}},"3":{"start":{"line":8,"column":1},"end":{"line":17,"column":2}},"4":{"start":{"line":8,"column":14},"end":{"line":8,"column":15}},"5":{"start":{"line":9,"column":10},"end":{"line":9,"column":20}},"6":{"start":{"line":11,"column":2},"end":{"line":14,"column":3}},"7":{"start":{"line":12,"column":3},"end":{"line":12,"column":28}},"8":{"start":{"line":13,"column":3},"end":{"line":13,"column":21}},"9":{"start":{"line":16,"column":2},"end":{"line":16,"column":16}},"10":{"start":{"line":19,"column":1},"end":{"line":19,"column":14}},"11":{"start":{"line":22,"column":0},"end":{"line":123,"column":2}},"12":{"start":{"line":24,"column":2},"end":{"line":26,"column":3}},"13":{"start":{"line":25,"column":3},"end":{"line":25,"column":44}},"14":{"start":{"line":28,"column":18},"end":{"line":28,"column":39}},"15":{"start":{"line":30,"column":2},"end":{"line":49,"column":3}},"16":{"start":{"line":30,"column":15},"end":{"line":30,"column":16}},"17":{"start":{"line":31,"column":3},"end":{"line":33,"column":4}},"18":{"start":{"line":32,"column":4},"end":{"line":32,"column":17}},"19":{"start":{"line":35,"column":3},"end":{"line":35,"column":25}},"20":{"start":{"line":37,"column":3},"end":{"line":48,"column":4}},"21":{"start":{"line":43,"column":4},"end":{"line":45,"column":5}},"22":{"start":{"line":44,"column":5},"end":{"line":44,"column":18}},"23":{"start":{"line":47,"column":4},"end":{"line":47,"column":10}},"24":{"start":{"line":51,"column":2},"end":{"line":51,"column":13}},"25":{"start":{"line":55,"column":2},"end":{"line":57,"column":3}},"26":{"start":{"line":56,"column":3},"end":{"line":56,"column":14}},"27":{"start":{"line":59,"column":15},"end":{"line":59,"column":18}},"28":{"start":{"line":60,"column":18},"end":{"line":60,"column":39}},"29":{"start":{"line":62,"column":2},"end":{"line":74,"column":3}},"30":{"start":{"line":62,"column":15},"end":{"line":62,"column":16}},"31":{"start":{"line":63,"column":13},"end":{"line":63,"column":23}},"32":{"start":{"line":65,"column":3},"end":{"line":67,"column":4}},"33":{"start":{"line":66,"column":4},"end":{"line":66,"column":16}},"34":{"start":{"line":69,"column":3},"end":{"line":71,"column":4}},"35":{"start":{"line":70,"column":4},"end":{"line":70,"column":19}},"36":{"start":{"line":73,"column":3},"end":{"line":73,"column":16}},"37":{"start":{"line":76,"column":2},"end":{"line":76,"column":14}},"38":{"start":{"line":80,"column":2},"end":{"line":82,"column":3}},"39":{"start":{"line":81,"column":3},"end":{"line":81,"column":10}},"40":{"start":{"line":84,"column":18},"end":{"line":84,"column":39}},"41":{"start":{"line":86,"column":2},"end":{"line":99,"column":3}},"42":{"start":{"line":86,"column":15},"end":{"line":86,"column":16}},"43":{"start":{"line":87,"column":13},"end":{"line":87,"column":23}},"44":{"start":{"line":89,"column":3},"end":{"line":92,"column":4}},"45":{"start":{"line":90,"column":4},"end":{"line":90,"column":18}},"46":{"start":{"line":91,"column":4},"end":{"line":91,"column":11}},"47":{"start":{"line":94,"column":3},"end":{"line":94,"column":16}},"48":{"start":{"line":96,"column":3},"end":{"line":98,"column":4}},"49":{"start":{"line":97,"column":4},"end":{"line":97,"column":11}},"50":{"start":{"line":103,"column":2},"end":{"line":105,"column":3}},"51":{"start":{"line":104,"column":3},"end":{"line":104,"column":16}},"52":{"start":{"line":107,"column":18},"end":{"line":107,"column":39}},"53":{"start":{"line":109,"column":2},"end":{"line":119,"column":3}},"54":{"start":{"line":109,"column":15},"end":{"line":109,"column":16}},"55":{"start":{"line":110,"column":3},"end":{"line":118,"column":4}},"56":{"start":{"line":111,"column":4},"end":{"line":113,"column":5}},"57":{"start":{"line":112,"column":5},"end":{"line":112,"column":18}},"58":{"start":{"line":115,"column":4},"end":{"line":115,"column":26}},"59":{"start":{"line":117,"column":4},"end":{"line":117,"column":17}},"60":{"start":{"line":121,"column":2},"end":{"line":121,"column":14}}},"fnMap":{"0":{"name":"getPathSegments","decl":{"start":{"line":4,"column":9},"end":{"line":4,"column":24}},"loc":{"start":{"line":4,"column":31},"end":{"line":20,"column":1}},"line":4},"1":{"name":"(anonymous_1)","decl":{"start":{"line":23,"column":1},"end":{"line":23,"column":2}},"loc":{"start":{"line":23,"column":23},"end":{"line":52,"column":2}},"line":23},"2":{"name":"(anonymous_2)","decl":{"start":{"line":54,"column":1},"end":{"line":54,"column":2}},"loc":{"start":{"line":54,"column":23},"end":{"line":77,"column":2}},"line":54},"3":{"name":"(anonymous_3)","decl":{"start":{"line":79,"column":1},"end":{"line":79,"column":2}},"loc":{"start":{"line":79,"column":19},"end":{"line":100,"column":2}},"line":79},"4":{"name":"(anonymous_4)","decl":{"start":{"line":102,"column":1},"end":{"line":102,"column":2}},"loc":{"start":{"line":102,"column":16},"end":{"line":122,"column":2}},"line":102}},"branchMap":{"0":{"loc":{"start":{"line":11,"column":9},"end":{"line":11,"column":65}},"type":"binary-expr","locations":[{"start":{"line":11,"column":9},"end":{"line":11,"column":33}},{"start":{"line":11,"column":37},"end":{"line":11,"column":65}}],"line":11},"1":{"loc":{"start":{"line":24,"column":2},"end":{"line":26,"column":3}},"type":"if","locations":[{"start":{"line":24,"column":2},"end":{"line":26,"column":3}},{"start":{},"end":{}}],"line":24},"2":{"loc":{"start":{"line":24,"column":6},"end":{"line":24,"column":45}},"type":"binary-expr","locations":[{"start":{"line":24,"column":6},"end":{"line":24,"column":17}},{"start":{"line":24,"column":21},"end":{"line":24,"column":45}}],"line":24},"3":{"loc":{"start":{"line":25,"column":10},"end":{"line":25,"column":43}},"type":"cond-expr","locations":[{"start":{"line":25,"column":32},"end":{"line":25,"column":35}},{"start":{"line":25,"column":38},"end":{"line":25,"column":43}}],"line":25},"4":{"loc":{"start":{"line":31,"column":3},"end":{"line":33,"column":4}},"type":"if","locations":[{"start":{"line":31,"column":3},"end":{"line":33,"column":4}},{"start":{},"end":{}}],"line":31},"5":{"loc":{"start":{"line":37,"column":3},"end":{"line":48,"column":4}},"type":"if","locations":[{"start":{"line":37,"column":3},"end":{"line":48,"column":4}},{"start":{},"end":{}}],"line":37},"6":{"loc":{"start":{"line":37,"column":7},"end":{"line":37,"column":40}},"type":"binary-expr","locations":[{"start":{"line":37,"column":7},"end":{"line":37,"column":24}},{"start":{"line":37,"column":28},"end":{"line":37,"column":40}}],"line":37},"7":{"loc":{"start":{"line":43,"column":4},"end":{"line":45,"column":5}},"type":"if","locations":[{"start":{"line":43,"column":4},"end":{"line":45,"column":5}},{"start":{},"end":{}}],"line":43},"8":{"loc":{"start":{"line":55,"column":2},"end":{"line":57,"column":3}},"type":"if","locations":[{"start":{"line":55,"column":2},"end":{"line":57,"column":3}},{"start":{},"end":{}}],"line":55},"9":{"loc":{"start":{"line":55,"column":6},"end":{"line":55,"column":45}},"type":"binary-expr","locations":[{"start":{"line":55,"column":6},"end":{"line":55,"column":17}},{"start":{"line":55,"column":21},"end":{"line":55,"column":45}}],"line":55},"10":{"loc":{"start":{"line":65,"column":3},"end":{"line":67,"column":4}},"type":"if","locations":[{"start":{"line":65,"column":3},"end":{"line":67,"column":4}},{"start":{},"end":{}}],"line":65},"11":{"loc":{"start":{"line":69,"column":3},"end":{"line":71,"column":4}},"type":"if","locations":[{"start":{"line":69,"column":3},"end":{"line":71,"column":4}},{"start":{},"end":{}}],"line":69},"12":{"loc":{"start":{"line":80,"column":2},"end":{"line":82,"column":3}},"type":"if","locations":[{"start":{"line":80,"column":2},"end":{"line":82,"column":3}},{"start":{},"end":{}}],"line":80},"13":{"loc":{"start":{"line":80,"column":6},"end":{"line":80,"column":45}},"type":"binary-expr","locations":[{"start":{"line":80,"column":6},"end":{"line":80,"column":17}},{"start":{"line":80,"column":21},"end":{"line":80,"column":45}}],"line":80},"14":{"loc":{"start":{"line":89,"column":3},"end":{"line":92,"column":4}},"type":"if","locations":[{"start":{"line":89,"column":3},"end":{"line":92,"column":4}},{"start":{},"end":{}}],"line":89},"15":{"loc":{"start":{"line":96,"column":3},"end":{"line":98,"column":4}},"type":"if","locations":[{"start":{"line":96,"column":3},"end":{"line":98,"column":4}},{"start":{},"end":{}}],"line":96},"16":{"loc":{"start":{"line":103,"column":2},"end":{"line":105,"column":3}},"type":"if","locations":[{"start":{"line":103,"column":2},"end":{"line":105,"column":3}},{"start":{},"end":{}}],"line":103},"17":{"loc":{"start":{"line":103,"column":6},"end":{"line":103,"column":45}},"type":"binary-expr","locations":[{"start":{"line":103,"column":6},"end":{"line":103,"column":17}},{"start":{"line":103,"column":21},"end":{"line":103,"column":45}}],"line":103},"18":{"loc":{"start":{"line":110,"column":3},"end":{"line":118,"column":4}},"type":"if","locations":[{"start":{"line":110,"column":3},"end":{"line":118,"column":4}},{"start":{"line":116,"column":10},"end":{"line":118,"column":4}}],"line":110},"19":{"loc":{"start":{"line":111,"column":4},"end":{"line":113,"column":5}},"type":"if","locations":[{"start":{"line":111,"column":4},"end":{"line":113,"column":5}},{"start":{},"end":{}}],"line":111}},"s":{"0":1,"1":2,"2":2,"3":2,"4":2,"5":3,"6":3,"7":0,"8":0,"9":3,"10":2,"11":1,"12":0,"13":0,"14":0,"15":0,"16":0,"17":0,"18":0,"19":0,"20":0,"21":0,"22":0,"23":0,"24":0,"25":2,"26":0,"27":2,"28":2,"29":2,"30":2,"31":3,"32":3,"33":1,"34":3,"35":2,"36":2,"37":1,"38":0,"39":0,"40":0,"41":0,"42":0,"43":0,"44":0,"45":0,"46":0,"47":0,"48":0,"49":0,"50":0,"51":0,"52":0,"53":0,"54":0,"55":0,"56":0,"57":0,"58":0,"59":0,"60":0},"f":{"0":2,"1":0,"2":2,"3":0,"4":0},"b":{"0":[3,0],"1":[0,0],"2":[0,0],"3":[0,0],"4":[0,0],"5":[0,0],"6":[0,0],"7":[0,0],"8":[0,2],"9":[2,2],"10":[1,2],"11":[2,1],"12":[0,0],"13":[0,0],"14":[0,0],"15":[0,0],"16":[0,0],"17":[0,0],"18":[0,0],"19":[0,0]},"_coverageSchema":"1a1c01bbd47fc00a2c39e90264f33305004495a9","hash":"c56be88fc9ac34732754f12d13fd3ea6b60b72e8"}
,"/home/fuzz/dotprop/node_modules/is-obj/index.js": {"path":"/home/fuzz/dotprop/node_modules/is-obj/index.js","statementMap":{"0":{"start":{"line":2,"column":0},"end":{"line":5,"column":2}},"1":{"start":{"line":3,"column":12},"end":{"line":3,"column":20}},"2":{"start":{"line":4,"column":1},"end":{"line":4,"column":65}}},"fnMap":{"0":{"name":"(anonymous_0)","decl":{"start":{"line":2,"column":17},"end":{"line":2,"column":18}},"loc":{"start":{"line":2,"column":30},"end":{"line":5,"column":1}},"line":2}},"branchMap":{"0":{"loc":{"start":{"line":4,"column":8},"end":{"line":4,"column":64}},"type":"binary-expr","locations":[{"start":{"line":4,"column":8},"end":{"line":4,"column":18}},{"start":{"line":4,"column":23},"end":{"line":4,"column":40}},{"start":{"line":4,"column":44},"end":{"line":4,"column":63}}],"line":4}},"s":{"0":1,"1":5,"2":5},"f":{"0":5},"b":{"0":[5,5,2]},"_coverageSchema":"1a1c01bbd47fc00a2c39e90264f33305004495a9","hash":"344eca2fcb5cd7e484b2dd2675e34f6833c15501"}
}
