TN:
SF:fuzz.js
FN:14,(anonymous_0)
FNF:1
FNH:1
FNDA:2,(anonymous_0)
DA:1,1
DA:3,1
DA:14,1
DA:15,2
DA:17,2
LF:5
LH:5
BRF:0
BRH:0
end_of_record
TN:
SF:node_modules/@jazzer.js/bug-detectors/dist/configuration.js
FN:20,getBugDetectorConfiguration
FN:28,(anonymous_1)
FN:32,(anonymous_2)
FNF:3
FNH:1
FNDA:0,getBugDetectorConfiguration
FNDA:1,(anonymous_1)
FNDA:0,(anonymous_2)
DA:17,1
DA:18,1
DA:21,0
DA:23,1
DA:26,1
DA:29,1
DA:33,0
DA:36,1
LF:8
LH:6
BRF:0
BRH:0
end_of_record
TN:
SF:node_modules/@jazzer.js/bug-detectors/dist/internal/command-injection.js
FN:37,(anonymous_0)
FNF:1
FNH:0
FNDA:0,(anonymous_0)
DA:17,1
DA:18,1
DA:19,1
DA:25,1
DA:26,1
DA:27,1
DA:36,1
DA:37,7
DA:38,0
DA:39,0
DA:45,0
DA:46,0
DA:47,0
DA:49,0
DA:51,7
LF:15
LH:9
BRDA:38,0,0,0
BRDA:38,0,1,0
BRDA:38,1,0,0
BRDA:38,1,1,0
BRDA:46,2,0,0
BRDA:46,2,1,0
BRF:6
BRH:0
end_of_record
TN:
SF:node_modules/@jazzer.js/bug-detectors/dist/internal/path-traversal.js
FN:123,(anonymous_0)
FN:162,(anonymous_1)
FN:163,(anonymous_2)
FNF:3
FNH:2
FNDA:2025,(anonymous_0)
FNDA:15,(anonymous_1)
FNDA:0,(anonymous_2)
DA:17,1
DA:18,1
DA:19,1
DA:25,1
DA:26,1
DA:121,1
DA:122,3
DA:123,80
DA:124,2019
DA:125,0
DA:129,2019
DA:130,2019
DA:131,0
DA:133,2019
DA:135,80
DA:139,1
DA:160,1
DA:161,2
DA:162,15
DA:163,15
DA:164,0
DA:165,0
DA:168,0
DA:169,0
DA:170,0
DA:171,0
DA:174,0
DA:177,0
DA:180,15
LF:29
LH:19
BRDA:124,0,0,0
BRDA:124,0,1,2025
BRDA:124,1,0,2025
BRDA:124,1,1,2025
BRDA:130,2,0,0
BRDA:130,2,1,2025
BRDA:164,3,0,0
BRDA:164,3,1,0
BRDA:164,4,0,0
BRDA:164,4,1,0
BRDA:170,5,0,0
BRDA:170,5,1,0
BRDA:170,6,0,0
BRDA:170,6,1,0
BRF:14
BRH:4
end_of_record
TN:
SF:node_modules/@jazzer.js/bug-detectors/dist/internal/prototype-pollution.js
FN:30,(anonymous_0)
FN:49,(anonymous_1)
FN:62,(anonymous_2)
FN:65,(anonymous_3)
FN:78,(anonymous_4)
FN:79,getIdentifierFromAssignmentExpression
FN:85,skipMemberExpressions
FN:105,(anonymous_7)
FN:135,(anonymous_8)
FN:167,(anonymous_9)
FN:183,computeBasicPrototypeSnapshots
FN:195,getProtoSnapshot
FN:214,detectPrototypePollutionOfBasicObjects
FN:243,detectPrototypePollution
FN:287,protoSnapshotsEqual
FN:292,(anonymous_15)
FN:294,(anonymous_16)
FN:301,(anonymous_17)
FN:302,(anonymous_18)
FN:304,(anonymous_19)
FN:305,(anonymous_20)
FNF:21
FNH:8
FNDA:0,(anonymous_0)
FNDA:0,(anonymous_1)
FNDA:0,(anonymous_2)
FNDA:356,(anonymous_3)
FNDA:1,(anonymous_4)
FNDA:0,getIdentifierFromAssignmentExpression
FNDA:0,skipMemberExpressions
FNDA:139,(anonymous_7)
FNDA:217,(anonymous_8)
FNDA:0,(anonymous_9)
FNDA:3,computeBasicPrototypeSnapshots
FNDA:18,getProtoSnapshot
FNDA:2,detectPrototypePollutionOfBasicObjects
FNDA:0,detectPrototypePollution
FNDA:12,protoSnapshotsEqual
FNDA:0,(anonymous_15)
FNDA:0,(anonymous_16)
FNDA:0,(anonymous_17)
FNDA:0,(anonymous_18)
FNDA:0,(anonymous_19)
FNDA:0,(anonymous_20)
DA:17,1
DA:18,1
DA:19,1
DA:20,1
DA:23,1
DA:24,1
DA:31,0
DA:32,0
DA:50,0
DA:51,0
DA:57,0
DA:59,0
DA:60,0
DA:63,0
DA:66,356
DA:69,1
DA:71,1
DA:73,1
DA:78,1
DA:80,0
DA:81,0
DA:83,0
DA:86,0
DA:87,0
DA:89,0
DA:90,0
DA:93,1
DA:106,139
DA:108,139
DA:110,0
DA:111,0
DA:114,0
DA:115,0
DA:116,0
DA:119,0
DA:121,0
DA:122,0
DA:136,217
DA:138,217
DA:140,0
DA:141,0
DA:142,0
DA:144,0
DA:145,0
DA:146,0
DA:147,0
DA:148,0
DA:153,0
DA:161,1
DA:172,1
DA:182,1
DA:184,3
DA:196,18
DA:197,18
DA:199,18
DA:200,18
DA:201,18
DA:202,333
DA:208,18
DA:214,1
DA:215,2
DA:217,2
DA:218,12
DA:219,0
DA:220,0
DA:222,12
DA:223,12
DA:224,0
DA:225,0
DA:236,1
DA:246,0
DA:247,0
DA:249,0
DA:250,0
DA:261,0
DA:262,0
DA:265,0
DA:267,0
DA:268,0
DA:271,0
DA:278,0
DA:288,12
DA:289,0
DA:291,12
DA:292,0
DA:293,0
DA:294,0
DA:296,0
DA:301,0
DA:302,0
DA:304,0
DA:305,0
DA:306,0
DA:307,0
DA:308,0
DA:312,0
DA:313,0
DA:317,0
DA:320,12
DA:321,234
DA:323,0
DA:327,12
DA:328,234
DA:330,0
LF:104
LH:40
BRDA:50,0,0,0
BRDA:50,0,1,0
BRDA:80,1,0,0
BRDA:80,1,1,0
BRDA:86,2,0,0
BRDA:86,2,1,0
BRDA:89,3,0,0
BRDA:89,3,1,0
BRDA:89,4,0,0
BRDA:89,4,1,0
BRDA:106,5,0,139
BRDA:106,5,1,0
BRDA:106,6,0,139
BRDA:106,6,1,139
BRDA:110,7,0,0
BRDA:110,7,1,0
BRDA:115,8,0,0
BRDA:115,8,1,0
BRDA:136,9,0,217
BRDA:136,9,1,0
BRDA:136,10,0,217
BRDA:136,10,1,217
BRDA:140,11,0,0
BRDA:140,11,1,0
BRDA:141,12,0,0
BRDA:141,12,1,0
BRDA:146,13,0,0
BRDA:146,13,1,0
BRDA:218,14,0,0
BRDA:218,14,1,12
BRDA:223,15,0,0
BRDA:223,15,1,12
BRDA:245,16,0,0
BRDA:246,17,0,0
BRDA:246,17,1,0
BRDA:250,18,0,0
BRDA:250,18,1,0
BRDA:250,19,0,0
BRDA:250,19,1,0
BRDA:251,20,0,0
BRDA:251,20,1,0
BRDA:251,20,2,0
BRDA:251,20,3,0
BRDA:251,20,4,0
BRDA:251,20,5,0
BRDA:251,20,6,0
BRDA:251,20,7,0
BRDA:261,21,0,0
BRDA:261,21,1,0
BRDA:267,22,0,0
BRDA:267,22,1,0
BRDA:288,23,0,0
BRDA:288,23,1,12
BRDA:291,24,0,0
BRDA:291,24,1,12
BRDA:307,25,0,0
BRDA:307,25,1,0
BRDA:312,26,0,0
BRDA:312,26,1,0
BRDA:321,27,0,0
BRDA:321,27,1,234
BRDA:328,28,0,0
BRDA:328,28,1,234
BRF:63
BRH:12
end_of_record
TN:
SF:node_modules/convert-source-map/index.js
FN:4,getCommentRegex
FN:12,getMapFileCommentRegex
FN:29,decodeBase64WithBufferFrom
FN:33,decodeBase64WithNewBuffer
FN:40,decodeBase64WithAtob
FN:44,stripComment
FN:48,readFromFileMap
FN:64,throwError
FN:69,Converter
FN:89,(anonymous_9)
FN:103,encodeBase64WithBufferFrom
FN:108,encodeBase64WithNewBuffer
FN:116,encodeBase64WithBtoa
FN:121,(anonymous_13)
FN:126,(anonymous_14)
FN:140,(anonymous_15)
FN:144,(anonymous_16)
FN:149,(anonymous_17)
FN:154,(anonymous_18)
FN:158,(anonymous_19)
FN:162,(anonymous_20)
FN:166,(anonymous_21)
FN:170,(anonymous_22)
FN:174,(anonymous_23)
FN:184,makeConverter
FN:188,(anonymous_25)
FN:205,(anonymous_26)
FN:211,(anonymous_27)
FN:222,(anonymous_28)
FN:226,(anonymous_29)
FN:230,(anonymous_30)
FNF:31
FNH:4
FNDA:0,getCommentRegex
FNDA:0,getMapFileCommentRegex
FNDA:0,decodeBase64WithBufferFrom
FNDA:0,decodeBase64WithNewBuffer
FNDA:0,decodeBase64WithAtob
FNDA:0,stripComment
FNDA:0,readFromFileMap
FNDA:0,throwError
FNDA:4,Converter
FNDA:4,(anonymous_9)
FNDA:0,encodeBase64WithBufferFrom
FNDA:0,encodeBase64WithNewBuffer
FNDA:0,encodeBase64WithBtoa
FNDA:0,(anonymous_13)
FNDA:0,(anonymous_14)
FNDA:4,(anonymous_15)
FNDA:0,(anonymous_16)
FNDA:0,(anonymous_17)
FNDA:0,(anonymous_18)
FNDA:0,(anonymous_19)
FNDA:4,(anonymous_20)
FNDA:0,(anonymous_21)
FNDA:0,(anonymous_22)
FNDA:0,(anonymous_23)
FNDA:0,makeConverter
FNDA:0,(anonymous_25)
FNDA:0,(anonymous_26)
FNDA:0,(anonymous_27)
FNDA:0,(anonymous_28)
FNDA:0,(anonymous_29)
FNDA:0,(anonymous_30)
DA:3,1
DA:6,0
DA:11,1
DA:14,0
DA:19,1
DA:20,1
DA:21,1
DA:23,0
DA:26,0
DA:30,0
DA:34,0
DA:35,0
DA:37,0
DA:41,0
DA:45,0
DA:49,0
DA:51,0
DA:53,0
DA:54,0
DA:55,0
DA:56,0
DA:58,0
DA:61,0
DA:65,0
DA:70,4
DA:72,4
DA:73,0
DA:76,4
DA:77,0
DA:78,4
DA:79,0
DA:82,4
DA:83,4
DA:86,4
DA:89,1
DA:90,4
DA:93,1
DA:94,1
DA:95,1
DA:97,0
DA:100,0
DA:104,0
DA:105,0
DA:109,0
DA:110,0
DA:111,0
DA:113,0
DA:117,0
DA:118,0
DA:121,1
DA:122,0
DA:123,0
DA:126,1
DA:128,0
DA:129,0
DA:130,0
DA:132,0
DA:133,0
DA:135,0
DA:136,0
DA:140,1
DA:141,4
DA:144,1
DA:145,0
DA:146,0
DA:149,1
DA:150,0
DA:151,0
DA:154,1
DA:155,0
DA:158,1
DA:159,0
DA:162,1
DA:163,4
DA:166,1
DA:167,0
DA:170,1
DA:171,0
DA:174,1
DA:176,0
DA:179,0
DA:180,0
DA:181,0
DA:185,0
DA:188,1
DA:189,0
DA:190,0
DA:196,0
DA:197,0
DA:198,0
DA:200,0
DA:205,1
DA:206,0
DA:207,0
DA:211,1
DA:212,0
DA:213,0
DA:218,0
DA:219,0
DA:222,1
DA:223,0
DA:226,1
DA:227,0
DA:230,1
DA:231,0
DA:232,0
LF:106
LH:36
BRDA:19,0,0,1
BRDA:19,0,1,0
BRDA:20,1,0,1
BRDA:20,1,1,0
BRDA:34,2,0,0
BRDA:34,2,1,0
BRDA:51,3,0,0
BRDA:51,3,1,0
BRDA:55,4,0,0
BRDA:55,4,1,0
BRDA:55,5,0,0
BRDA:55,5,1,0
BRDA:70,6,0,4
BRDA:70,6,1,0
BRDA:72,7,0,0
BRDA:72,7,1,4
BRDA:76,8,0,0
BRDA:76,8,1,4
BRDA:78,9,0,0
BRDA:78,9,1,4
BRDA:82,10,0,4
BRDA:82,10,1,0
BRDA:82,11,0,4
BRDA:82,11,1,0
BRDA:93,12,0,1
BRDA:93,12,1,0
BRDA:94,13,0,1
BRDA:94,13,1,0
BRDA:110,14,0,0
BRDA:110,14,1,0
BRDA:128,15,0,0
BRDA:128,15,1,0
BRDA:128,16,0,0
BRDA:128,16,1,0
BRDA:136,17,0,0
BRDA:136,17,1,0
BRDA:136,18,0,0
BRDA:136,18,1,0
BRDA:145,19,0,0
BRDA:145,19,1,0
BRDA:180,20,0,0
BRDA:180,20,1,0
BRDA:180,20,2,0
BRDA:189,21,0,0
BRDA:189,21,1,0
BRDA:197,22,0,0
BRDA:197,22,1,0
BRDA:197,23,0,0
BRDA:197,23,1,0
BRDA:207,24,0,0
BRDA:207,24,1,0
BRDA:212,25,0,0
BRDA:212,25,1,0
BRDA:219,26,0,0
BRDA:219,26,1,0
BRDA:232,27,0,0
BRDA:232,27,1,0
BRDA:232,28,0,0
BRDA:232,28,1,0
BRF:59
BRH:10
end_of_record
TN:
SF:node_modules/dot-prop/index.js
FN:4,getPathSegments
FN:23,(anonymous_1)
FN:54,(anonymous_2)
FN:79,(anonymous_3)
FN:102,(anonymous_4)
FNF:5
FNH:2
FNDA:2,getPathSegments
FNDA:0,(anonymous_1)
FNDA:2,(anonymous_2)
FNDA:0,(anonymous_3)
FNDA:0,(anonymous_4)
DA:2,1
DA:5,2
DA:6,2
DA:8,2
DA:9,3
DA:11,3
DA:12,0
DA:13,0
DA:16,3
DA:19,2
DA:22,1
DA:24,0
DA:25,0
DA:28,0
DA:30,0
DA:31,0
DA:32,0
DA:35,0
DA:37,0
DA:43,0
DA:44,0
DA:47,0
DA:51,0
DA:55,2
DA:56,0
DA:59,2
DA:60,2
DA:62,2
DA:63,3
DA:65,3
DA:66,1
DA:69,3
DA:70,2
DA:73,2
DA:76,1
DA:80,0
DA:81,0
DA:84,0
DA:86,0
DA:87,0
DA:89,0
DA:90,0
DA:91,0
DA:94,0
DA:96,0
DA:97,0
DA:103,0
DA:104,0
DA:107,0
DA:109,0
DA:110,0
DA:111,0
DA:112,0
DA:115,0
DA:117,0
DA:121,0
LF:56
LH:20
BRDA:11,0,0,3
BRDA:11,0,1,0
BRDA:24,1,0,0
BRDA:24,1,1,0
BRDA:24,2,0,0
BRDA:24,2,1,0
BRDA:25,3,0,0
BRDA:25,3,1,0
BRDA:31,4,0,0
BRDA:31,4,1,0
BRDA:37,5,0,0
BRDA:37,5,1,0
BRDA:37,6,0,0
BRDA:37,6,1,0
BRDA:43,7,0,0
BRDA:43,7,1,0
BRDA:55,8,0,0
BRDA:55,8,1,2
BRDA:55,9,0,2
BRDA:55,9,1,2
BRDA:65,10,0,1
BRDA:65,10,1,2
BRDA:69,11,0,2
BRDA:69,11,1,1
BRDA:80,12,0,0
BRDA:80,12,1,0
BRDA:80,13,0,0
BRDA:80,13,1,0
BRDA:89,14,0,0
BRDA:89,14,1,0
BRDA:96,15,0,0
BRDA:96,15,1,0
BRDA:103,16,0,0
BRDA:103,16,1,0
BRDA:103,17,0,0
BRDA:103,17,1,0
BRDA:110,18,0,0
BRDA:110,18,1,0
BRDA:111,19,0,0
BRDA:111,19,1,0
BRF:40
BRH:8
end_of_record
TN:
SF:node_modules/is-obj/index.js
FN:2,(anonymous_0)
FNF:1
FNH:1
FNDA:5,(anonymous_0)
DA:2,1
DA:3,5
DA:4,5
LF:3
LH:3
BRDA:4,0,0,5
BRDA:4,0,1,5
BRDA:4,0,2,2
BRF:3
BRH:3
end_of_record
