{"/home/fuzz/node_modules/tree-kit/lib/clone.js": {"path":"/home/fuzz/node_modules/tree-kit/lib/clone.js","statementMap":{"0":{"start":{"line":39,"column":21},"end":{"line":39,"column":60}},"1":{"start":{"line":42,"column":1},"end":{"line":42,"column":106}},"2":{"start":{"line":42,"column":44},"end":{"line":42,"column":104}},"3":{"start":{"line":45,"column":11},"end":{"line":48,"column":5}},"4":{"start":{"line":49,"column":16},"end":{"line":49,"column":34}},"5":{"start":{"line":50,"column":11},"end":{"line":50,"column":20}},"6":{"start":{"line":52,"column":1},"end":{"line":52,"column":45}},"7":{"start":{"line":56,"column":1},"end":{"line":96,"column":2}},"8":{"start":{"line":57,"column":2},"end":{"line":57,"column":55}},"9":{"start":{"line":59,"column":2},"end":{"line":95,"column":3}},"10":{"start":{"line":61,"column":3},"end":{"line":61,"column":91}},"11":{"start":{"line":64,"column":3},"end":{"line":67,"column":4}},"12":{"start":{"line":65,"column":4},"end":{"line":65,"column":82}},"13":{"start":{"line":66,"column":4},"end":{"line":66,"column":14}},"14":{"start":{"line":69,"column":3},"end":{"line":69,"column":34}},"15":{"start":{"line":71,"column":3},"end":{"line":78,"column":4}},"16":{"start":{"line":72,"column":4},"end":{"line":77,"column":5}},"17":{"start":{"line":74,"column":5},"end":{"line":74,"column":50}},"18":{"start":{"line":75,"column":5},"end":{"line":75,"column":83}},"19":{"start":{"line":76,"column":5},"end":{"line":76,"column":15}},"20":{"start":{"line":80,"column":3},"end":{"line":80,"column":54}},"21":{"start":{"line":83,"column":3},"end":{"line":87,"column":4}},"22":{"start":{"line":84,"column":4},"end":{"line":84,"column":70}},"23":{"start":{"line":85,"column":4},"end":{"line":85,"column":82}},"24":{"start":{"line":86,"column":4},"end":{"line":86,"column":14}},"25":{"start":{"line":89,"column":3},"end":{"line":89,"column":81}},"26":{"start":{"line":91,"column":3},"end":{"line":91,"column":68}},"27":{"start":{"line":91,"column":21},"end":{"line":91,"column":66}},"28":{"start":{"line":93,"column":3},"end":{"line":93,"column":81}},"29":{"start":{"line":94,"column":3},"end":{"line":94,"column":69}},"30":{"start":{"line":98,"column":1},"end":{"line":98,"column":21}},"31":{"start":{"line":101,"column":0},"end":{"line":101,"column":24}},"32":{"start":{"line":105,"column":0},"end":{"line":105,"column":26}},"33":{"start":{"line":106,"column":0},"end":{"line":106,"column":61}},"34":{"start":{"line":106,"column":42},"end":{"line":106,"column":57}}},"fnMap":{"0":{"name":"clone","decl":{"start":{"line":35,"column":9},"end":{"line":35,"column":14}},"loc":{"start":{"line":35,"column":44},"end":{"line":99,"column":1}},"line":35},"1":{"name":"(anonymous_1)","decl":{"start":{"line":106,"column":35},"end":{"line":106,"column":36}},"loc":{"start":{"line":106,"column":42},"end":{"line":106,"column":57}},"line":106}},"branchMap":{"0":{"loc":{"start":{"line":42,"column":1},"end":{"line":42,"column":106}},"type":"if","locations":[{"start":{"line":42,"column":1},"end":{"line":42,"column":106}},{"start":{},"end":{}}],"line":42},"1":{"loc":{"start":{"line":47,"column":11},"end":{"line":47,"column":80}},"type":"cond-expr","locations":[{"start":{"line":47,"column":45},"end":{"line":47,"column":47}},{"start":{"line":47,"column":50},"end":{"line":47,"column":80}}],"line":47},"2":{"loc":{"start":{"line":64,"column":3},"end":{"line":67,"column":4}},"type":"if","locations":[{"start":{"line":64,"column":3},"end":{"line":67,"column":4}},{"start":{},"end":{}}],"line":64},"3":{"loc":{"start":{"line":64,"column":8},"end":{"line":64,"column":66}},"type":"binary-expr","locations":[{"start":{"line":64,"column":8},"end":{"line":64,"column":26}},{"start":{"line":64,"column":30},"end":{"line":64,"column":66}}],"line":64},"4":{"loc":{"start":{"line":71,"column":3},"end":{"line":78,"column":4}},"type":"if","locations":[{"start":{"line":71,"column":3},"end":{"line":78,"column":4}},{"start":{},"end":{}}],"line":71},"5":{"loc":{"start":{"line":72,"column":4},"end":{"line":77,"column":5}},"type":"if","locations":[{"start":{"line":72,"column":4},"end":{"line":77,"column":5}},{"start":{},"end":{}}],"line":72},"6":{"loc":{"start":{"line":83,"column":3},"end":{"line":87,"column":4}},"type":"if","locations":[{"start":{"line":83,"column":3},"end":{"line":87,"column":4}},{"start":{},"end":{}}],"line":83},"7":{"loc":{"start":{"line":89,"column":22},"end":{"line":89,"column":79}},"type":"cond-expr","locations":[{"start":{"line":89,"column":52},"end":{"line":89,"column":54}},{"start":{"line":89,"column":57},"end":{"line":89,"column":79}}],"line":89},"8":{"loc":{"start":{"line":91,"column":3},"end":{"line":91,"column":68}},"type":"if","locations":[{"start":{"line":91,"column":3},"end":{"line":91,"column":68}},{"start":{},"end":{}}],"line":91}},"s":{"0":0,"1":0,"2":0,"3":0,"4":0,"5":0,"6":0,"7":0,"8":0,"9":0,"10":0,"11":0,"12":0,"13":0,"14":0,"15":0,"16":0,"17":0,"18":0,"19":0,"20":0,"21":0,"22":0,"23":0,"24":0,"25":0,"26":0,"27":0,"28":0,"29":0,"30":0,"31":1,"32":1,"33":1,"34":0},"f":{"0":0,"1":0},"b":{"0":[0,0],"1":[0,0],"2":[0,0],"3":[0,0],"4":[0,0],"5":[0,0],"6":[0,0],"7":[0,0],"8":[0,0]},"_coverageSchema":"1a1c01bbd47fc00a2c39e90264f33305004495a9","hash":"23ee7c978396b7196b92938de7e73627fb2f40be"}
,"/home/fuzz/node_modules/tree-kit/lib/diff.js": {"path":"/home/fuzz/node_modules/tree-kit/lib/diff.js","statementMap":{"0":{"start":{"line":40,"column":1},"end":{"line":40,"column":27}},"1":{"start":{"line":41,"column":1},"end":{"line":41,"column":29}},"2":{"start":{"line":43,"column":1},"end":{"line":48,"column":2}},"3":{"start":{"line":47,"column":2},"end":{"line":47,"column":74}},"4":{"start":{"line":50,"column":1},"end":{"line":50,"column":67}},"5":{"start":{"line":50,"column":51},"end":{"line":50,"column":65}},"6":{"start":{"line":52,"column":1},"end":{"line":52,"column":29}},"7":{"start":{"line":55,"column":1},"end":{"line":59,"column":2}},"8":{"start":{"line":56,"column":2},"end":{"line":56,"column":27}},"9":{"start":{"line":57,"column":2},"end":{"line":57,"column":47}},"10":{"start":{"line":57,"column":26},"end":{"line":57,"column":45}},"11":{"start":{"line":58,"column":2},"end":{"line":58,"column":66}},"12":{"start":{"line":58,"column":35},"end":{"line":58,"column":64}},"13":{"start":{"line":61,"column":1},"end":{"line":61,"column":34}},"14":{"start":{"line":65,"column":1},"end":{"line":73,"column":2}},"15":{"start":{"line":66,"column":2},"end":{"line":66,"column":20}},"16":{"start":{"line":67,"column":2},"end":{"line":67,"column":24}},"17":{"start":{"line":70,"column":2},"end":{"line":70,"column":21}},"18":{"start":{"line":71,"column":2},"end":{"line":71,"column":34}},"19":{"start":{"line":72,"column":2},"end":{"line":72,"column":28}},"20":{"start":{"line":75,"column":1},"end":{"line":125,"column":2}},"21":{"start":{"line":76,"column":2},"end":{"line":76,"column":39}},"22":{"start":{"line":77,"column":2},"end":{"line":77,"column":56}},"23":{"start":{"line":80,"column":2},"end":{"line":83,"column":3}},"24":{"start":{"line":81,"column":3},"end":{"line":81,"column":93}},"25":{"start":{"line":82,"column":3},"end":{"line":82,"column":13}},"26":{"start":{"line":85,"column":2},"end":{"line":85,"column":35}},"27":{"start":{"line":86,"column":2},"end":{"line":86,"column":37}},"28":{"start":{"line":88,"column":2},"end":{"line":91,"column":3}},"29":{"start":{"line":89,"column":3},"end":{"line":89,"column":113}},"30":{"start":{"line":90,"column":3},"end":{"line":90,"column":13}},"31":{"start":{"line":93,"column":2},"end":{"line":119,"column":3}},"32":{"start":{"line":95,"column":3},"end":{"line":98,"column":4}},"33":{"start":{"line":96,"column":4},"end":{"line":96,"column":114}},"34":{"start":{"line":96,"column":26},"end":{"line":96,"column":112}},"35":{"start":{"line":97,"column":4},"end":{"line":97,"column":14}},"36":{"start":{"line":100,"column":3},"end":{"line":103,"column":4}},"37":{"start":{"line":101,"column":4},"end":{"line":101,"column":90}},"38":{"start":{"line":102,"column":4},"end":{"line":102,"column":14}},"39":{"start":{"line":105,"column":3},"end":{"line":108,"column":4}},"40":{"start":{"line":106,"column":4},"end":{"line":106,"column":91}},"41":{"start":{"line":107,"column":4},"end":{"line":107,"column":14}},"42":{"start":{"line":110,"column":3},"end":{"line":113,"column":4}},"43":{"start":{"line":111,"column":4},"end":{"line":111,"column":91}},"44":{"start":{"line":112,"column":4},"end":{"line":112,"column":14}},"45":{"start":{"line":115,"column":3},"end":{"line":117,"column":8}},"46":{"start":{"line":118,"column":3},"end":{"line":118,"column":13}},"47":{"start":{"line":121,"column":2},"end":{"line":124,"column":3}},"48":{"start":{"line":122,"column":3},"end":{"line":122,"column":114}},"49":{"start":{"line":123,"column":3},"end":{"line":123,"column":13}},"50":{"start":{"line":129,"column":1},"end":{"line":137,"column":2}},"51":{"start":{"line":130,"column":2},"end":{"line":130,"column":20}},"52":{"start":{"line":131,"column":2},"end":{"line":131,"column":25}},"53":{"start":{"line":134,"column":2},"end":{"line":134,"column":21}},"54":{"start":{"line":135,"column":2},"end":{"line":135,"column":36}},"55":{"start":{"line":136,"column":2},"end":{"line":136,"column":29}},"56":{"start":{"line":139,"column":1},"end":{"line":148,"column":2}},"57":{"start":{"line":140,"column":2},"end":{"line":140,"column":40}},"58":{"start":{"line":141,"column":2},"end":{"line":141,"column":56}},"59":{"start":{"line":144,"column":2},"end":{"line":147,"column":3}},"60":{"start":{"line":145,"column":3},"end":{"line":145,"column":92}},"61":{"start":{"line":146,"column":3},"end":{"line":146,"column":13}},"62":{"start":{"line":150,"column":1},"end":{"line":150,"column":62}},"63":{"start":{"line":153,"column":0},"end":{"line":153,"column":21}}},"fnMap":{"0":{"name":"diff","decl":{"start":{"line":35,"column":9},"end":{"line":35,"column":13}},"loc":{"start":{"line":35,"column":40},"end":{"line":151,"column":1}},"line":35}},"branchMap":{"0":{"loc":{"start":{"line":43,"column":1},"end":{"line":48,"column":2}},"type":"if","locations":[{"start":{"line":43,"column":1},"end":{"line":48,"column":2}},{"start":{},"end":{}}],"line":43},"1":{"loc":{"start":{"line":44,"column":2},"end":{"line":45,"column":71}},"type":"binary-expr","locations":[{"start":{"line":44,"column":2},"end":{"line":44,"column":8}},{"start":{"line":44,"column":14},"end":{"line":44,"column":37}},{"start":{"line":44,"column":41},"end":{"line":44,"column":66}},{"start":{"line":45,"column":2},"end":{"line":45,"column":9}},{"start":{"line":45,"column":15},"end":{"line":45,"column":39}},{"start":{"line":45,"column":43},"end":{"line":45,"column":69}}],"line":44},"2":{"loc":{"start":{"line":50,"column":1},"end":{"line":50,"column":67}},"type":"if","locations":[{"start":{"line":50,"column":1},"end":{"line":50,"column":67}},{"start":{},"end":{}}],"line":50},"3":{"loc":{"start":{"line":50,"column":6},"end":{"line":50,"column":46}},"type":"binary-expr","locations":[{"start":{"line":50,"column":6},"end":{"line":50,"column":15}},{"start":{"line":50,"column":19},"end":{"line":50,"column":46}}],"line":50},"4":{"loc":{"start":{"line":52,"column":9},"end":{"line":52,"column":27}},"type":"binary-expr","locations":[{"start":{"line":52,"column":9},"end":{"line":52,"column":22}},{"start":{"line":52,"column":26},"end":{"line":52,"column":27}}],"line":52},"5":{"loc":{"start":{"line":55,"column":1},"end":{"line":59,"column":2}},"type":"if","locations":[{"start":{"line":55,"column":1},"end":{"line":59,"column":2}},{"start":{},"end":{}}],"line":55},"6":{"loc":{"start":{"line":57,"column":2},"end":{"line":57,"column":47}},"type":"if","locations":[{"start":{"line":57,"column":2},"end":{"line":57,"column":47}},{"start":{},"end":{}}],"line":57},"7":{"loc":{"start":{"line":58,"column":2},"end":{"line":58,"column":66}},"type":"if","locations":[{"start":{"line":58,"column":2},"end":{"line":58,"column":66}},{"start":{},"end":{}}],"line":58},"8":{"loc":{"start":{"line":65,"column":1},"end":{"line":73,"column":2}},"type":"if","locations":[{"start":{"line":65,"column":1},"end":{"line":73,"column":2}},{"start":{"line":69,"column":6},"end":{"line":73,"column":2}}],"line":65},"9":{"loc":{"start":{"line":76,"column":8},"end":{"line":76,"column":37}},"type":"cond-expr","locations":[{"start":{"line":76,"column":20},"end":{"line":76,"column":21}},{"start":{"line":76,"column":24},"end":{"line":76,"column":37}}],"line":76},"10":{"loc":{"start":{"line":80,"column":2},"end":{"line":83,"column":3}},"type":"if","locations":[{"start":{"line":80,"column":2},"end":{"line":83,"column":3}},{"start":{},"end":{}}],"line":80},"11":{"loc":{"start":{"line":88,"column":2},"end":{"line":91,"column":3}},"type":"if","locations":[{"start":{"line":88,"column":2},"end":{"line":91,"column":3}},{"start":{},"end":{}}],"line":88},"12":{"loc":{"start":{"line":93,"column":2},"end":{"line":119,"column":3}},"type":"if","locations":[{"start":{"line":93,"column":2},"end":{"line":119,"column":3}},{"start":{},"end":{}}],"line":93},"13":{"loc":{"start":{"line":93,"column":7},"end":{"line":93,"column":59}},"type":"binary-expr","locations":[{"start":{"line":93,"column":7},"end":{"line":93,"column":30}},{"start":{"line":93,"column":34},"end":{"line":93,"column":59}}],"line":93},"14":{"loc":{"start":{"line":95,"column":3},"end":{"line":98,"column":4}},"type":"if","locations":[{"start":{"line":95,"column":3},"end":{"line":98,"column":4}},{"start":{},"end":{}}],"line":95},"15":{"loc":{"start":{"line":96,"column":4},"end":{"line":96,"column":114}},"type":"if","locations":[{"start":{"line":96,"column":4},"end":{"line":96,"column":114}},{"start":{},"end":{}}],"line":96},"16":{"loc":{"start":{"line":100,"column":3},"end":{"line":103,"column":4}},"type":"if","locations":[{"start":{"line":100,"column":3},"end":{"line":103,"column":4}},{"start":{},"end":{}}],"line":100},"17":{"loc":{"start":{"line":105,"column":3},"end":{"line":108,"column":4}},"type":"if","locations":[{"start":{"line":105,"column":3},"end":{"line":108,"column":4}},{"start":{},"end":{}}],"line":105},"18":{"loc":{"start":{"line":105,"column":8},"end":{"line":105,"column":71}},"type":"binary-expr","locations":[{"start":{"line":105,"column":8},"end":{"line":105,"column":36}},{"start":{"line":105,"column":40},"end":{"line":105,"column":71}}],"line":105},"19":{"loc":{"start":{"line":110,"column":3},"end":{"line":113,"column":4}},"type":"if","locations":[{"start":{"line":110,"column":3},"end":{"line":113,"column":4}},{"start":{},"end":{}}],"line":110},"20":{"loc":{"start":{"line":110,"column":8},"end":{"line":110,"column":71}},"type":"binary-expr","locations":[{"start":{"line":110,"column":8},"end":{"line":110,"column":38}},{"start":{"line":110,"column":42},"end":{"line":110,"column":71}}],"line":110},"21":{"loc":{"start":{"line":121,"column":2},"end":{"line":124,"column":3}},"type":"if","locations":[{"start":{"line":121,"column":2},"end":{"line":124,"column":3}},{"start":{},"end":{}}],"line":121},"22":{"loc":{"start":{"line":129,"column":1},"end":{"line":137,"column":2}},"type":"if","locations":[{"start":{"line":129,"column":1},"end":{"line":137,"column":2}},{"start":{"line":133,"column":6},"end":{"line":137,"column":2}}],"line":129},"23":{"loc":{"start":{"line":140,"column":8},"end":{"line":140,"column":38}},"type":"cond-expr","locations":[{"start":{"line":140,"column":20},"end":{"line":140,"column":21}},{"start":{"line":140,"column":24},"end":{"line":140,"column":38}}],"line":140},"24":{"loc":{"start":{"line":144,"column":2},"end":{"line":147,"column":3}},"type":"if","locations":[{"start":{"line":144,"column":2},"end":{"line":147,"column":3}},{"start":{},"end":{}}],"line":144},"25":{"loc":{"start":{"line":150,"column":8},"end":{"line":150,"column":60}},"type":"cond-expr","locations":[{"start":{"line":150,"column":43},"end":{"line":150,"column":53}},{"start":{"line":150,"column":56},"end":{"line":150,"column":60}}],"line":150}},"s":{"0":0,"1":0,"2":0,"3":0,"4":0,"5":0,"6":0,"7":0,"8":0,"9":0,"10":0,"11":0,"12":0,"13":0,"14":0,"15":0,"16":0,"17":0,"18":0,"19":0,"20":0,"21":0,"22":0,"23":0,"24":0,"25":0,"26":0,"27":0,"28":0,"29":0,"30":0,"31":0,"32":0,"33":0,"34":0,"35":0,"36":0,"37":0,"38":0,"39":0,"40":0,"41":0,"42":0,"43":0,"44":0,"45":0,"46":0,"47":0,"48":0,"49":0,"50":0,"51":0,"52":0,"53":0,"54":0,"55":0,"56":0,"57":0,"58":0,"59":0,"60":0,"61":0,"62":0,"63":1},"f":{"0":0},"b":{"0":[0,0],"1":[0,0,0,0,0,0],"2":[0,0],"3":[0,0],"4":[0,0],"5":[0,0],"6":[0,0],"7":[0,0],"8":[0,0],"9":[0,0],"10":[0,0],"11":[0,0],"12":[0,0],"13":[0,0],"14":[0,0],"15":[0,0],"16":[0,0],"17":[0,0],"18":[0,0],"19":[0,0],"20":[0,0],"21":[0,0],"22":[0,0],"23":[0,0],"24":[0,0],"25":[0,0]},"_coverageSchema":"1a1c01bbd47fc00a2c39e90264f33305004495a9","hash":"db1a0f21e7f8c6039f39f028b1c5405ca30ab288"}
,"/home/fuzz/node_modules/tree-kit/lib/dotPath.js": {"path":"/home/fuzz/node_modules/tree-kit/lib/dotPath.js","statementMap":{"0":{"start":{"line":31,"column":16},"end":{"line":31,"column":18}},"1":{"start":{"line":32,"column":0},"end":{"line":32,"column":26}},"2":{"start":{"line":36,"column":19},"end":{"line":36,"column":21}},"3":{"start":{"line":39,"column":1},"end":{"line":47,"column":2}},"4":{"start":{"line":40,"column":2},"end":{"line":40,"column":15}},"5":{"start":{"line":42,"column":6},"end":{"line":47,"column":2}},"6":{"start":{"line":43,"column":2},"end":{"line":43,"column":21}},"7":{"start":{"line":45,"column":6},"end":{"line":47,"column":2}},"8":{"start":{"line":46,"column":2},"end":{"line":46,"column":28}},"9":{"start":{"line":49,"column":1},"end":{"line":49,"column":92}},"10":{"start":{"line":57,"column":12},"end":{"line":57,"column":18}},"11":{"start":{"line":59,"column":1},"end":{"line":65,"column":2}},"12":{"start":{"line":60,"column":2},"end":{"line":62,"column":3}},"13":{"start":{"line":61,"column":3},"end":{"line":61,"column":21}},"14":{"start":{"line":64,"column":2},"end":{"line":64,"column":39}},"15":{"start":{"line":67,"column":1},"end":{"line":67,"column":17}},"16":{"start":{"line":75,"column":12},"end":{"line":75,"column":18}},"17":{"start":{"line":77,"column":1},"end":{"line":83,"column":2}},"18":{"start":{"line":78,"column":2},"end":{"line":80,"column":3}},"19":{"start":{"line":79,"column":3},"end":{"line":79,"column":21}},"20":{"start":{"line":82,"column":2},"end":{"line":82,"column":39}},"21":{"start":{"line":85,"column":1},"end":{"line":85,"column":17}},"22":{"start":{"line":96,"column":12},"end":{"line":96,"column":18}},"23":{"start":{"line":98,"column":1},"end":{"line":106,"column":2}},"24":{"start":{"line":99,"column":2},"end":{"line":99,"column":24}},"25":{"start":{"line":101,"column":2},"end":{"line":103,"column":3}},"26":{"start":{"line":102,"column":3},"end":{"line":102,"column":24}},"27":{"start":{"line":105,"column":2},"end":{"line":105,"column":28}},"28":{"start":{"line":108,"column":1},"end":{"line":108,"column":17}},"29":{"start":{"line":113,"column":0},"end":{"line":115,"column":3}},"30":{"start":{"line":114,"column":1},"end":{"line":114,"column":46}},"31":{"start":{"line":119,"column":0},"end":{"line":131,"column":3}},"32":{"start":{"line":120,"column":1},"end":{"line":123,"column":2}},"33":{"start":{"line":122,"column":2},"end":{"line":122,"column":20}},"34":{"start":{"line":125,"column":17},"end":{"line":125,"column":36}},"35":{"start":{"line":126,"column":15},"end":{"line":126,"column":41}},"36":{"start":{"line":128,"column":1},"end":{"line":128,"column":55}},"37":{"start":{"line":130,"column":1},"end":{"line":130,"column":15}},"38":{"start":{"line":135,"column":0},"end":{"line":148,"column":3}},"39":{"start":{"line":136,"column":1},"end":{"line":139,"column":2}},"40":{"start":{"line":138,"column":2},"end":{"line":138,"column":20}},"41":{"start":{"line":141,"column":17},"end":{"line":141,"column":36}},"42":{"start":{"line":142,"column":15},"end":{"line":142,"column":41}},"43":{"start":{"line":143,"column":11},"end":{"line":143,"column":44}},"44":{"start":{"line":145,"column":1},"end":{"line":145,"column":57}},"45":{"start":{"line":145,"column":31},"end":{"line":145,"column":55}},"46":{"start":{"line":147,"column":1},"end":{"line":147,"column":15}},"47":{"start":{"line":152,"column":0},"end":{"line":166,"column":3}},"48":{"start":{"line":153,"column":1},"end":{"line":156,"column":2}},"49":{"start":{"line":155,"column":2},"end":{"line":155,"column":20}},"50":{"start":{"line":158,"column":17},"end":{"line":158,"column":36}},"51":{"start":{"line":159,"column":15},"end":{"line":159,"column":41}},"52":{"start":{"line":160,"column":11},"end":{"line":160,"column":44}},"53":{"start":{"line":162,"column":1},"end":{"line":163,"column":92}},"54":{"start":{"line":162,"column":45},"end":{"line":162,"column":64}},"55":{"start":{"line":163,"column":6},"end":{"line":163,"column":92}},"56":{"start":{"line":163,"column":70},"end":{"line":163,"column":90}},"57":{"start":{"line":165,"column":1},"end":{"line":165,"column":15}},"58":{"start":{"line":170,"column":0},"end":{"line":184,"column":3}},"59":{"start":{"line":171,"column":1},"end":{"line":174,"column":2}},"60":{"start":{"line":173,"column":2},"end":{"line":173,"column":20}},"61":{"start":{"line":176,"column":17},"end":{"line":176,"column":36}},"62":{"start":{"line":177,"column":15},"end":{"line":177,"column":41}},"63":{"start":{"line":178,"column":11},"end":{"line":178,"column":44}},"64":{"start":{"line":180,"column":1},"end":{"line":181,"column":93}},"65":{"start":{"line":180,"column":45},"end":{"line":180,"column":64}},"66":{"start":{"line":181,"column":6},"end":{"line":181,"column":93}},"67":{"start":{"line":181,"column":70},"end":{"line":181,"column":91}},"68":{"start":{"line":183,"column":1},"end":{"line":183,"column":15}},"69":{"start":{"line":188,"column":0},"end":{"line":205,"column":3}},"70":{"start":{"line":189,"column":1},"end":{"line":192,"column":2}},"71":{"start":{"line":191,"column":2},"end":{"line":191,"column":20}},"72":{"start":{"line":194,"column":17},"end":{"line":194,"column":36}},"73":{"start":{"line":195,"column":15},"end":{"line":195,"column":41}},"74":{"start":{"line":196,"column":11},"end":{"line":196,"column":44}},"75":{"start":{"line":198,"column":1},"end":{"line":201,"column":2}},"76":{"start":{"line":198,"column":27},"end":{"line":198,"column":51}},"77":{"start":{"line":199,"column":6},"end":{"line":201,"column":2}},"78":{"start":{"line":200,"column":2},"end":{"line":200,"column":51}},"79":{"start":{"line":204,"column":1},"end":{"line":204,"column":15}},"80":{"start":{"line":209,"column":0},"end":{"line":226,"column":3}},"81":{"start":{"line":210,"column":1},"end":{"line":213,"column":2}},"82":{"start":{"line":212,"column":2},"end":{"line":212,"column":20}},"83":{"start":{"line":215,"column":17},"end":{"line":215,"column":36}},"84":{"start":{"line":216,"column":15},"end":{"line":216,"column":41}},"85":{"start":{"line":217,"column":11},"end":{"line":217,"column":44}},"86":{"start":{"line":219,"column":1},"end":{"line":222,"column":2}},"87":{"start":{"line":219,"column":27},"end":{"line":219,"column":51}},"88":{"start":{"line":220,"column":6},"end":{"line":222,"column":2}},"89":{"start":{"line":221,"column":2},"end":{"line":221,"column":51}},"90":{"start":{"line":225,"column":1},"end":{"line":225,"column":15}},"91":{"start":{"line":230,"column":0},"end":{"line":239,"column":3}},"92":{"start":{"line":231,"column":17},"end":{"line":231,"column":36}},"93":{"start":{"line":232,"column":15},"end":{"line":232,"column":51}},"94":{"start":{"line":234,"column":1},"end":{"line":236,"column":2}},"95":{"start":{"line":235,"column":2},"end":{"line":235,"column":16}},"96":{"start":{"line":238,"column":1},"end":{"line":238,"column":61}},"97":{"start":{"line":243,"column":0},"end":{"line":259,"column":3}},"98":{"start":{"line":244,"column":1},"end":{"line":247,"column":2}},"99":{"start":{"line":246,"column":2},"end":{"line":246,"column":20}},"100":{"start":{"line":249,"column":17},"end":{"line":249,"column":36}},"101":{"start":{"line":250,"column":15},"end":{"line":250,"column":41}},"102":{"start":{"line":252,"column":11},"end":{"line":252,"column":44}},"103":{"start":{"line":254,"column":1},"end":{"line":256,"column":55}},"104":{"start":{"line":254,"column":39},"end":{"line":254,"column":63}},"105":{"start":{"line":255,"column":6},"end":{"line":256,"column":55}},"106":{"start":{"line":255,"column":47},"end":{"line":255,"column":77}},"107":{"start":{"line":256,"column":8},"end":{"line":256,"column":53}},"108":{"start":{"line":258,"column":1},"end":{"line":258,"column":24}},"109":{"start":{"line":263,"column":0},"end":{"line":279,"column":3}},"110":{"start":{"line":264,"column":1},"end":{"line":267,"column":2}},"111":{"start":{"line":266,"column":2},"end":{"line":266,"column":20}},"112":{"start":{"line":269,"column":17},"end":{"line":269,"column":36}},"113":{"start":{"line":270,"column":15},"end":{"line":270,"column":41}},"114":{"start":{"line":272,"column":11},"end":{"line":272,"column":44}},"115":{"start":{"line":274,"column":1},"end":{"line":275,"column":79}},"116":{"start":{"line":274,"column":27},"end":{"line":274,"column":55}},"117":{"start":{"line":275,"column":6},"end":{"line":275,"column":79}},"118":{"start":{"line":275,"column":47},"end":{"line":275,"column":77}},"119":{"start":{"line":278,"column":1},"end":{"line":278,"column":24}},"120":{"start":{"line":283,"column":0},"end":{"line":299,"column":3}},"121":{"start":{"line":284,"column":1},"end":{"line":287,"column":2}},"122":{"start":{"line":286,"column":2},"end":{"line":286,"column":20}},"123":{"start":{"line":289,"column":17},"end":{"line":289,"column":36}},"124":{"start":{"line":290,"column":15},"end":{"line":290,"column":41}},"125":{"start":{"line":292,"column":11},"end":{"line":292,"column":44}},"126":{"start":{"line":294,"column":1},"end":{"line":295,"column":82}},"127":{"start":{"line":294,"column":27},"end":{"line":294,"column":55}},"128":{"start":{"line":295,"column":6},"end":{"line":295,"column":82}},"129":{"start":{"line":295,"column":47},"end":{"line":295,"column":80}},"130":{"start":{"line":298,"column":1},"end":{"line":298,"column":24}}},"fnMap":{"0":{"name":"toPathArray","decl":{"start":{"line":38,"column":9},"end":{"line":38,"column":20}},"loc":{"start":{"line":38,"column":29},"end":{"line":50,"column":1}},"line":38},"1":{"name":"walk","decl":{"start":{"line":55,"column":9},"end":{"line":55,"column":13}},"loc":{"start":{"line":55,"column":36},"end":{"line":68,"column":1}},"line":55},"2":{"name":"walkBeforeLast","decl":{"start":{"line":73,"column":9},"end":{"line":73,"column":23}},"loc":{"start":{"line":73,"column":46},"end":{"line":86,"column":1}},"line":73},"3":{"name":"pave","decl":{"start":{"line":93,"column":9},"end":{"line":93,"column":13}},"loc":{"start":{"line":93,"column":36},"end":{"line":109,"column":1}},"line":93},"4":{"name":"(anonymous_4)","decl":{"start":{"line":113,"column":14},"end":{"line":113,"column":15}},"loc":{"start":{"line":113,"column":40},"end":{"line":115,"column":1}},"line":113},"5":{"name":"(anonymous_5)","decl":{"start":{"line":119,"column":14},"end":{"line":119,"column":15}},"loc":{"start":{"line":119,"column":48},"end":{"line":131,"column":1}},"line":119},"6":{"name":"(anonymous_6)","decl":{"start":{"line":135,"column":17},"end":{"line":135,"column":18}},"loc":{"start":{"line":135,"column":51},"end":{"line":148,"column":1}},"line":135},"7":{"name":"(anonymous_7)","decl":{"start":{"line":152,"column":14},"end":{"line":152,"column":15}},"loc":{"start":{"line":152,"column":48},"end":{"line":166,"column":1}},"line":152},"8":{"name":"(anonymous_8)","decl":{"start":{"line":170,"column":14},"end":{"line":170,"column":15}},"loc":{"start":{"line":170,"column":48},"end":{"line":184,"column":1}},"line":170},"9":{"name":"(anonymous_9)","decl":{"start":{"line":188,"column":17},"end":{"line":188,"column":18}},"loc":{"start":{"line":188,"column":51},"end":{"line":205,"column":1}},"line":188},"10":{"name":"(anonymous_10)","decl":{"start":{"line":209,"column":17},"end":{"line":209,"column":18}},"loc":{"start":{"line":209,"column":51},"end":{"line":226,"column":1}},"line":209},"11":{"name":"(anonymous_11)","decl":{"start":{"line":230,"column":17},"end":{"line":230,"column":18}},"loc":{"start":{"line":230,"column":43},"end":{"line":239,"column":1}},"line":230},"12":{"name":"(anonymous_12)","decl":{"start":{"line":243,"column":19},"end":{"line":243,"column":20}},"loc":{"start":{"line":243,"column":53},"end":{"line":259,"column":1}},"line":243},"13":{"name":"(anonymous_13)","decl":{"start":{"line":263,"column":17},"end":{"line":263,"column":18}},"loc":{"start":{"line":263,"column":51},"end":{"line":279,"column":1}},"line":263},"14":{"name":"(anonymous_14)","decl":{"start":{"line":283,"column":18},"end":{"line":283,"column":19}},"loc":{"start":{"line":283,"column":52},"end":{"line":299,"column":1}},"line":283}},"branchMap":{"0":{"loc":{"start":{"line":39,"column":1},"end":{"line":47,"column":2}},"type":"if","locations":[{"start":{"line":39,"column":1},"end":{"line":47,"column":2}},{"start":{"line":42,"column":6},"end":{"line":47,"column":2}}],"line":39},"1":{"loc":{"start":{"line":42,"column":6},"end":{"line":47,"column":2}},"type":"if","locations":[{"start":{"line":42,"column":6},"end":{"line":47,"column":2}},{"start":{"line":45,"column":6},"end":{"line":47,"column":2}}],"line":42},"2":{"loc":{"start":{"line":45,"column":6},"end":{"line":47,"column":2}},"type":"if","locations":[{"start":{"line":45,"column":6},"end":{"line":47,"column":2}},{"start":{},"end":{}}],"line":45},"3":{"loc":{"start":{"line":60,"column":2},"end":{"line":62,"column":3}},"type":"if","locations":[{"start":{"line":60,"column":2},"end":{"line":62,"column":3}},{"start":{},"end":{}}],"line":60},"4":{"loc":{"start":{"line":60,"column":7},"end":{"line":60,"column":84}},"type":"binary-expr","locations":[{"start":{"line":60,"column":7},"end":{"line":60,"column":16}},{"start":{"line":60,"column":22},"end":{"line":60,"column":49}},{"start":{"line":60,"column":53},"end":{"line":60,"column":82}}],"line":60},"5":{"loc":{"start":{"line":78,"column":2},"end":{"line":80,"column":3}},"type":"if","locations":[{"start":{"line":78,"column":2},"end":{"line":80,"column":3}},{"start":{},"end":{}}],"line":78},"6":{"loc":{"start":{"line":78,"column":7},"end":{"line":78,"column":84}},"type":"binary-expr","locations":[{"start":{"line":78,"column":7},"end":{"line":78,"column":16}},{"start":{"line":78,"column":22},"end":{"line":78,"column":49}},{"start":{"line":78,"column":53},"end":{"line":78,"column":82}}],"line":78},"7":{"loc":{"start":{"line":101,"column":2},"end":{"line":103,"column":3}},"type":"if","locations":[{"start":{"line":101,"column":2},"end":{"line":103,"column":3}},{"start":{},"end":{}}],"line":101},"8":{"loc":{"start":{"line":101,"column":7},"end":{"line":101,"column":105}},"type":"binary-expr","locations":[{"start":{"line":101,"column":7},"end":{"line":101,"column":23}},{"start":{"line":101,"column":29},"end":{"line":101,"column":63}},{"start":{"line":101,"column":67},"end":{"line":101,"column":103}}],"line":101},"9":{"loc":{"start":{"line":120,"column":1},"end":{"line":123,"column":2}},"type":"if","locations":[{"start":{"line":120,"column":1},"end":{"line":123,"column":2}},{"start":{},"end":{}}],"line":120},"10":{"loc":{"start":{"line":120,"column":6},"end":{"line":120,"column":80}},"type":"binary-expr","locations":[{"start":{"line":120,"column":6},"end":{"line":120,"column":14}},{"start":{"line":120,"column":20},"end":{"line":120,"column":46}},{"start":{"line":120,"column":50},"end":{"line":120,"column":78}}],"line":120},"11":{"loc":{"start":{"line":136,"column":1},"end":{"line":139,"column":2}},"type":"if","locations":[{"start":{"line":136,"column":1},"end":{"line":139,"column":2}},{"start":{},"end":{}}],"line":136},"12":{"loc":{"start":{"line":136,"column":6},"end":{"line":136,"column":80}},"type":"binary-expr","locations":[{"start":{"line":136,"column":6},"end":{"line":136,"column":14}},{"start":{"line":136,"column":20},"end":{"line":136,"column":46}},{"start":{"line":136,"column":50},"end":{"line":136,"column":78}}],"line":136},"13":{"loc":{"start":{"line":145,"column":1},"end":{"line":145,"column":57}},"type":"if","locations":[{"start":{"line":145,"column":1},"end":{"line":145,"column":57}},{"start":{},"end":{}}],"line":145},"14":{"loc":{"start":{"line":153,"column":1},"end":{"line":156,"column":2}},"type":"if","locations":[{"start":{"line":153,"column":1},"end":{"line":156,"column":2}},{"start":{},"end":{}}],"line":153},"15":{"loc":{"start":{"line":153,"column":6},"end":{"line":153,"column":80}},"type":"binary-expr","locations":[{"start":{"line":153,"column":6},"end":{"line":153,"column":14}},{"start":{"line":153,"column":20},"end":{"line":153,"column":46}},{"start":{"line":153,"column":50},"end":{"line":153,"column":78}}],"line":153},"16":{"loc":{"start":{"line":162,"column":1},"end":{"line":163,"column":92}},"type":"if","locations":[{"start":{"line":162,"column":1},"end":{"line":163,"column":92}},{"start":{"line":163,"column":6},"end":{"line":163,"column":92}}],"line":162},"17":{"loc":{"start":{"line":163,"column":6},"end":{"line":163,"column":92}},"type":"if","locations":[{"start":{"line":163,"column":6},"end":{"line":163,"column":92}},{"start":{},"end":{}}],"line":163},"18":{"loc":{"start":{"line":163,"column":11},"end":{"line":163,"column":65}},"type":"binary-expr","locations":[{"start":{"line":163,"column":11},"end":{"line":163,"column":27}},{"start":{"line":163,"column":31},"end":{"line":163,"column":65}}],"line":163},"19":{"loc":{"start":{"line":171,"column":1},"end":{"line":174,"column":2}},"type":"if","locations":[{"start":{"line":171,"column":1},"end":{"line":174,"column":2}},{"start":{},"end":{}}],"line":171},"20":{"loc":{"start":{"line":171,"column":6},"end":{"line":171,"column":80}},"type":"binary-expr","locations":[{"start":{"line":171,"column":6},"end":{"line":171,"column":14}},{"start":{"line":171,"column":20},"end":{"line":171,"column":46}},{"start":{"line":171,"column":50},"end":{"line":171,"column":78}}],"line":171},"21":{"loc":{"start":{"line":180,"column":1},"end":{"line":181,"column":93}},"type":"if","locations":[{"start":{"line":180,"column":1},"end":{"line":181,"column":93}},{"start":{"line":181,"column":6},"end":{"line":181,"column":93}}],"line":180},"22":{"loc":{"start":{"line":181,"column":6},"end":{"line":181,"column":93}},"type":"if","locations":[{"start":{"line":181,"column":6},"end":{"line":181,"column":93}},{"start":{},"end":{}}],"line":181},"23":{"loc":{"start":{"line":181,"column":11},"end":{"line":181,"column":65}},"type":"binary-expr","locations":[{"start":{"line":181,"column":11},"end":{"line":181,"column":27}},{"start":{"line":181,"column":31},"end":{"line":181,"column":65}}],"line":181},"24":{"loc":{"start":{"line":189,"column":1},"end":{"line":192,"column":2}},"type":"if","locations":[{"start":{"line":189,"column":1},"end":{"line":192,"column":2}},{"start":{},"end":{}}],"line":189},"25":{"loc":{"start":{"line":189,"column":6},"end":{"line":189,"column":80}},"type":"binary-expr","locations":[{"start":{"line":189,"column":6},"end":{"line":189,"column":14}},{"start":{"line":189,"column":20},"end":{"line":189,"column":46}},{"start":{"line":189,"column":50},"end":{"line":189,"column":78}}],"line":189},"26":{"loc":{"start":{"line":198,"column":1},"end":{"line":201,"column":2}},"type":"if","locations":[{"start":{"line":198,"column":1},"end":{"line":201,"column":2}},{"start":{"line":199,"column":6},"end":{"line":201,"column":2}}],"line":198},"27":{"loc":{"start":{"line":199,"column":6},"end":{"line":201,"column":2}},"type":"if","locations":[{"start":{"line":199,"column":6},"end":{"line":201,"column":2}},{"start":{},"end":{}}],"line":199},"28":{"loc":{"start":{"line":199,"column":11},"end":{"line":199,"column":68}},"type":"binary-expr","locations":[{"start":{"line":199,"column":11},"end":{"line":199,"column":42}},{"start":{"line":199,"column":46},"end":{"line":199,"column":68}}],"line":199},"29":{"loc":{"start":{"line":210,"column":1},"end":{"line":213,"column":2}},"type":"if","locations":[{"start":{"line":210,"column":1},"end":{"line":213,"column":2}},{"start":{},"end":{}}],"line":210},"30":{"loc":{"start":{"line":210,"column":6},"end":{"line":210,"column":80}},"type":"binary-expr","locations":[{"start":{"line":210,"column":6},"end":{"line":210,"column":14}},{"start":{"line":210,"column":20},"end":{"line":210,"column":46}},{"start":{"line":210,"column":50},"end":{"line":210,"column":78}}],"line":210},"31":{"loc":{"start":{"line":219,"column":1},"end":{"line":222,"column":2}},"type":"if","locations":[{"start":{"line":219,"column":1},"end":{"line":222,"column":2}},{"start":{"line":220,"column":6},"end":{"line":222,"column":2}}],"line":219},"32":{"loc":{"start":{"line":220,"column":6},"end":{"line":222,"column":2}},"type":"if","locations":[{"start":{"line":220,"column":6},"end":{"line":222,"column":2}},{"start":{},"end":{}}],"line":220},"33":{"loc":{"start":{"line":220,"column":11},"end":{"line":220,"column":68}},"type":"binary-expr","locations":[{"start":{"line":220,"column":11},"end":{"line":220,"column":42}},{"start":{"line":220,"column":46},"end":{"line":220,"column":68}}],"line":220},"34":{"loc":{"start":{"line":234,"column":1},"end":{"line":236,"column":2}},"type":"if","locations":[{"start":{"line":234,"column":1},"end":{"line":236,"column":2}},{"start":{},"end":{}}],"line":234},"35":{"loc":{"start":{"line":234,"column":6},"end":{"line":234,"column":83}},"type":"binary-expr","locations":[{"start":{"line":234,"column":6},"end":{"line":234,"column":15}},{"start":{"line":234,"column":21},"end":{"line":234,"column":48}},{"start":{"line":234,"column":52},"end":{"line":234,"column":81}}],"line":234},"36":{"loc":{"start":{"line":244,"column":1},"end":{"line":247,"column":2}},"type":"if","locations":[{"start":{"line":244,"column":1},"end":{"line":247,"column":2}},{"start":{},"end":{}}],"line":244},"37":{"loc":{"start":{"line":244,"column":6},"end":{"line":244,"column":80}},"type":"binary-expr","locations":[{"start":{"line":244,"column":6},"end":{"line":244,"column":14}},{"start":{"line":244,"column":20},"end":{"line":244,"column":46}},{"start":{"line":244,"column":50},"end":{"line":244,"column":78}}],"line":244},"38":{"loc":{"start":{"line":254,"column":1},"end":{"line":256,"column":55}},"type":"if","locations":[{"start":{"line":254,"column":1},"end":{"line":256,"column":55}},{"start":{"line":255,"column":6},"end":{"line":256,"column":55}}],"line":254},"39":{"loc":{"start":{"line":255,"column":6},"end":{"line":256,"column":55}},"type":"if","locations":[{"start":{"line":255,"column":6},"end":{"line":256,"column":55}},{"start":{"line":256,"column":6},"end":{"line":256,"column":55}}],"line":255},"40":{"loc":{"start":{"line":264,"column":1},"end":{"line":267,"column":2}},"type":"if","locations":[{"start":{"line":264,"column":1},"end":{"line":267,"column":2}},{"start":{},"end":{}}],"line":264},"41":{"loc":{"start":{"line":264,"column":6},"end":{"line":264,"column":80}},"type":"binary-expr","locations":[{"start":{"line":264,"column":6},"end":{"line":264,"column":14}},{"start":{"line":264,"column":20},"end":{"line":264,"column":46}},{"start":{"line":264,"column":50},"end":{"line":264,"column":78}}],"line":264},"42":{"loc":{"start":{"line":274,"column":1},"end":{"line":275,"column":79}},"type":"if","locations":[{"start":{"line":274,"column":1},"end":{"line":275,"column":79}},{"start":{"line":275,"column":6},"end":{"line":275,"column":79}}],"line":274},"43":{"loc":{"start":{"line":275,"column":6},"end":{"line":275,"column":79}},"type":"if","locations":[{"start":{"line":275,"column":6},"end":{"line":275,"column":79}},{"start":{},"end":{}}],"line":275},"44":{"loc":{"start":{"line":284,"column":1},"end":{"line":287,"column":2}},"type":"if","locations":[{"start":{"line":284,"column":1},"end":{"line":287,"column":2}},{"start":{},"end":{}}],"line":284},"45":{"loc":{"start":{"line":284,"column":6},"end":{"line":284,"column":80}},"type":"binary-expr","locations":[{"start":{"line":284,"column":6},"end":{"line":284,"column":14}},{"start":{"line":284,"column":20},"end":{"line":284,"column":46}},{"start":{"line":284,"column":50},"end":{"line":284,"column":78}}],"line":284},"46":{"loc":{"start":{"line":294,"column":1},"end":{"line":295,"column":82}},"type":"if","locations":[{"start":{"line":294,"column":1},"end":{"line":295,"column":82}},{"start":{"line":295,"column":6},"end":{"line":295,"column":82}}],"line":294},"47":{"loc":{"start":{"line":295,"column":6},"end":{"line":295,"column":82}},"type":"if","locations":[{"start":{"line":295,"column":6},"end":{"line":295,"column":82}},{"start":{},"end":{}}],"line":295}},"s":{"0":1,"1":1,"2":1,"3":0,"4":0,"5":0,"6":0,"7":0,"8":0,"9":0,"10":0,"11":0,"12":0,"13":0,"14":0,"15":0,"16":0,"17":0,"18":0,"19":0,"20":0,"21":0,"22":0,"23":0,"24":0,"25":0,"26":0,"27":0,"28":0,"29":1,"30":0,"31":1,"32":0,"33":0,"34":0,"35":0,"36":0,"37":0,"38":1,"39":0,"40":0,"41":0,"42":0,"43":0,"44":0,"45":0,"46":0,"47":1,"48":0,"49":0,"50":0,"51":0,"52":0,"53":0,"54":0,"55":0,"56":0,"57":0,"58":1,"59":0,"60":0,"61":0,"62":0,"63":0,"64":0,"65":0,"66":0,"67":0,"68":0,"69":1,"70":0,"71":0,"72":0,"73":0,"74":0,"75":0,"76":0,"77":0,"78":0,"79":0,"80":1,"81":0,"82":0,"83":0,"84":0,"85":0,"86":0,"87":0,"88":0,"89":0,"90":0,"91":1,"92":0,"93":0,"94":0,"95":0,"96":0,"97":1,"98":0,"99":0,"100":0,"101":0,"102":0,"103":0,"104":0,"105":0,"106":0,"107":0,"108":0,"109":1,"110":0,"111":0,"112":0,"113":0,"114":0,"115":0,"116":0,"117":0,"118":0,"119":0,"120":1,"121":0,"122":0,"123":0,"124":0,"125":0,"126":0,"127":0,"128":0,"129":0,"130":0},"f":{"0":0,"1":0,"2":0,"3":0,"4":0,"5":0,"6":0,"7":0,"8":0,"9":0,"10":0,"11":0,"12":0,"13":0,"14":0},"b":{"0":[0,0],"1":[0,0],"2":[0,0],"3":[0,0],"4":[0,0,0],"5":[0,0],"6":[0,0,0],"7":[0,0],"8":[0,0,0],"9":[0,0],"10":[0,0,0],"11":[0,0],"12":[0,0,0],"13":[0,0],"14":[0,0],"15":[0,0,0],"16":[0,0],"17":[0,0],"18":[0,0],"19":[0,0],"20":[0,0,0],"21":[0,0],"22":[0,0],"23":[0,0],"24":[0,0],"25":[0,0,0],"26":[0,0],"27":[0,0],"28":[0,0],"29":[0,0],"30":[0,0,0],"31":[0,0],"32":[0,0],"33":[0,0],"34":[0,0],"35":[0,0,0],"36":[0,0],"37":[0,0,0],"38":[0,0],"39":[0,0],"40":[0,0],"41":[0,0,0],"42":[0,0],"43":[0,0],"44":[0,0],"45":[0,0,0],"46":[0,0],"47":[0,0]},"_coverageSchema":"1a1c01bbd47fc00a2c39e90264f33305004495a9","hash":"98b6c99370dfbd96ab37e508bd6ce1c41b7a75f6"}
,"/home/fuzz/node_modules/tree-kit/lib/extend.js": {"path":"/home/fuzz/node_modules/tree-kit/lib/extend.js","statementMap":{"0":{"start":{"line":64,"column":30},"end":{"line":64,"column":35}},"1":{"start":{"line":64,"column":47},"end":{"line":64,"column":61}},"2":{"start":{"line":66,"column":1},"end":{"line":66,"column":36}},"3":{"start":{"line":66,"column":19},"end":{"line":66,"column":34}},"4":{"start":{"line":68,"column":1},"end":{"line":68,"column":67}},"5":{"start":{"line":68,"column":51},"end":{"line":68,"column":65}},"6":{"start":{"line":70,"column":15},"end":{"line":70,"column":40}},"7":{"start":{"line":72,"column":1},"end":{"line":75,"column":2}},"8":{"start":{"line":73,"column":2},"end":{"line":74,"column":73}},"9":{"start":{"line":73,"column":41},"end":{"line":73,"column":81}},"10":{"start":{"line":74,"column":7},"end":{"line":74,"column":73}},"11":{"start":{"line":74,"column":50},"end":{"line":74,"column":71}},"12":{"start":{"line":77,"column":1},"end":{"line":80,"column":2}},"13":{"start":{"line":78,"column":2},"end":{"line":79,"column":85}},"14":{"start":{"line":78,"column":47},"end":{"line":78,"column":99}},"15":{"start":{"line":79,"column":7},"end":{"line":79,"column":85}},"16":{"start":{"line":79,"column":56},"end":{"line":79,"column":83}},"17":{"start":{"line":82,"column":1},"end":{"line":82,"column":93}},"18":{"start":{"line":82,"column":67},"end":{"line":82,"column":91}},"19":{"start":{"line":84,"column":1},"end":{"line":84,"column":50}},"20":{"start":{"line":84,"column":27},"end":{"line":84,"column":48}},"21":{"start":{"line":87,"column":1},"end":{"line":93,"column":2}},"22":{"start":{"line":88,"column":2},"end":{"line":88,"column":23}},"23":{"start":{"line":89,"column":2},"end":{"line":89,"column":25}},"24":{"start":{"line":90,"column":2},"end":{"line":90,"column":27}},"25":{"start":{"line":91,"column":2},"end":{"line":91,"column":26}},"26":{"start":{"line":92,"column":2},"end":{"line":92,"column":66}},"27":{"start":{"line":92,"column":44},"end":{"line":92,"column":64}},"28":{"start":{"line":95,"column":1},"end":{"line":101,"column":2}},"29":{"start":{"line":96,"column":2},"end":{"line":96,"column":24}},"30":{"start":{"line":97,"column":2},"end":{"line":97,"column":25}},"31":{"start":{"line":98,"column":2},"end":{"line":98,"column":27}},"32":{"start":{"line":99,"column":2},"end":{"line":99,"column":24}},"33":{"start":{"line":100,"column":2},"end":{"line":100,"column":70}},"34":{"start":{"line":100,"column":46},"end":{"line":100,"column":68}},"35":{"start":{"line":104,"column":1},"end":{"line":105,"column":51}},"36":{"start":{"line":104,"column":26},"end":{"line":104,"column":46}},"37":{"start":{"line":104,"column":47},"end":{"line":104,"column":70}},"38":{"start":{"line":105,"column":6},"end":{"line":105,"column":51}},"39":{"start":{"line":105,"column":29},"end":{"line":105,"column":49}},"40":{"start":{"line":107,"column":1},"end":{"line":109,"column":2}},"41":{"start":{"line":108,"column":2},"end":{"line":108,"column":20}},"42":{"start":{"line":111,"column":1},"end":{"line":130,"column":2}},"43":{"start":{"line":112,"column":2},"end":{"line":126,"column":3}},"44":{"start":{"line":113,"column":3},"end":{"line":113,"column":26}},"45":{"start":{"line":114,"column":3},"end":{"line":125,"column":4}},"46":{"start":{"line":115,"column":4},"end":{"line":122,"column":5}},"47":{"start":{"line":116,"column":5},"end":{"line":117,"column":56}},"48":{"start":{"line":116,"column":24},"end":{"line":116,"column":58}},"49":{"start":{"line":117,"column":12},"end":{"line":117,"column":54}},"50":{"start":{"line":119,"column":9},"end":{"line":122,"column":5}},"51":{"start":{"line":120,"column":5},"end":{"line":121,"column":81}},"52":{"start":{"line":120,"column":24},"end":{"line":120,"column":83}},"53":{"start":{"line":121,"column":12},"end":{"line":121,"column":79}},"54":{"start":{"line":124,"column":4},"end":{"line":124,"column":11}},"55":{"start":{"line":128,"column":6},"end":{"line":130,"column":2}},"56":{"start":{"line":129,"column":2},"end":{"line":129,"column":15}},"57":{"start":{"line":132,"column":1},"end":{"line":132,"column":53}},"58":{"start":{"line":134,"column":1},"end":{"line":138,"column":2}},"59":{"start":{"line":135,"column":2},"end":{"line":135,"column":25}},"60":{"start":{"line":136,"column":2},"end":{"line":136,"column":98}},"61":{"start":{"line":136,"column":86},"end":{"line":136,"column":96}},"62":{"start":{"line":137,"column":2},"end":{"line":137,"column":52}},"63":{"start":{"line":140,"column":1},"end":{"line":140,"column":16}},"64":{"start":{"line":143,"column":0},"end":{"line":143,"column":25}},"65":{"start":{"line":153,"column":18},"end":{"line":153,"column":20}},"66":{"start":{"line":156,"column":1},"end":{"line":158,"column":2}},"67":{"start":{"line":157,"column":2},"end":{"line":157,"column":85}},"68":{"start":{"line":161,"column":1},"end":{"line":164,"column":2}},"69":{"start":{"line":162,"column":2},"end":{"line":162,"column":45}},"70":{"start":{"line":163,"column":2},"end":{"line":163,"column":45}},"71":{"start":{"line":166,"column":1},"end":{"line":170,"column":31}},"72":{"start":{"line":167,"column":2},"end":{"line":168,"column":47}},"73":{"start":{"line":167,"column":27},"end":{"line":167,"column":78}},"74":{"start":{"line":168,"column":9},"end":{"line":168,"column":45}},"75":{"start":{"line":170,"column":8},"end":{"line":170,"column":29}},"76":{"start":{"line":172,"column":1},"end":{"line":303,"column":2}},"77":{"start":{"line":173,"column":2},"end":{"line":173,"column":62}},"78":{"start":{"line":173,"column":23},"end":{"line":173,"column":60}},"79":{"start":{"line":176,"column":2},"end":{"line":176,"column":49}},"80":{"start":{"line":176,"column":37},"end":{"line":176,"column":47}},"81":{"start":{"line":179,"column":2},"end":{"line":186,"column":3}},"82":{"start":{"line":180,"column":3},"end":{"line":180,"column":77}},"83":{"start":{"line":181,"column":3},"end":{"line":181,"column":41}},"84":{"start":{"line":185,"column":3},"end":{"line":185,"column":38}},"85":{"start":{"line":188,"column":2},"end":{"line":188,"column":26}},"86":{"start":{"line":189,"column":2},"end":{"line":189,"column":42}},"87":{"start":{"line":192,"column":2},"end":{"line":192,"column":75}},"88":{"start":{"line":192,"column":63},"end":{"line":192,"column":73}},"89":{"start":{"line":195,"column":2},"end":{"line":212,"column":3}},"90":{"start":{"line":196,"column":3},"end":{"line":196,"column":45}},"91":{"start":{"line":197,"column":3},"end":{"line":197,"column":27}},"92":{"start":{"line":199,"column":3},"end":{"line":211,"column":4}},"93":{"start":{"line":200,"column":4},"end":{"line":208,"column":5}},"94":{"start":{"line":201,"column":5},"end":{"line":205,"column":6}},"95":{"start":{"line":204,"column":6},"end":{"line":204,"column":39}},"96":{"start":{"line":207,"column":5},"end":{"line":207,"column":49}},"97":{"start":{"line":210,"column":4},"end":{"line":210,"column":47}},"98":{"start":{"line":215,"column":2},"end":{"line":299,"column":3}},"99":{"start":{"line":224,"column":3},"end":{"line":226,"column":4}},"100":{"start":{"line":225,"column":4},"end":{"line":225,"column":71}},"101":{"start":{"line":228,"column":3},"end":{"line":290,"column":4}},"102":{"start":{"line":230,"column":4},"end":{"line":230,"column":44}},"103":{"start":{"line":230,"column":32},"end":{"line":230,"column":42}},"104":{"start":{"line":232,"column":4},"end":{"line":235,"column":7}},"105":{"start":{"line":238,"column":4},"end":{"line":253,"column":5}},"106":{"start":{"line":240,"column":5},"end":{"line":250,"column":6}},"107":{"start":{"line":241,"column":6},"end":{"line":246,"column":11}},"108":{"start":{"line":249,"column":6},"end":{"line":249,"column":80}},"109":{"start":{"line":252,"column":5},"end":{"line":252,"column":15}},"110":{"start":{"line":255,"column":4},"end":{"line":278,"column":5}},"111":{"start":{"line":256,"column":5},"end":{"line":259,"column":26}},"112":{"start":{"line":256,"column":43},"end":{"line":256,"column":55}},"113":{"start":{"line":257,"column":10},"end":{"line":259,"column":26}},"114":{"start":{"line":257,"column":33},"end":{"line":257,"column":76}},"115":{"start":{"line":258,"column":10},"end":{"line":259,"column":26}},"116":{"start":{"line":258,"column":35},"end":{"line":258,"column":73}},"117":{"start":{"line":259,"column":12},"end":{"line":259,"column":24}},"118":{"start":{"line":261,"column":5},"end":{"line":271,"column":6}},"119":{"start":{"line":262,"column":6},"end":{"line":267,"column":11}},"120":{"start":{"line":270,"column":6},"end":{"line":270,"column":42}},"121":{"start":{"line":273,"column":9},"end":{"line":278,"column":5}},"122":{"start":{"line":274,"column":5},"end":{"line":274,"column":77}},"123":{"start":{"line":276,"column":9},"end":{"line":278,"column":5}},"124":{"start":{"line":277,"column":5},"end":{"line":277,"column":72}},"125":{"start":{"line":280,"column":4},"end":{"line":283,"column":5}},"126":{"start":{"line":281,"column":5},"end":{"line":281,"column":53}},"127":{"start":{"line":282,"column":5},"end":{"line":282,"column":68}},"128":{"start":{"line":286,"column":4},"end":{"line":289,"column":7}},"129":{"start":{"line":292,"column":7},"end":{"line":299,"column":3}},"130":{"start":{"line":294,"column":3},"end":{"line":294,"column":13}},"131":{"start":{"line":296,"column":7},"end":{"line":299,"column":3}},"132":{"start":{"line":297,"column":3},"end":{"line":298,"column":54}},"133":{"start":{"line":297,"column":31},"end":{"line":297,"column":102}},"134":{"start":{"line":298,"column":10},"end":{"line":298,"column":52}},"135":{"start":{"line":302,"column":2},"end":{"line":302,"column":54}},"136":{"start":{"line":302,"column":24},"end":{"line":302,"column":52}}},"fnMap":{"0":{"name":"extend","decl":{"start":{"line":62,"column":9},"end":{"line":62,"column":15}},"loc":{"start":{"line":62,"column":50},"end":{"line":141,"column":1}},"line":62},"1":{"name":"extendOne","decl":{"start":{"line":147,"column":9},"end":{"line":147,"column":18}},"loc":{"start":{"line":147,"column":58},"end":{"line":304,"column":1}},"line":147}},"branchMap":{"0":{"loc":{"start":{"line":66,"column":1},"end":{"line":66,"column":36}},"type":"if","locations":[{"start":{"line":66,"column":1},"end":{"line":66,"column":36}},{"start":{},"end":{}}],"line":66},"1":{"loc":{"start":{"line":68,"column":1},"end":{"line":68,"column":67}},"type":"if","locations":[{"start":{"line":68,"column":1},"end":{"line":68,"column":67}},{"start":{},"end":{}}],"line":68},"2":{"loc":{"start":{"line":68,"column":6},"end":{"line":68,"column":46}},"type":"binary-expr","locations":[{"start":{"line":68,"column":6},"end":{"line":68,"column":15}},{"start":{"line":68,"column":19},"end":{"line":68,"column":46}}],"line":68},"3":{"loc":{"start":{"line":72,"column":1},"end":{"line":75,"column":2}},"type":"if","locations":[{"start":{"line":72,"column":1},"end":{"line":75,"column":2}},{"start":{},"end":{}}],"line":72},"4":{"loc":{"start":{"line":73,"column":2},"end":{"line":74,"column":73}},"type":"if","locations":[{"start":{"line":73,"column":2},"end":{"line":74,"column":73}},{"start":{"line":74,"column":7},"end":{"line":74,"column":73}}],"line":73},"5":{"loc":{"start":{"line":74,"column":7},"end":{"line":74,"column":73}},"type":"if","locations":[{"start":{"line":74,"column":7},"end":{"line":74,"column":73}},{"start":{},"end":{}}],"line":74},"6":{"loc":{"start":{"line":77,"column":1},"end":{"line":80,"column":2}},"type":"if","locations":[{"start":{"line":77,"column":1},"end":{"line":80,"column":2}},{"start":{},"end":{}}],"line":77},"7":{"loc":{"start":{"line":78,"column":2},"end":{"line":79,"column":85}},"type":"if","locations":[{"start":{"line":78,"column":2},"end":{"line":79,"column":85}},{"start":{"line":79,"column":7},"end":{"line":79,"column":85}}],"line":78},"8":{"loc":{"start":{"line":79,"column":7},"end":{"line":79,"column":85}},"type":"if","locations":[{"start":{"line":79,"column":7},"end":{"line":79,"column":85}},{"start":{},"end":{}}],"line":79},"9":{"loc":{"start":{"line":82,"column":1},"end":{"line":82,"column":93}},"type":"if","locations":[{"start":{"line":82,"column":1},"end":{"line":82,"column":93}},{"start":{},"end":{}}],"line":82},"10":{"loc":{"start":{"line":82,"column":6},"end":{"line":82,"column":62}},"type":"binary-expr","locations":[{"start":{"line":82,"column":6},"end":{"line":82,"column":24}},{"start":{"line":82,"column":28},"end":{"line":82,"column":40}},{"start":{"line":82,"column":44},"end":{"line":82,"column":62}}],"line":82},"11":{"loc":{"start":{"line":84,"column":1},"end":{"line":84,"column":50}},"type":"if","locations":[{"start":{"line":84,"column":1},"end":{"line":84,"column":50}},{"start":{},"end":{}}],"line":84},"12":{"loc":{"start":{"line":87,"column":1},"end":{"line":93,"column":2}},"type":"if","locations":[{"start":{"line":87,"column":1},"end":{"line":93,"column":2}},{"start":{},"end":{}}],"line":87},"13":{"loc":{"start":{"line":92,"column":2},"end":{"line":92,"column":66}},"type":"if","locations":[{"start":{"line":92,"column":2},"end":{"line":92,"column":66}},{"start":{},"end":{}}],"line":92},"14":{"loc":{"start":{"line":95,"column":1},"end":{"line":101,"column":2}},"type":"if","locations":[{"start":{"line":95,"column":1},"end":{"line":101,"column":2}},{"start":{},"end":{}}],"line":95},"15":{"loc":{"start":{"line":100,"column":2},"end":{"line":100,"column":70}},"type":"if","locations":[{"start":{"line":100,"column":2},"end":{"line":100,"column":70}},{"start":{},"end":{}}],"line":100},"16":{"loc":{"start":{"line":104,"column":1},"end":{"line":105,"column":51}},"type":"if","locations":[{"start":{"line":104,"column":1},"end":{"line":105,"column":51}},{"start":{"line":105,"column":6},"end":{"line":105,"column":51}}],"line":104},"17":{"loc":{"start":{"line":105,"column":6},"end":{"line":105,"column":51}},"type":"if","locations":[{"start":{"line":105,"column":6},"end":{"line":105,"column":51}},{"start":{},"end":{}}],"line":105},"18":{"loc":{"start":{"line":107,"column":1},"end":{"line":109,"column":2}},"type":"if","locations":[{"start":{"line":107,"column":1},"end":{"line":109,"column":2}},{"start":{},"end":{}}],"line":107},"19":{"loc":{"start":{"line":107,"column":6},"end":{"line":107,"column":80}},"type":"binary-expr","locations":[{"start":{"line":107,"column":6},"end":{"line":107,"column":14}},{"start":{"line":107,"column":20},"end":{"line":107,"column":46}},{"start":{"line":107,"column":50},"end":{"line":107,"column":78}}],"line":107},"20":{"loc":{"start":{"line":111,"column":1},"end":{"line":130,"column":2}},"type":"if","locations":[{"start":{"line":111,"column":1},"end":{"line":130,"column":2}},{"start":{"line":128,"column":6},"end":{"line":130,"column":2}}],"line":111},"21":{"loc":{"start":{"line":111,"column":6},"end":{"line":111,"column":64}},"type":"binary-expr","locations":[{"start":{"line":111,"column":6},"end":{"line":111,"column":24}},{"start":{"line":111,"column":30},"end":{"line":111,"column":45}},{"start":{"line":111,"column":49},"end":{"line":111,"column":62}}],"line":111},"22":{"loc":{"start":{"line":114,"column":3},"end":{"line":125,"column":4}},"type":"if","locations":[{"start":{"line":114,"column":3},"end":{"line":125,"column":4}},{"start":{},"end":{}}],"line":114},"23":{"loc":{"start":{"line":114,"column":8},"end":{"line":114,"column":80}},"type":"binary-expr","locations":[{"start":{"line":114,"column":8},"end":{"line":114,"column":14}},{"start":{"line":114,"column":20},"end":{"line":114,"column":46}},{"start":{"line":114,"column":50},"end":{"line":114,"column":78}}],"line":114},"24":{"loc":{"start":{"line":115,"column":4},"end":{"line":122,"column":5}},"type":"if","locations":[{"start":{"line":115,"column":4},"end":{"line":122,"column":5}},{"start":{"line":119,"column":9},"end":{"line":122,"column":5}}],"line":115},"25":{"loc":{"start":{"line":116,"column":5},"end":{"line":117,"column":56}},"type":"if","locations":[{"start":{"line":116,"column":5},"end":{"line":117,"column":56}},{"start":{"line":117,"column":10},"end":{"line":117,"column":56}}],"line":116},"26":{"loc":{"start":{"line":119,"column":9},"end":{"line":122,"column":5}},"type":"if","locations":[{"start":{"line":119,"column":9},"end":{"line":122,"column":5}},{"start":{},"end":{}}],"line":119},"27":{"loc":{"start":{"line":120,"column":5},"end":{"line":121,"column":81}},"type":"if","locations":[{"start":{"line":120,"column":5},"end":{"line":121,"column":81}},{"start":{"line":121,"column":10},"end":{"line":121,"column":81}}],"line":120},"28":{"loc":{"start":{"line":128,"column":6},"end":{"line":130,"column":2}},"type":"if","locations":[{"start":{"line":128,"column":6},"end":{"line":130,"column":2}},{"start":{},"end":{}}],"line":128},"29":{"loc":{"start":{"line":136,"column":2},"end":{"line":136,"column":98}},"type":"if","locations":[{"start":{"line":136,"column":2},"end":{"line":136,"column":98}},{"start":{},"end":{}}],"line":136},"30":{"loc":{"start":{"line":136,"column":7},"end":{"line":136,"column":81}},"type":"binary-expr","locations":[{"start":{"line":136,"column":7},"end":{"line":136,"column":15}},{"start":{"line":136,"column":21},"end":{"line":136,"column":47}},{"start":{"line":136,"column":51},"end":{"line":136,"column":79}}],"line":136},"31":{"loc":{"start":{"line":156,"column":1},"end":{"line":158,"column":2}},"type":"if","locations":[{"start":{"line":156,"column":1},"end":{"line":158,"column":2}},{"start":{},"end":{}}],"line":156},"32":{"loc":{"start":{"line":156,"column":6},"end":{"line":156,"column":58}},"type":"binary-expr","locations":[{"start":{"line":156,"column":6},"end":{"line":156,"column":22}},{"start":{"line":156,"column":26},"end":{"line":156,"column":58}}],"line":156},"33":{"loc":{"start":{"line":161,"column":1},"end":{"line":164,"column":2}},"type":"if","locations":[{"start":{"line":161,"column":1},"end":{"line":164,"column":2}},{"start":{},"end":{}}],"line":161},"34":{"loc":{"start":{"line":166,"column":1},"end":{"line":170,"column":31}},"type":"if","locations":[{"start":{"line":166,"column":1},"end":{"line":170,"column":31}},{"start":{"line":170,"column":6},"end":{"line":170,"column":31}}],"line":166},"35":{"loc":{"start":{"line":167,"column":2},"end":{"line":168,"column":47}},"type":"if","locations":[{"start":{"line":167,"column":2},"end":{"line":168,"column":47}},{"start":{"line":168,"column":7},"end":{"line":168,"column":47}}],"line":167},"36":{"loc":{"start":{"line":173,"column":2},"end":{"line":173,"column":62}},"type":"if","locations":[{"start":{"line":173,"column":2},"end":{"line":173,"column":62}},{"start":{},"end":{}}],"line":173},"37":{"loc":{"start":{"line":176,"column":2},"end":{"line":176,"column":49}},"type":"if","locations":[{"start":{"line":176,"column":2},"end":{"line":176,"column":49}},{"start":{},"end":{}}],"line":176},"38":{"loc":{"start":{"line":179,"column":2},"end":{"line":186,"column":3}},"type":"if","locations":[{"start":{"line":179,"column":2},"end":{"line":186,"column":3}},{"start":{"line":183,"column":7},"end":{"line":186,"column":3}}],"line":179},"39":{"loc":{"start":{"line":192,"column":2},"end":{"line":192,"column":75}},"type":"if","locations":[{"start":{"line":192,"column":2},"end":{"line":192,"column":75}},{"start":{},"end":{}}],"line":192},"40":{"loc":{"start":{"line":192,"column":7},"end":{"line":192,"column":58}},"type":"binary-expr","locations":[{"start":{"line":192,"column":7},"end":{"line":192,"column":21}},{"start":{"line":192,"column":25},"end":{"line":192,"column":58}}],"line":192},"41":{"loc":{"start":{"line":195,"column":2},"end":{"line":212,"column":3}},"type":"if","locations":[{"start":{"line":195,"column":2},"end":{"line":212,"column":3}},{"start":{},"end":{}}],"line":195},"42":{"loc":{"start":{"line":195,"column":7},"end":{"line":195,"column":44}},"type":"binary-expr","locations":[{"start":{"line":195,"column":7},"end":{"line":195,"column":21}},{"start":{"line":195,"column":25},"end":{"line":195,"column":44}}],"line":195},"43":{"loc":{"start":{"line":199,"column":3},"end":{"line":211,"column":4}},"type":"if","locations":[{"start":{"line":199,"column":3},"end":{"line":211,"column":4}},{"start":{},"end":{}}],"line":199},"44":{"loc":{"start":{"line":201,"column":5},"end":{"line":205,"column":6}},"type":"if","locations":[{"start":{"line":201,"column":5},"end":{"line":205,"column":6}},{"start":{},"end":{}}],"line":201},"45":{"loc":{"start":{"line":201,"column":10},"end":{"line":203,"column":57}},"type":"binary-expr","locations":[{"start":{"line":201,"column":10},"end":{"line":201,"column":38}},{"start":{"line":202,"column":8},"end":{"line":202,"column":54}},{"start":{"line":203,"column":7},"end":{"line":203,"column":55}}],"line":201},"46":{"loc":{"start":{"line":215,"column":2},"end":{"line":299,"column":3}},"type":"if","locations":[{"start":{"line":215,"column":2},"end":{"line":299,"column":3}},{"start":{"line":292,"column":7},"end":{"line":299,"column":3}}],"line":215},"47":{"loc":{"start":{"line":215,"column":7},"end":{"line":222,"column":78}},"type":"binary-expr","locations":[{"start":{"line":215,"column":7},"end":{"line":215,"column":19}},{"start":{"line":216,"column":6},"end":{"line":216,"column":17}},{"start":{"line":217,"column":8},"end":{"line":217,"column":39}},{"start":{"line":217,"column":45},"end":{"line":217,"column":61}},{"start":{"line":217,"column":65},"end":{"line":217,"column":98}},{"start":{"line":218,"column":8},"end":{"line":218,"column":28}},{"start":{"line":218,"column":32},"end":{"line":218,"column":54}},{"start":{"line":220,"column":10},"end":{"line":220,"column":65}},{"start":{"line":220,"column":71},"end":{"line":220,"column":75}},{"start":{"line":221,"column":8},"end":{"line":221,"column":41}},{"start":{"line":221,"column":45},"end":{"line":221,"column":81}},{"start":{"line":222,"column":8},"end":{"line":222,"column":28}},{"start":{"line":222,"column":32},"end":{"line":222,"column":76}}],"line":215},"48":{"loc":{"start":{"line":224,"column":3},"end":{"line":226,"column":4}},"type":"if","locations":[{"start":{"line":224,"column":3},"end":{"line":226,"column":4}},{"start":{},"end":{}}],"line":224},"49":{"loc":{"start":{"line":228,"column":3},"end":{"line":290,"column":4}},"type":"if","locations":[{"start":{"line":228,"column":3},"end":{"line":290,"column":4}},{"start":{"line":237,"column":8},"end":{"line":290,"column":4}}],"line":228},"50":{"loc":{"start":{"line":230,"column":4},"end":{"line":230,"column":44}},"type":"if","locations":[{"start":{"line":230,"column":4},"end":{"line":230,"column":44}},{"start":{},"end":{}}],"line":230},"51":{"loc":{"start":{"line":238,"column":4},"end":{"line":253,"column":5}},"type":"if","locations":[{"start":{"line":238,"column":4},"end":{"line":253,"column":5}},{"start":{},"end":{}}],"line":238},"52":{"loc":{"start":{"line":240,"column":5},"end":{"line":250,"column":6}},"type":"if","locations":[{"start":{"line":240,"column":5},"end":{"line":250,"column":6}},{"start":{"line":248,"column":10},"end":{"line":250,"column":6}}],"line":240},"53":{"loc":{"start":{"line":255,"column":4},"end":{"line":278,"column":5}},"type":"if","locations":[{"start":{"line":255,"column":4},"end":{"line":278,"column":5}},{"start":{"line":273,"column":9},"end":{"line":278,"column":5}}],"line":255},"54":{"loc":{"start":{"line":255,"column":9},"end":{"line":255,"column":214}},"type":"binary-expr","locations":[{"start":{"line":255,"column":9},"end":{"line":255,"column":37}},{"start":{"line":255,"column":41},"end":{"line":255,"column":108}},{"start":{"line":255,"column":114},"end":{"line":255,"column":160}},{"start":{"line":255,"column":164},"end":{"line":255,"column":212}}],"line":255},"55":{"loc":{"start":{"line":256,"column":5},"end":{"line":259,"column":26}},"type":"if","locations":[{"start":{"line":256,"column":5},"end":{"line":259,"column":26}},{"start":{"line":257,"column":10},"end":{"line":259,"column":26}}],"line":256},"56":{"loc":{"start":{"line":257,"column":10},"end":{"line":259,"column":26}},"type":"if","locations":[{"start":{"line":257,"column":10},"end":{"line":259,"column":26}},{"start":{"line":258,"column":10},"end":{"line":259,"column":26}}],"line":257},"57":{"loc":{"start":{"line":258,"column":10},"end":{"line":259,"column":26}},"type":"if","locations":[{"start":{"line":258,"column":10},"end":{"line":259,"column":26}},{"start":{"line":259,"column":10},"end":{"line":259,"column":26}}],"line":258},"58":{"loc":{"start":{"line":261,"column":5},"end":{"line":271,"column":6}},"type":"if","locations":[{"start":{"line":261,"column":5},"end":{"line":271,"column":6}},{"start":{"line":269,"column":10},"end":{"line":271,"column":6}}],"line":261},"59":{"loc":{"start":{"line":273,"column":9},"end":{"line":278,"column":5}},"type":"if","locations":[{"start":{"line":273,"column":9},"end":{"line":278,"column":5}},{"start":{"line":276,"column":9},"end":{"line":278,"column":5}}],"line":273},"60":{"loc":{"start":{"line":273,"column":14},"end":{"line":273,"column":103}},"type":"binary-expr","locations":[{"start":{"line":273,"column":14},"end":{"line":273,"column":27}},{"start":{"line":273,"column":31},"end":{"line":273,"column":103}}],"line":273},"61":{"loc":{"start":{"line":276,"column":9},"end":{"line":278,"column":5}},"type":"if","locations":[{"start":{"line":276,"column":9},"end":{"line":278,"column":5}},{"start":{},"end":{}}],"line":276},"62":{"loc":{"start":{"line":276,"column":14},"end":{"line":276,"column":100}},"type":"binary-expr","locations":[{"start":{"line":276,"column":14},"end":{"line":276,"column":29}},{"start":{"line":276,"column":33},"end":{"line":276,"column":100}}],"line":276},"63":{"loc":{"start":{"line":280,"column":4},"end":{"line":283,"column":5}},"type":"if","locations":[{"start":{"line":280,"column":4},"end":{"line":283,"column":5}},{"start":{},"end":{}}],"line":280},"64":{"loc":{"start":{"line":292,"column":7},"end":{"line":299,"column":3}},"type":"if","locations":[{"start":{"line":292,"column":7},"end":{"line":299,"column":3}},{"start":{"line":296,"column":7},"end":{"line":299,"column":3}}],"line":292},"65":{"loc":{"start":{"line":292,"column":12},"end":{"line":292,"column":72}},"type":"binary-expr","locations":[{"start":{"line":292,"column":12},"end":{"line":292,"column":28}},{"start":{"line":292,"column":32},"end":{"line":292,"column":72}}],"line":292},"66":{"loc":{"start":{"line":296,"column":7},"end":{"line":299,"column":3}},"type":"if","locations":[{"start":{"line":296,"column":7},"end":{"line":299,"column":3}},{"start":{},"end":{}}],"line":296},"67":{"loc":{"start":{"line":297,"column":3},"end":{"line":298,"column":54}},"type":"if","locations":[{"start":{"line":297,"column":3},"end":{"line":298,"column":54}},{"start":{"line":298,"column":8},"end":{"line":298,"column":54}}],"line":297},"68":{"loc":{"start":{"line":302,"column":2},"end":{"line":302,"column":54}},"type":"if","locations":[{"start":{"line":302,"column":2},"end":{"line":302,"column":54}},{"start":{},"end":{}}],"line":302}},"s":{"0":0,"1":0,"2":0,"3":0,"4":0,"5":0,"6":0,"7":0,"8":0,"9":0,"10":0,"11":0,"12":0,"13":0,"14":0,"15":0,"16":0,"17":0,"18":0,"19":0,"20":0,"21":0,"22":0,"23":0,"24":0,"25":0,"26":0,"27":0,"28":0,"29":0,"30":0,"31":0,"32":0,"33":0,"34":0,"35":0,"36":0,"37":0,"38":0,"39":0,"40":0,"41":0,"42":0,"43":0,"44":0,"45":0,"46":0,"47":0,"48":0,"49":0,"50":0,"51":0,"52":0,"53":0,"54":0,"55":0,"56":0,"57":0,"58":0,"59":0,"60":0,"61":0,"62":0,"63":0,"64":1,"65":0,"66":0,"67":0,"68":0,"69":0,"70":0,"71":0,"72":0,"73":0,"74":0,"75":0,"76":0,"77":0,"78":0,"79":0,"80":0,"81":0,"82":0,"83":0,"84":0,"85":0,"86":0,"87":0,"88":0,"89":0,"90":0,"91":0,"92":0,"93":0,"94":0,"95":0,"96":0,"97":0,"98":0,"99":0,"100":0,"101":0,"102":0,"103":0,"104":0,"105":0,"106":0,"107":0,"108":0,"109":0,"110":0,"111":0,"112":0,"113":0,"114":0,"115":0,"116":0,"117":0,"118":0,"119":0,"120":0,"121":0,"122":0,"123":0,"124":0,"125":0,"126":0,"127":0,"128":0,"129":0,"130":0,"131":0,"132":0,"133":0,"134":0,"135":0,"136":0},"f":{"0":0,"1":0},"b":{"0":[0,0],"1":[0,0],"2":[0,0],"3":[0,0],"4":[0,0],"5":[0,0],"6":[0,0],"7":[0,0],"8":[0,0],"9":[0,0],"10":[0,0,0],"11":[0,0],"12":[0,0],"13":[0,0],"14":[0,0],"15":[0,0],"16":[0,0],"17":[0,0],"18":[0,0],"19":[0,0,0],"20":[0,0],"21":[0,0,0],"22":[0,0],"23":[0,0,0],"24":[0,0],"25":[0,0],"26":[0,0],"27":[0,0],"28":[0,0],"29":[0,0],"30":[0,0,0],"31":[0,0],"32":[0,0],"33":[0,0],"34":[0,0],"35":[0,0],"36":[0,0],"37":[0,0],"38":[0,0],"39":[0,0],"40":[0,0],"41":[0,0],"42":[0,0],"43":[0,0],"44":[0,0],"45":[0,0,0],"46":[0,0],"47":[0,0,0,0,0,0,0,0,0,0,0,0,0],"48":[0,0],"49":[0,0],"50":[0,0],"51":[0,0],"52":[0,0],"53":[0,0],"54":[0,0,0,0],"55":[0,0],"56":[0,0],"57":[0,0],"58":[0,0],"59":[0,0],"60":[0,0],"61":[0,0],"62":[0,0],"63":[0,0],"64":[0,0],"65":[0,0],"66":[0,0],"67":[0,0],"68":[0,0]},"_coverageSchema":"1a1c01bbd47fc00a2c39e90264f33305004495a9","hash":"2b67805495342858ecf30a02cf0231e32a1efbe3"}
,"/home/fuzz/node_modules/tree-kit/lib/lazy.js": {"path":"/home/fuzz/node_modules/tree-kit/lib/lazy.js","statementMap":{"0":{"start":{"line":35,"column":0},"end":{"line":53,"column":3}},"1":{"start":{"line":36,"column":1},"end":{"line":52,"column":6}},"2":{"start":{"line":41,"column":15},"end":{"line":41,"column":21}},"3":{"start":{"line":43,"column":3},"end":{"line":48,"column":8}},"4":{"start":{"line":50,"column":3},"end":{"line":50,"column":17}}},"fnMap":{"0":{"name":"defineLazyProperty","decl":{"start":{"line":35,"column":38},"end":{"line":35,"column":56}},"loc":{"start":{"line":35,"column":81},"end":{"line":53,"column":1}},"line":35},"1":{"name":"(anonymous_1)","decl":{"start":{"line":39,"column":7},"end":{"line":39,"column":8}},"loc":{"start":{"line":39,"column":18},"end":{"line":51,"column":3}},"line":39}},"branchMap":{},"s":{"0":1,"1":0,"2":0,"3":0,"4":0},"f":{"0":0,"1":0},"b":{},"_coverageSchema":"1a1c01bbd47fc00a2c39e90264f33305004495a9","hash":"318112c0bb2127872b981b60def85e64e003e970"}
,"/home/fuzz/node_modules/tree-kit/lib/mask.js": {"path":"/home/fuzz/node_modules/tree-kit/lib/mask.js","statementMap":{"0":{"start":{"line":31,"column":11},"end":{"line":31,"column":33}},"1":{"start":{"line":32,"column":11},"end":{"line":32,"column":28}},"2":{"start":{"line":37,"column":14},"end":{"line":37,"column":16}},"3":{"start":{"line":38,"column":0},"end":{"line":38,"column":26}},"4":{"start":{"line":55,"column":0},"end":{"line":57,"column":3}},"5":{"start":{"line":56,"column":1},"end":{"line":56,"column":60}},"6":{"start":{"line":61,"column":25},"end":{"line":65,"column":1}},"7":{"start":{"line":76,"column":0},"end":{"line":91,"column":3}},"8":{"start":{"line":77,"column":1},"end":{"line":79,"column":2}},"9":{"start":{"line":78,"column":2},"end":{"line":78,"column":83}},"10":{"start":{"line":81,"column":1},"end":{"line":82,"column":40}},"11":{"start":{"line":81,"column":58},"end":{"line":81,"column":125}},"12":{"start":{"line":82,"column":8},"end":{"line":82,"column":38}},"13":{"start":{"line":84,"column":12},"end":{"line":86,"column":4}},"14":{"start":{"line":88,"column":1},"end":{"line":88,"column":44}},"15":{"start":{"line":90,"column":1},"end":{"line":90,"column":14}},"16":{"start":{"line":96,"column":0},"end":{"line":229,"column":3}},"17":{"start":{"line":98,"column":1},"end":{"line":100,"column":2}},"18":{"start":{"line":99,"column":2},"end":{"line":99,"column":80}},"19":{"start":{"line":102,"column":1},"end":{"line":118,"column":2}},"20":{"start":{"line":103,"column":2},"end":{"line":110,"column":5}},"21":{"start":{"line":112,"column":6},"end":{"line":118,"column":2}},"22":{"start":{"line":113,"column":2},"end":{"line":117,"column":5}},"23":{"start":{"line":125,"column":16},"end":{"line":125,"column":43}},"24":{"start":{"line":128,"column":1},"end":{"line":129,"column":23}},"25":{"start":{"line":128,"column":33},"end":{"line":128,"column":46}},"26":{"start":{"line":129,"column":8},"end":{"line":129,"column":21}},"27":{"start":{"line":133,"column":1},"end":{"line":226,"column":2}},"28":{"start":{"line":134,"column":2},"end":{"line":134,"column":26}},"29":{"start":{"line":135,"column":2},"end":{"line":135,"column":35}},"30":{"start":{"line":140,"column":2},"end":{"line":179,"column":3}},"31":{"start":{"line":142,"column":3},"end":{"line":142,"column":40}},"32":{"start":{"line":144,"column":3},"end":{"line":176,"column":4}},"33":{"start":{"line":145,"column":4},"end":{"line":145,"column":34}},"34":{"start":{"line":146,"column":4},"end":{"line":146,"column":36}},"35":{"start":{"line":149,"column":4},"end":{"line":149,"column":72}},"36":{"start":{"line":152,"column":4},"end":{"line":175,"column":5}},"37":{"start":{"line":153,"column":5},"end":{"line":163,"column":6}},"38":{"start":{"line":154,"column":6},"end":{"line":159,"column":7}},"39":{"start":{"line":155,"column":7},"end":{"line":155,"column":90}},"40":{"start":{"line":158,"column":7},"end":{"line":158,"column":132}},"41":{"start":{"line":161,"column":10},"end":{"line":163,"column":6}},"42":{"start":{"line":162,"column":6},"end":{"line":162,"column":123}},"43":{"start":{"line":165,"column":9},"end":{"line":175,"column":5}},"44":{"start":{"line":167,"column":5},"end":{"line":167,"column":79}},"45":{"start":{"line":168,"column":5},"end":{"line":168,"column":75}},"46":{"start":{"line":168,"column":44},"end":{"line":168,"column":73}},"47":{"start":{"line":170,"column":9},"end":{"line":175,"column":5}},"48":{"start":{"line":171,"column":5},"end":{"line":171,"column":75}},"49":{"start":{"line":174,"column":5},"end":{"line":174,"column":38}},"50":{"start":{"line":178,"column":3},"end":{"line":178,"column":13}},"51":{"start":{"line":182,"column":2},"end":{"line":182,"column":65}},"52":{"start":{"line":186,"column":2},"end":{"line":225,"column":3}},"53":{"start":{"line":189,"column":3},"end":{"line":203,"column":4}},"54":{"start":{"line":192,"column":4},"end":{"line":197,"column":5}},"55":{"start":{"line":193,"column":5},"end":{"line":193,"column":84}},"56":{"start":{"line":196,"column":5},"end":{"line":196,"column":127}},"57":{"start":{"line":200,"column":8},"end":{"line":203,"column":4}},"58":{"start":{"line":202,"column":4},"end":{"line":202,"column":116}},"59":{"start":{"line":206,"column":7},"end":{"line":225,"column":3}},"60":{"start":{"line":209,"column":3},"end":{"line":219,"column":4}},"61":{"start":{"line":211,"column":4},"end":{"line":211,"column":73}},"62":{"start":{"line":212,"column":4},"end":{"line":212,"column":69}},"63":{"start":{"line":212,"column":43},"end":{"line":212,"column":67}},"64":{"start":{"line":214,"column":8},"end":{"line":219,"column":4}},"65":{"start":{"line":215,"column":4},"end":{"line":215,"column":71}},"66":{"start":{"line":218,"column":4},"end":{"line":218,"column":34}},"67":{"start":{"line":221,"column":7},"end":{"line":225,"column":3}},"68":{"start":{"line":223,"column":3},"end":{"line":223,"column":72}},"69":{"start":{"line":224,"column":3},"end":{"line":224,"column":68}},"70":{"start":{"line":224,"column":42},"end":{"line":224,"column":66}},"71":{"start":{"line":228,"column":1},"end":{"line":228,"column":16}},"72":{"start":{"line":235,"column":0},"end":{"line":237,"column":3}},"73":{"start":{"line":236,"column":1},"end":{"line":236,"column":67}},"74":{"start":{"line":239,"column":0},"end":{"line":239,"column":53}},"75":{"start":{"line":248,"column":0},"end":{"line":263,"column":3}},"76":{"start":{"line":249,"column":1},"end":{"line":251,"column":2}},"77":{"start":{"line":250,"column":2},"end":{"line":250,"column":90}},"78":{"start":{"line":253,"column":1},"end":{"line":254,"column":40}},"79":{"start":{"line":253,"column":58},"end":{"line":253,"column":125}},"80":{"start":{"line":254,"column":8},"end":{"line":254,"column":38}},"81":{"start":{"line":256,"column":12},"end":{"line":258,"column":4}},"82":{"start":{"line":260,"column":1},"end":{"line":260,"column":44}},"83":{"start":{"line":262,"column":1},"end":{"line":262,"column":14}},"84":{"start":{"line":268,"column":0},"end":{"line":369,"column":3}},"85":{"start":{"line":270,"column":1},"end":{"line":272,"column":2}},"86":{"start":{"line":271,"column":2},"end":{"line":271,"column":80}},"87":{"start":{"line":274,"column":1},"end":{"line":290,"column":2}},"88":{"start":{"line":275,"column":2},"end":{"line":282,"column":5}},"89":{"start":{"line":284,"column":6},"end":{"line":290,"column":2}},"90":{"start":{"line":285,"column":2},"end":{"line":289,"column":5}},"91":{"start":{"line":297,"column":16},"end":{"line":297,"column":43}},"92":{"start":{"line":300,"column":1},"end":{"line":301,"column":63}},"93":{"start":{"line":300,"column":33},"end":{"line":300,"column":86}},"94":{"start":{"line":301,"column":8},"end":{"line":301,"column":61}},"95":{"start":{"line":306,"column":1},"end":{"line":366,"column":2}},"96":{"start":{"line":307,"column":2},"end":{"line":307,"column":26}},"97":{"start":{"line":308,"column":2},"end":{"line":308,"column":35}},"98":{"start":{"line":313,"column":2},"end":{"line":341,"column":3}},"99":{"start":{"line":315,"column":3},"end":{"line":315,"column":40}},"100":{"start":{"line":317,"column":3},"end":{"line":338,"column":4}},"101":{"start":{"line":318,"column":4},"end":{"line":318,"column":34}},"102":{"start":{"line":319,"column":4},"end":{"line":319,"column":36}},"103":{"start":{"line":322,"column":4},"end":{"line":322,"column":72}},"104":{"start":{"line":325,"column":4},"end":{"line":337,"column":5}},"105":{"start":{"line":326,"column":5},"end":{"line":333,"column":6}},"106":{"start":{"line":327,"column":6},"end":{"line":332,"column":7}},"107":{"start":{"line":328,"column":7},"end":{"line":328,"column":90}},"108":{"start":{"line":331,"column":7},"end":{"line":331,"column":132}},"109":{"start":{"line":336,"column":5},"end":{"line":336,"column":32}},"110":{"start":{"line":340,"column":3},"end":{"line":340,"column":13}},"111":{"start":{"line":344,"column":2},"end":{"line":344,"column":65}},"112":{"start":{"line":348,"column":2},"end":{"line":365,"col
[...]
ine":247,"column":0},"end":{"line":247,"column":62}},"148":{"start":{"line":248,"column":0},"end":{"line":248,"column":60}},"149":{"start":{"line":249,"column":0},"end":{"line":249,"column":60}},"150":{"start":{"line":250,"column":0},"end":{"line":250,"column":64}},"151":{"start":{"line":255,"column":0},"end":{"line":267,"column":3}},"152":{"start":{"line":256,"column":25},"end":{"line":256,"column":61}},"153":{"start":{"line":257,"column":28},"end":{"line":257,"column":67}},"154":{"start":{"line":258,"column":33},"end":{"line":258,"column":77}},"155":{"start":{"line":259,"column":36},"end":{"line":259,"column":83}},"156":{"start":{"line":260,"column":33},"end":{"line":260,"column":77}},"157":{"start":{"line":261,"column":33},"end":{"line":261,"column":77}},"158":{"start":{"line":262,"column":36},"end":{"line":262,"column":83}},"159":{"start":{"line":263,"column":37},"end":{"line":263,"column":85}},"160":{"start":{"line":264,"column":36},"end":{"line":264,"column":83}},"161":{"start":{"line":265,"column":36},"end":{"line":265,"column":83}},"162":{"start":{"line":266,"column":38},"end":{"line":266,"column":87}},"163":{"start":{"line":272,"column":0},"end":{"line":286,"column":3}},"164":{"start":{"line":273,"column":1},"end":{"line":285,"column":6}}},"fnMap":{"0":{"name":"op","decl":{"start":{"line":36,"column":23},"end":{"line":36,"column":25}},"loc":{"start":{"line":36,"column":58},"end":{"line":235,"column":1}},"line":36},"1":{"name":"(anonymous_1)","decl":{"start":{"line":256,"column":6},"end":{"line":256,"column":7}},"loc":{"start":{"line":256,"column":23},"end":{"line":256,"column":63}},"line":256},"2":{"name":"(anonymous_2)","decl":{"start":{"line":257,"column":9},"end":{"line":257,"column":10}},"loc":{"start":{"line":257,"column":26},"end":{"line":257,"column":69}},"line":257},"3":{"name":"(anonymous_3)","decl":{"start":{"line":258,"column":6},"end":{"line":258,"column":7}},"loc":{"start":{"line":258,"column":31},"end":{"line":258,"column":79}},"line":258},"4":{"name":"(anonymous_4)","decl":{"start":{"line":259,"column":9},"end":{"line":259,"column":10}},"loc":{"start":{"line":259,"column":34},"end":{"line":259,"column":85}},"line":259},"5":{"name":"(anonymous_5)","decl":{"start":{"line":260,"column":6},"end":{"line":260,"column":7}},"loc":{"start":{"line":260,"column":31},"end":{"line":260,"column":79}},"line":260},"6":{"name":"(anonymous_6)","decl":{"start":{"line":261,"column":6},"end":{"line":261,"column":7}},"loc":{"start":{"line":261,"column":31},"end":{"line":261,"column":79}},"line":261},"7":{"name":"(anonymous_7)","decl":{"start":{"line":262,"column":9},"end":{"line":262,"column":10}},"loc":{"start":{"line":262,"column":34},"end":{"line":262,"column":85}},"line":262},"8":{"name":"(anonymous_8)","decl":{"start":{"line":263,"column":10},"end":{"line":263,"column":11}},"loc":{"start":{"line":263,"column":35},"end":{"line":263,"column":87}},"line":263},"9":{"name":"(anonymous_9)","decl":{"start":{"line":264,"column":9},"end":{"line":264,"column":10}},"loc":{"start":{"line":264,"column":34},"end":{"line":264,"column":85}},"line":264},"10":{"name":"(anonymous_10)","decl":{"start":{"line":265,"column":9},"end":{"line":265,"column":10}},"loc":{"start":{"line":265,"column":34},"end":{"line":265,"column":85}},"line":265},"11":{"name":"(anonymous_11)","decl":{"start":{"line":266,"column":11},"end":{"line":266,"column":12}},"loc":{"start":{"line":266,"column":36},"end":{"line":266,"column":89}},"line":266},"12":{"name":"upgrade","decl":{"start":{"line":272,"column":28},"end":{"line":272,"column":35}},"loc":{"start":{"line":272,"column":46},"end":{"line":286,"column":1}},"line":272}},"branchMap":{"0":{"loc":{"start":{"line":39,"column":1},"end":{"line":41,"column":2}},"type":"if","locations":[{"start":{"line":39,"column":1},"end":{"line":41,"column":2}},{"start":{},"end":{}}],"line":39},"1":{"loc":{"start":{"line":39,"column":6},"end":{"line":39,"column":80}},"type":"binary-expr","locations":[{"start":{"line":39,"column":6},"end":{"line":39,"column":14}},{"start":{"line":39,"column":20},"end":{"line":39,"column":46}},{"start":{"line":39,"column":50},"end":{"line":39,"column":78}}],"line":39},"2":{"loc":{"start":{"line":43,"column":1},"end":{"line":57,"column":2}},"type":"if","locations":[{"start":{"line":43,"column":1},"end":{"line":57,"column":2}},{"start":{"line":51,"column":6},"end":{"line":57,"column":2}}],"line":43},"3":{"loc":{"start":{"line":45,"column":2},"end":{"line":46,"column":27}},"type":"if","locations":[{"start":{"line":45,"column":2},"end":{"line":46,"column":27}},{"start":{"line":46,"column":7},"end":{"line":46,"column":27}}],"line":45},"4":{"loc":{"start":{"line":48,"column":2},"end":{"line":48,"column":53}},"type":"if","locations":[{"start":{"line":48,"column":2},"end":{"line":48,"column":53}},{"start":{},"end":{}}],"line":48},"5":{"loc":{"start":{"line":49,"column":2},"end":{"line":49,"column":65}},"type":"if","locations":[{"start":{"line":49,"column":2},"end":{"line":49,"column":65}},{"start":{},"end":{}}],"line":49},"6":{"loc":{"start":{"line":51,"column":6},"end":{"line":57,"column":2}},"type":"if","locations":[{"start":{"line":51,"column":6},"end":{"line":57,"column":2}},{"start":{"line":55,"column":6},"end":{"line":57,"column":2}}],"line":51},"7":{"loc":{"start":{"line":59,"column":1},"end":{"line":77,"column":2}},"type":"switch","locations":[{"start":{"line":60,"column":2},"end":{"line":60,"column":14}},{"start":{"line":61,"column":2},"end":{"line":63,"column":10}},{"start":{"line":64,"column":2},"end":{"line":64,"column":14}},{"start":{"line":65,"column":2},"end":{"line":65,"column":17}},{"start":{"line":66,"column":2},"end":{"line":66,"column":14}},{"start":{"line":67,"column":2},"end":{"line":67,"column":14}},{"start":{"line":68,"column":2},"end":{"line":68,"column":17}},{"start":{"line":69,"column":2},"end":{"line":69,"column":18}},{"start":{"line":70,"column":2},"end":{"line":70,"column":17}},{"start":{"line":71,"column":2},"end":{"line":71,"column":17}},{"start":{"line":72,"column":2},"end":{"line":74,"column":10}},{"start":{"line":75,"column":2},"end":{"line":76,"column":87}}],"line":59},"8":{"loc":{"start":{"line":86,"column":2},"end":{"line":147,"column":3}},"type":"if","locations":[{"start":{"line":86,"column":2},"end":{"line":147,"column":3}},{"start":{"line":102,"column":7},"end":{"line":147,"column":3}}],"line":86},"9":{"loc":{"start":{"line":87,"column":3},"end":{"line":90,"column":4}},"type":"if","locations":[{"start":{"line":87,"column":3},"end":{"line":90,"column":4}},{"start":{},"end":{}}],"line":87},"10":{"loc":{"start":{"line":92,"column":3},"end":{"line":95,"column":4}},"type":"if","locations":[{"start":{"line":92,"column":3},"end":{"line":95,"column":4}},{"start":{},"end":{}}],"line":92},"11":{"loc":{"start":{"line":92,"column":8},"end":{"line":92,"column":106}},"type":"binary-expr","locations":[{"start":{"line":92,"column":8},"end":{"line":92,"column":24}},{"start":{"line":92,"column":30},"end":{"line":92,"column":64}},{"start":{"line":92,"column":68},"end":{"line":92,"column":104}}],"line":92},"12":{"loc":{"start":{"line":93,"column":4},"end":{"line":93,"column":48}},"type":"if","locations":[{"start":{"line":93,"column":4},"end":{"line":93,"column":48}},{"start":{},"end":{}}],"line":93},"13":{"loc":{"start":{"line":102,"column":7},"end":{"line":147,"column":3}},"type":"if","locations":[{"start":{"line":102,"column":7},"end":{"line":147,"column":3}},{"start":{"line":124,"column":7},"end":{"line":147,"column":3}}],"line":102},"14":{"loc":{"start":{"line":105,"column":3},"end":{"line":112,"column":4}},"type":"if","locations":[{"start":{"line":105,"column":3},"end":{"line":112,"column":4}},{"start":{},"end":{}}],"line":105},"15":{"loc":{"start":{"line":106,"column":4},"end":{"line":109,"column":5}},"type":"if","locations":[{"start":{"line":106,"column":4},"end":{"line":109,"column":5}},{"start":{},"end":{}}],"line":106},"16":{"loc":{"start":{"line":114,"column":3},"end":{"line":117,"column":4}},"type":"if","locations":[{"start":{"line":114,"column":3},"end":{"line":117,"column":4}},{"start":{},"end":{}}],"line":114},"17":{"loc":{"start":{"line":114,"column":8},"end":{"line":114,"column":106}},"type":"binary-expr","locations":[{"start":{"line":114,"column":8},"end":{"line":114,"column":24}},{"start":{"line":114,"column":30},"end":{"line":114,"column":64}},{"start":{"line":114,"column":68},"end":{"line":114,"column":104}}],"line":114},"18":{"loc":{"start":{"line":115,"column":4},"end":{"line":115,"column":48}},"type":"if","locations":[{"start":{"line":115,"column":4},"end":{"line":115,"column":48}},{"start":{},"end":{}}],"line":115},"19":{"loc":{"start":{"line":124,"column":7},"end":{"line":147,"column":3}},"type":"if","locations":[{"start":{"line":124,"column":7},"end":{"line":147,"column":3}},{"start":{"line":143,"column":7},"end":{"line":147,"column":3}}],"line":124},"20":{"loc":{"start":{"line":124,"column":12},"end":{"line":124,"column":52}},"type":"binary-expr","locations":[{"start":{"line":124,"column":12},"end":{"line":124,"column":30}},{"start":{"line":124,"column":34},"end":{"line":124,"column":52}}],"line":124},"21":{"loc":{"start":{"line":128,"column":3},"end":{"line":132,"column":4}},"type":"if","locations":[{"start":{"line":128,"column":3},"end":{"line":132,"column":4}},{"start":{},"end":{}}],"line":128},"22":{"loc":{"start":{"line":130,"column":4},"end":{"line":130,"column":60}},"type":"if","locations":[{"start":{"line":130,"column":4},"end":{"line":130,"column":60}},{"start":{},"end":{}}],"line":130},"23":{"loc":{"start":{"line":134,"column":3},"end":{"line":137,"column":4}},"type":"if","locations":[{"start":{"line":134,"column":3},"end":{"line":137,"column":4}},{"start":{},"end":{}}],"line":134},"24":{"loc":{"start":{"line":134,"column":8},"end":{"line":134,"column":61}},"type":"binary-expr","locations":[{"start":{"line":134,"column":8},"end":{"line":134,"column":24}},{"start":{"line":134,"column":28},"end":{"line":134,"column":61}}],"line":134},"25":{"loc":{"start":{"line":135,"column":4},"end":{"line":135,"column":48}},"type":"if","locations":[{"start":{"line":135,"column":4},"end":{"line":135,"column":48}},{"start":{},"end":{}}],"line":135},"26":{"loc":{"start":{"line":143,"column":7},"end":{"line":147,"column":3}},"type":"if","locations":[{"start":{"line":143,"column":7},"end":{"line":147,"column":3}},{"start":{},"end":{}}],"line":143},"27":{"loc":{"start":{"line":151,"column":2},"end":{"line":151,"column":52}},"type":"if","locations":[{"start":{"line":151,"column":2},"end":{"line":151,"column":52}},{"start":{},"end":{}}],"line":151},"28":{"loc":{"start":{"line":153,"column":2},"end":{"line":180,"column":3}},"type":"switch","locations":[{"start":{"line":154,"column":3},"end":{"line":156,"column":11}},{"start":{"line":159,"column":3},"end":{"line":161,"column":11}},{"start":{"line":162,"column":3},"end":{"line":165,"column":11}},{"start":{"line":166,"column":3},"end":{"line":169,"column":11}},{"start":{"line":170,"column":3},"end":{"line":174,"column":11}},{"start":{"line":177,"column":3},"end":{"line":179,"column":39}}],"line":153},"29":{"loc":{"start":{"line":164,"column":4},"end":{"line":164,"column":32}},"type":"if","locations":[{"start":{"line":164,"column":4},"end":{"line":164,"column":32}},{"start":{},"end":{}}],"line":164},"30":{"loc":{"start":{"line":167,"column":4},"end":{"line":167,"column":48}},"type":"if","locations":[{"start":{"line":167,"column":4},"end":{"line":167,"column":48}},{"start":{},"end":{}}],"line":167},"31":{"loc":{"start":{"line":171,"column":4},"end":{"line":171,"column":48}},"type":"if","locations":[{"start":{"line":171,"column":4},"end":{"line":171,"column":48}},{"start":{},"end":{}}],"line":171},"32":{"loc":{"start":{"line":183,"column":1},"end":{"line":234,"column":2}},"type":"switch","locations":[{"start":{"line":184,"column":2},"end":{"line":185,"column":26}},{"start":{"line":186,"column":2},"end":{"line":189,"column":11}},{"start":{"line":190,"column":2},"end":{"line":192,"column":26}},{"start":{"line":193,"column":2},"end":{"line":196,"column":26}},{"start":{"line":197,"column":2},"end":{"line":200,"column":26}},{"start":{"line":201,"column":2},"end":{"line":204,"column":26}},{"start":{"line":205,"column":2},"end":{"line":209,"column":26}},{"start":{"line":210,"column":2},"end":{"line":214,"column":26}},{"start":{"line":215,"column":2},"end":{"line":221,"column":26}},{"start":{"line":222,"column":2},"end":{"line":228,"column":26}},{"start":{"line":229,"column":2},"end":{"line":233,"column":26}}],"line":183},"33":{"loc":{"start":{"line":187,"column":3},"end":{"line":188,"column":35}},"type":"if","locations":[{"start":{"line":187,"column":3},"end":{"line":188,"column":35}},{"start":{"line":188,"column":8},"end":{"line":188,"column":35}}],"line":187},"34":{"loc":{"start":{"line":187,"column":8},"end":{"line":187,"column":42}},"type":"binary-expr","locations":[{"start":{"line":187,"column":8},"end":{"line":187,"column":15}},{"start":{"line":187,"column":19},"end":{"line":187,"column":42}}],"line":187},"35":{"loc":{"start":{"line":195,"column":3},"end":{"line":195,"column":59}},"type":"if","locations":[{"start":{"line":195,"column":3},"end":{"line":195,"column":59}},{"start":{},"end":{}}],"line":195},"36":{"loc":{"start":{"line":198,"column":3},"end":{"line":199,"column":94}},"type":"if","locations":[{"start":{"line":198,"column":3},"end":{"line":199,"column":94}},{"start":{"line":199,"column":8},"end":{"line":199,"column":94}}],"line":198},"37":{"loc":{"start":{"line":199,"column":8},"end":{"line":199,"column":94}},"type":"if","locations":[{"start":{"line":199,"column":8},"end":{"line":199,"column":94}},{"start":{},"end":{}}],"line":199},"38":{"loc":{"start":{"line":199,"column":13},"end":{"line":199,"column":67}},"type":"binary-expr","locations":[{"start":{"line":199,"column":13},"end":{"line":199,"column":29}},{"start":{"line":199,"column":33},"end":{"line":199,"column":67}}],"line":199},"39":{"loc":{"start":{"line":202,"column":3},"end":{"line":203,"column":95}},"type":"if","locations":[{"start":{"line":202,"column":3},"end":{"line":203,"column":95}},{"start":{"line":203,"column":8},"end":{"line":203,"column":95}}],"line":202},"40":{"loc":{"start":{"line":203,"column":8},"end":{"line":203,"column":95}},"type":"if","locations":[{"start":{"line":203,"column":8},"end":{"line":203,"column":95}},{"start":{},"end":{}}],"line":203},"41":{"loc":{"start":{"line":203,"column":13},"end":{"line":203,"column":67}},"type":"binary-expr","locations":[{"start":{"line":203,"column":13},"end":{"line":203,"column":29}},{"start":{"line":203,"column":33},"end":{"line":203,"column":67}}],"line":203},"42":{"loc":{"start":{"line":206,"column":3},"end":{"line":207,"column":81}},"type":"if","locations":[{"start":{"line":206,"column":3},"end":{"line":207,"column":81}},{"start":{"line":207,"column":8},"end":{"line":207,"column":81}}],"line":206},"43":{"loc":{"start":{"line":207,"column":8},"end":{"line":207,"column":81}},"type":"if","locations":[{"start":{"line":207,"column":8},"end":{"line":207,"column":81}},{"start":{},"end":{}}],"line":207},"44":{"loc":{"start":{"line":211,"column":3},"end":{"line":212,"column":84}},"type":"if","locations":[{"start":{"line":211,"column":3},"end":{"line":212,"column":84}},{"start":{"line":212,"column":8},"end":{"line":212,"column":84}}],"line":211},"45":{"loc":{"start":{"line":212,"column":8},"end":{"line":212,"column":84}},"type":"if","locations":[{"start":{"line":212,"column":8},"end":{"line":212,"column":84}},{"start":{},"end":{}}],"line":212},"46":{"loc":{"start":{"line":216,"column":3},"end":{"line":219,"column":4}},"type":"if","locations":[{"start":{"line":216,"column":3},"end":{"line":219,"column":4}},{"start":{"line":217,"column":8},"end":{"line":219,"column":4}}],"line":216},"47":{"loc":{"start":{"line":217,"column":8},"end":{"line":219,"column":4}},"type":"if","locations":[{"start":{"line":217,"column":8},"end":{"line":219,"column":4}},{"start":{},"end":{}}],"line":217},"48":{"loc":{"start":{"line":217,"column":13},"end":{"line":217,"column":70}},"type":"binary-expr","locations":[{"start":{"line":217,"column":13},"end":{"line":217,"column":44}},{"start":{"line":217,"column":48},"end":{"line":217,"column":70}}],"line":217},"49":{"loc":{"start":{"line":223,"column":3},"end":{"line":226,"column":4}},"type":"if","locations":[{"start":{"line":223,"column":3},"end":{"line":226,"column":4}},{"start":{"line":224,"column":8},"end":{"line":226,"column":4}}],"line":223},"50":{"loc":{"start":{"line":224,"column":8},"end":{"line":226,"column":4}},"type":"if","locations":[{"start":{"line":224,"column":8},"end":{"line":226,"column":4}},{"start":{},"end":{}}],"line":224},"51":{"loc":{"start":{"line":224,"column":13},"end":{"line":224,"column":70}},"type":"binary-expr","locations":[{"start":{"line":224,"column":13},"end":{"line":224,"column":44}},{"start":{"line":224,"column":48},"end":{"line":224,"column":70}}],"line":224},"52":{"loc":{"start":{"line":230,"column":3},"end":{"line":232,"column":57}},"type":"if","locations":[{"start":{"line":230,"column":3},"end":{"line":232,"column":57}},{"start":{"line":231,"column":8},"end":{"line":232,"column":57}}],"line":230},"53":{"loc":{"start":{"line":231,"column":8},"end":{"line":232,"column":57}},"type":"if","locations":[{"start":{"line":231,"column":8},"end":{"line":232,"column":57}},{"start":{"line":232,"column":8},"end":{"line":232,"column":57}}],"line":231}},"s":{"0":1,"1":1,"2":1,"3":0,"4":0,"5":0,"6":0,"7":0,"8":0,"9":0,"10":0,"11":0,"12":0,"13":0,"14":0,"15":0,"16":0,"17":0,"18":0,"19":0,"20":0,"21":0,"22":0,"23":0,"24":0,"25":0,"26":0,"27":0,"28":0,"29":0,"30":0,"31":0,"32":0,"33":0,"34":0,"35":0,"36":0,"37":0,"38":0,"39":0,"40":0,"41":0,"42":0,"43":0,"44":0,"45":0,"46":0,"47":0,"48":0,"49":0,"50":0,"51":0,"52":0,"53":0,"54":0,"55":0,"56":0,"57":0,"58":0,"59":0,"60":0,"61":0,"62":0,"63":0,"64":0,"65":0,"66":0,"67":0,"68":0,"69":0,"70":0,"71":0,"72":0,"73":0,"74":0,"75":0,"76":0,"77":0,"78":0,"79":0,"80":0,"81":0,"82":0,"83":0,"84":0,"85":0,"86":0,"87":0,"88":0,"89":0,"90":0,"91":0,"92":0,"93":0,"94":0,"95":0,"96":0,"97":0,"98":0,"99":0,"100":0,"101":0,"102":0,"103":0,"104":0,"105":0,"106":0,"107":0,"108":0,"109":0,"110":0,"111":0,"112":0,"113":0,"114":0,"115":0,"116":0,"117":0,"118":0,"119":0,"120":0,"121":0,"122":0,"123":0,"124":0,"125":0,"126":0,"127":0,"128":0,"129":0,"130":0,"131":0,"132":0,"133":0,"134":0,"135":0,"136":0,"137":0,"138":0,"139":0,"140":1,"141":1,"142":1,"143":1,"144":1,"145":1,"146":1,"147":1,"148":1,"149":1,"150":1,"151":1,"152":0,"153":0,"154":0,"155":0,"156":0,"157":0,"158":0,"159":0,"160":0,"161":0,"162":0,"163":1,"164":0},"f":{"0":0,"1":0,"2":0,"3":0,"4":0,"5":0,"6":0,"7":0,"8":0,"9":0,"10":0,"11":0,"12":0},"b":{"0":[0,0],"1":[0,0,0],"2":[0,0],"3":[0,0],"4":[0,0],"5":[0,0],"6":[0,0],"7":[0,0,0,0,0,0,0,0,0,0,0,0],"8":[0,0],"9":[0,0],"10":[0,0],"11":[0,0,0],"12":[0,0],"13":[0,0],"14":[0,0],"15":[0,0],"16":[0,0],"17":[0,0,0],"18":[0,0],"19":[0,0],"20":[0,0],"21":[0,0],"22":[0,0],"23":[0,0],"24":[0,0],"25":[0,0],"26":[0,0],"27":[0,0],"28":[0,0,0,0,0,0],"29":[0,0],"30":[0,0],"31":[0,0],"32":[0,0,0,0,0,0,0,0,0,0,0],"33":[0,0],"34":[0,0],"35":[0,0],"36":[0,0],"37":[0,0],"38":[0,0],"39":[0,0],"40":[0,0],"41":[0,0],"42":[0,0],"43":[0,0],"44":[0,0],"45":[0,0],"46":[0,0],"47":[0,0],"48":[0,0],"49":[0,0],"50":[0,0],"51":[0,0],"52":[0,0],"53":[0,0]},"_coverageSchema":"1a1c01bbd47fc00a2c39e90264f33305004495a9","hash":"b04e7e086c6d03b8f5609e4f20e53638917072e8"}
,"/home/fuzz/node_modules/tree-kit/lib/tree.js": {"path":"/home/fuzz/node_modules/tree-kit/lib/tree.js","statementMap":{"0":{"start":{"line":31,"column":11},"end":{"line":31,"column":13}},"1":{"start":{"line":32,"column":0},"end":{"line":32,"column":23}},"2":{"start":{"line":35,"column":0},"end":{"line":45,"column":3}}},"fnMap":{},"branchMap":{},"s":{"0":1,"1":1,"2":1},"f":{},"b":{},"_coverageSchema":"1a1c01bbd47fc00a2c39e90264f33305004495a9","hash":"63285a441ff7255d412c61069d8bdbc10e18e201"}
}
