TN:
SF:../node_modules/tree-kit/lib/clone.js
FN:35,clone
FN:106,(anonymous_1)
FNF:2
FNH:0
FNDA:0,clone
FNDA:0,(anonymous_1)
DA:39,0
DA:42,0
DA:45,0
DA:49,0
DA:50,0
DA:52,0
DA:56,0
DA:57,0
DA:59,0
DA:61,0
DA:64,0
DA:65,0
DA:66,0
DA:69,0
DA:71,0
DA:72,0
DA:74,0
DA:75,0
DA:76,0
DA:80,0
DA:83,0
DA:84,0
DA:85,0
DA:86,0
DA:89,0
DA:91,0
DA:93,0
DA:94,0
DA:98,0
DA:101,1
DA:105,1
DA:106,1
LF:32
LH:3
BRDA:42,0,0,0
BRDA:42,0,1,0
BRDA:47,1,0,0
BRDA:47,1,1,0
BRDA:64,2,0,0
BRDA:64,2,1,0
BRDA:64,3,0,0
BRDA:64,3,1,0
BRDA:71,4,0,0
BRDA:71,4,1,0
BRDA:72,5,0,0
BRDA:72,5,1,0
BRDA:83,6,0,0
BRDA:83,6,1,0
BRDA:89,7,0,0
BRDA:89,7,1,0
BRDA:91,8,0,0
BRDA:91,8,1,0
BRF:18
BRH:0
end_of_record
TN:
SF:../node_modules/tree-kit/lib/diff.js
FN:35,diff
FNF:1
FNH:0
FNDA:0,diff
DA:40,0
DA:41,0
DA:43,0
DA:47,0
DA:50,0
DA:52,0
DA:55,0
DA:56,0
DA:57,0
DA:58,0
DA:61,0
DA:65,0
DA:66,0
DA:67,0
DA:70,0
DA:71,0
DA:72,0
DA:75,0
DA:76,0
DA:77,0
DA:80,0
DA:81,0
DA:82,0
DA:85,0
DA:86,0
DA:88,0
DA:89,0
DA:90,0
DA:93,0
DA:95,0
DA:96,0
DA:97,0
DA:100,0
DA:101,0
DA:102,0
DA:105,0
DA:106,0
DA:107,0
DA:110,0
DA:111,0
DA:112,0
DA:115,0
DA:118,0
DA:121,0
DA:122,0
DA:123,0
DA:129,0
DA:130,0
DA:131,0
DA:134,0
DA:135,0
DA:136,0
DA:139,0
DA:140,0
DA:141,0
DA:144,0
DA:145,0
DA:146,0
DA:150,0
DA:153,1
LF:60
LH:1
BRDA:43,0,0,0
BRDA:43,0,1,0
BRDA:44,1,0,0
BRDA:44,1,1,0
BRDA:44,1,2,0
BRDA:44,1,3,0
BRDA:44,1,4,0
BRDA:44,1,5,0
BRDA:50,2,0,0
BRDA:50,2,1,0
BRDA:50,3,0,0
BRDA:50,3,1,0
BRDA:52,4,0,0
BRDA:52,4,1,0
BRDA:55,5,0,0
BRDA:55,5,1,0
BRDA:57,6,0,0
BRDA:57,6,1,0
BRDA:58,7,0,0
BRDA:58,7,1,0
BRDA:65,8,0,0
BRDA:65,8,1,0
BRDA:76,9,0,0
BRDA:76,9,1,0
BRDA:80,10,0,0
BRDA:80,10,1,0
BRDA:88,11,0,0
BRDA:88,11,1,0
BRDA:93,12,0,0
BRDA:93,12,1,0
BRDA:93,13,0,0
BRDA:93,13,1,0
BRDA:95,14,0,0
BRDA:95,14,1,0
BRDA:96,15,0,0
BRDA:96,15,1,0
BRDA:100,16,0,0
BRDA:100,16,1,0
BRDA:105,17,0,0
BRDA:105,17,1,0
BRDA:105,18,0,0
BRDA:105,18,1,0
BRDA:110,19,0,0
BRDA:110,19,1,0
BRDA:110,20,0,0
BRDA:110,20,1,0
BRDA:121,21,0,0
BRDA:121,21,1,0
BRDA:129,22,0,0
BRDA:129,22,1,0
BRDA:140,23,0,0
BRDA:140,23,1,0
BRDA:144,24,0,0
BRDA:144,24,1,0
BRDA:150,25,0,0
BRDA:150,25,1,0
BRF:56
BRH:0
end_of_record
TN:
SF:../node_modules/tree-kit/lib/dotPath.js
FN:38,toPathArray
FN:55,walk
FN:73,walkBeforeLast
FN:93,pave
FN:113,(anonymous_4)
FN:119,(anonymous_5)
FN:135,(anonymous_6)
FN:152,(anonymous_7)
FN:170,(anonymous_8)
FN:188,(anonymous_9)
FN:209,(anonymous_10)
FN:230,(anonymous_11)
FN:243,(anonymous_12)
FN:263,(anonymous_13)
FN:283,(anonymous_14)
FNF:15
FNH:0
FNDA:0,toPathArray
FNDA:0,walk
FNDA:0,walkBeforeLast
FNDA:0,pave
FNDA:0,(anonymous_4)
FNDA:0,(anonymous_5)
FNDA:0,(anonymous_6)
FNDA:0,(anonymous_7)
FNDA:0,(anonymous_8)
FNDA:0,(anonymous_9)
FNDA:0,(anonymous_10)
FNDA:0,(anonymous_11)
FNDA:0,(anonymous_12)
FNDA:0,(anonymous_13)
FNDA:0,(anonymous_14)
DA:31,1
DA:32,1
DA:36,1
DA:39,0
DA:40,0
DA:42,0
DA:43,0
DA:45,0
DA:46,0
DA:49,0
DA:57,0
DA:59,0
DA:60,0
DA:61,0
DA:64,0
DA:67,0
DA:75,0
DA:77,0
DA:78,0
DA:79,0
DA:82,0
DA:85,0
DA:96,0
DA:98,0
DA:99,0
DA:101,0
DA:102,0
DA:105,0
DA:108,0
DA:113,1
DA:114,0
DA:119,1
DA:120,0
DA:122,0
DA:125,0
DA:126,0
DA:128,0
DA:130,0
DA:135,1
DA:136,0
DA:138,0
DA:141,0
DA:142,0
DA:143,0
DA:145,0
DA:147,0
DA:152,1
DA:153,0
DA:155,0
DA:158,0
DA:159,0
DA:160,0
DA:162,0
DA:163,0
DA:165,0
DA:170,1
DA:171,0
DA:173,0
DA:176,0
DA:177,0
DA:178,0
DA:180,0
DA:181,0
DA:183,0
DA:188,1
DA:189,0
DA:191,0
DA:194,0
DA:195,0
DA:196,0
DA:198,0
DA:199,0
DA:200,0
DA:204,0
DA:209,1
DA:210,0
DA:212,0
DA:215,0
DA:216,0
DA:217,0
DA:219,0
DA:220,0
DA:221,0
DA:225,0
DA:230,1
DA:231,0
DA:232,0
DA:234,0
DA:235,0
DA:238,0
DA:243,1
DA:244,0
DA:246,0
DA:249,0
DA:250,0
DA:252,0
DA:254,0
DA:255,0
DA:256,0
DA:258,0
DA:263,1
DA:264,0
DA:266,0
DA:269,0
DA:270,0
DA:272,0
DA:274,0
DA:275,0
DA:278,0
DA:283,1
DA:284,0
DA:286,0
DA:289,0
DA:290,0
DA:292,0
DA:294,0
DA:295,0
DA:298,0
LF:118
LH:14
BRDA:39,0,0,0
BRDA:39,0,1,0
BRDA:42,1,0,0
BRDA:42,1,1,0
BRDA:45,2,0,0
BRDA:45,2,1,0
BRDA:60,3,0,0
BRDA:60,3,1,0
BRDA:60,4,0,0
BRDA:60,4,1,0
BRDA:60,4,2,0
BRDA:78,5,0,0
BRDA:78,5,1,0
BRDA:78,6,0,0
BRDA:78,6,1,0
BRDA:78,6,2,0
BRDA:101,7,0,0
BRDA:101,7,1,0
BRDA:101,8,0,0
BRDA:101,8,1,0
BRDA:101,8,2,0
BRDA:120,9,0,0
BRDA:120,9,1,0
BRDA:120,10,0,0
BRDA:120,10,1,0
BRDA:120,10,2,0
BRDA:136,11,0,0
BRDA:136,11,1,0
BRDA:136,12,0,0
BRDA:136,12,1,0
BRDA:136,12,2,0
BRDA:145,13,0,0
BRDA:145,13,1,0
BRDA:153,14,0,0
BRDA:153,14,1,0
BRDA:153,15,0,0
BRDA:153,15,1,0
BRDA:153,15,2,0
BRDA:162,16,0,0
BRDA:162,16,1,0
BRDA:163,17,0,0
BRDA:163,17,1,0
BRDA:163,18,0,0
BRDA:163,18,1,0
BRDA:171,19,0,0
BRDA:171,19,1,0
BRDA:171,20,0,0
BRDA:171,20,1,0
BRDA:171,20,2,0
BRDA:180,21,0,0
BRDA:180,21,1,0
BRDA:181,22,0,0
BRDA:181,22,1,0
BRDA:181,23,0,0
BRDA:181,23,1,0
BRDA:189,24,0,0
BRDA:189,24,1,0
BRDA:189,25,0,0
BRDA:189,25,1,0
BRDA:189,25,2,0
BRDA:198,26,0,0
BRDA:198,26,1,0
BRDA:199,27,0,0
BRDA:199,27,1,0
BRDA:199,28,0,0
BRDA:199,28,1,0
BRDA:210,29,0,0
BRDA:210,29,1,0
BRDA:210,30,0,0
BRDA:210,30,1,0
BRDA:210,30,2,0
BRDA:219,31,0,0
BRDA:219,31,1,0
BRDA:220,32,0,0
BRDA:220,32,1,0
BRDA:220,33,0,0
BRDA:220,33,1,0
BRDA:234,34,0,0
BRDA:234,34,1,0
BRDA:234,35,0,0
BRDA:234,35,1,0
BRDA:234,35,2,0
BRDA:244,36,0,0
BRDA:244,36,1,0
BRDA:244,37,0,0
BRDA:244,37,1,0
BRDA:244,37,2,0
BRDA:254,38,0,0
BRDA:254,38,1,0
BRDA:255,39,0,0
BRDA:255,39,1,0
BRDA:264,40,0,0
BRDA:264,40,1,0
BRDA:264,41,0,0
BRDA:264,41,1,0
BRDA:264,41,2,0
BRDA:274,42,0,0
BRDA:274,42,1,0
BRDA:275,43,0,0
BRDA:275,43,1,0
BRDA:284,44,0,0
BRDA:284,44,1,0
BRDA:284,45,0,0
BRDA:284,45,1,0
BRDA:284,45,2,0
BRDA:294,46,0,0
BRDA:294,46,1,0
BRDA:295,47,0,0
BRDA:295,47,1,0
BRF:109
BRH:0
end_of_record
TN:
SF:../node_modules/tree-kit/lib/extend.js
FN:62,extend
FN:147,extendOne
FNF:2
FNH:0
FNDA:0,extend
FNDA:0,extendOne
DA:64,0
DA:66,0
DA:68,0
DA:70,0
DA:72,0
DA:73,0
DA:74,0
DA:77,0
DA:78,0
DA:79,0
DA:82,0
DA:84,0
DA:87,0
DA:88,0
DA:89,0
DA:90,0
DA:91,0
DA:92,0
DA:95,0
DA:96,0
DA:97,0
DA:98,0
DA:99,0
DA:100,0
DA:104,0
DA:105,0
DA:107,0
DA:108,0
DA:111,0
DA:112,0
DA:113,0
DA:114,0
DA:115,0
DA:116,0
DA:117,0
DA:119,0
DA:120,0
DA:121,0
DA:124,0
DA:128,0
DA:129,0
DA:132,0
DA:134,0
DA:135,0
DA:136,0
DA:137,0
DA:140,0
DA:143,1
DA:153,0
DA:156,0
DA:157,0
DA:161,0
DA:162,0
DA:163,0
DA:166,0
DA:167,0
DA:168,0
DA:170,0
DA:172,0
DA:173,0
DA:176,0
DA:179,0
DA:180,0
DA:181,0
DA:185,0
DA:188,0
DA:189,0
DA:192,0
DA:195,0
DA:196,0
DA:197,0
DA:199,0
DA:200,0
DA:201,0
DA:204,0
DA:207,0
DA:210,0
DA:215,0
DA:224,0
DA:225,0
DA:228,0
DA:230,0
DA:232,0
DA:238,0
DA:240,0
DA:241,0
DA:249,0
DA:252,0
DA:255,0
DA:256,0
DA:257,0
DA:258,0
DA:259,0
DA:261,0
DA:262,0
DA:270,0
DA:273,0
DA:274,0
DA:276,0
DA:277,0
DA:280,0
DA:281,0
DA:282,0
DA:286,0
DA:292,0
DA:294,0
DA:296,0
DA:297,0
DA:298,0
DA:302,0
LF:110
LH:1
BRDA:66,0,0,0
BRDA:66,0,1,0
BRDA:68,1,0,0
BRDA:68,1,1,0
BRDA:68,2,0,0
BRDA:68,2,1,0
BRDA:72,3,0,0
BRDA:72,3,1,0
BRDA:73,4,0,0
BRDA:73,4,1,0
BRDA:74,5,0,0
BRDA:74,5,1,0
BRDA:77,6,0,0
BRDA:77,6,1,0
BRDA:78,7,0,0
BRDA:78,7,1,0
BRDA:79,8,0,0
BRDA:79,8,1,0
BRDA:82,9,0,0
BRDA:82,9,1,0
BRDA:82,10,0,0
BRDA:82,10,1,0
BRDA:82,10,2,0
BRDA:84,11,0,0
BRDA:84,11,1,0
BRDA:87,12,0,0
BRDA:87,12,1,0
BRDA:92,13,0,0
BRDA:92,13,1,0
BRDA:95,14,0,0
BRDA:95,14,1,0
BRDA:100,15,0,0
BRDA:100,15,1,0
BRDA:104,16,0,0
BRDA:104,16,1,0
BRDA:105,17,0,0
BRDA:105,17,1,0
BRDA:107,18,0,0
BRDA:107,18,1,0
BRDA:107,19,0,0
BRDA:107,19,1,0
BRDA:107,19,2,0
BRDA:111,20,0,0
BRDA:111,20,1,0
BRDA:111,21,0,0
BRDA:111,21,1,0
BRDA:111,21,2,0
BRDA:114,22,0,0
BRDA:114,22,1,0
BRDA:114,23,0,0
BRDA:114,23,1,0
BRDA:114,23,2,0
BRDA:115,24,0,0
BRDA:115,24,1,0
BRDA:116,25,0,0
BRDA:116,25,1,0
BRDA:119,26,0,0
BRDA:119,26,1,0
BRDA:120,27,0,0
BRDA:120,27,1,0
BRDA:128,28,0,0
BRDA:128,28,1,0
BRDA:136,29,0,0
BRDA:136,29,1,0
BRDA:136,30,0,0
BRDA:136,30,1,0
BRDA:136,30,2,0
BRDA:156,31,0,0
BRDA:156,31,1,0
BRDA:156,32,0,0
BRDA:156,32,1,0
BRDA:161,33,0,0
BRDA:161,33,1,0
BRDA:166,34,0,0
BRDA:166,34,1,0
BRDA:167,35,0,0
BRDA:167,35,1,0
BRDA:173,36,0,0
BRDA:173,36,1,0
BRDA:176,37,0,0
BRDA:176,37,1,0
BRDA:179,38,0,0
BRDA:179,38,1,0
BRDA:192,39,0,0
BRDA:192,39,1,0
BRDA:192,40,0,0
BRDA:192,40,1,0
BRDA:195,41,0,0
BRDA:195,41,1,0
BRDA:195,42,0,0
BRDA:195,42,1,0
BRDA:199,43,0,0
BRDA:199,43,1,0
BRDA:201,44,0,0
BRDA:201,44,1,0
BRDA:201,45,0,0
BRDA:201,45,1,0
BRDA:201,45,2,0
BRDA:215,46,0,0
BRDA:215,46,1,0
BRDA:215,47,0,0
BRDA:215,47,1,0
BRDA:215,47,2,0
BRDA:215,47,3,0
BRDA:215,47,4,0
BRDA:215,47,5,0
BRDA:215,47,6,0
BRDA:215,47,7,0
BRDA:215,47,8,0
BRDA:215,47,9,0
BRDA:215,47,10,0
BRDA:215,47,11,0
BRDA:215,47,12,0
BRDA:224,48,0,0
BRDA:224,48,1,0
BRDA:228,49,0,0
BRDA:228,49,1,0
BRDA:230,50,0,0
BRDA:230,50,1,0
BRDA:238,51,0,0
BRDA:238,51,1,0
BRDA:240,52,0,0
BRDA:240,52,1,0
BRDA:255,53,0,0
BRDA:255,53,1,0
BRDA:255,54,0,0
BRDA:255,54,1,0
BRDA:255,54,2,0
BRDA:255,54,3,0
BRDA:256,55,0,0
BRDA:256,55,1,0
BRDA:257,56,0,0
BRDA:257,56,1,0
BRDA:258,57,0,0
BRDA:258,57,1,0
BRDA:261,58,0,0
BRDA:261,58,1,0
BRDA:273,59,0,0
BRDA:273,59,1,0
BRDA:273,60,0,0
BRDA:273,60,1,0
BRDA:276,61,0,0
BRDA:276,61,1,0
BRDA:276,62,0,0
BRDA:276,62,1,0
BRDA:280,63,0,0
BRDA:280,63,1,0
BRDA:292,64,0,0
BRDA:292,64,1,0
BRDA:292,65,0,0
BRDA:292,65,1,0
BRDA:296,66,0,0
BRDA:296,66,1,0
BRDA:297,67,0,0
BRDA:297,67,1,0
BRDA:302,68,0,0
BRDA:302,68,1,0
BRF:157
BRH:0
end_of_record
TN:
SF:../node_modules/tree-kit/lib/lazy.js
FN:35,defineLazyProperty
FN:39,(anonymous_1)
FNF:2
FNH:0
FNDA:0,defineLazyProperty
FNDA:0,(anonymous_1)
DA:35,1
DA:36,0
DA:41,0
DA:43,0
DA:50,0
LF:5
LH:1
BRF:0
BRH:0
end_of_record
TN:
SF:../node_modules/tree-kit/lib/mask.js
FN:55,Mask
FN:76,createMask
FN:96,applyTo
FN:235,InverseMask
FN:248,createInverseMask
FN:268,applyTo
FNF:6
FNH:0
FNDA:0,Mask
FNDA:0,createMask
FNDA:0,applyTo
FNDA:0,InverseMask
FNDA:0,createInverseMask
FNDA:0,applyTo
DA:31,1
DA:32,1
DA:37,1
DA:38,1
DA:55,1
DA:56,0
DA:61,1
DA:76,1
DA:77,0
DA:78,0
DA:81,0
DA:82,0
DA:84,0
DA:88,0
DA:90,0
DA:96,1
DA:98,0
DA:99,0
DA:102,0
DA:103,0
DA:112,0
DA:113,0
DA:125,0
DA:128,0
DA:129,0
DA:133,0
DA:134,0
DA:135,0
DA:140,0
DA:142,0
DA:144,0
DA:145,0
DA:146,0
DA:149,0
DA:152,0
DA:153,0
DA:154,0
DA:155,0
DA:158,0
DA:161,0
DA:162,0
DA:165,0
DA:167,0
DA:168,0
DA:170,0
DA:171,0
DA:174,0
DA:178,0
DA:182,0
DA:186,0
DA:189,0
DA:192,0
DA:193,0
DA:196,0
DA:200,0
DA:202,0
DA:206,0
DA:209,0
DA:211,0
DA:212,0
DA:214,0
DA:215,0
DA:218,0
DA:221,0
DA:223,0
DA:224,0
DA:228,0
DA:235,1
DA:236,0
DA:239,1
DA:248,1
DA:249,0
DA:250,0
DA:253,0
DA:254,0
DA:256,0
DA:260,0
DA:262,0
DA:268,1
DA:270,0
DA:271,0
DA:274,0
DA:275,0
DA:284,0
DA:285,0
DA:297,0
DA:300,0
DA:301,0
DA:306,0
DA:307,0
DA:308,0
DA:313,0
DA:315,0
DA:317,0
DA:318,0
DA:319,0
DA:322,0
DA:325,0
DA:326,0
DA:327,0
DA:328,0
DA:331,0
DA:336,0
DA:340,0
DA:344,0
DA:348,0
DA:351,0
DA:354,0
DA:355,0
DA:358,0
DA:363,0
DA:364,0
DA:368,0
LF:113
LH:12
BRDA:77,0,0,0
BRDA:77,0,1,0
BRDA:77,1,0,0
BRDA:77,1,1,0
BRDA:81,2,0,0
BRDA:81,2,1,0
BRDA:81,3,0,0
BRDA:81,3,1,0
BRDA:98,4,0,0
BRDA:98,4,1,0
BRDA:98,5,0,0
BRDA:98,5,1,0
BRDA:102,6,0,0
BRDA:102,6,1,0
BRDA:112,7,0,0
BRDA:112,7,1,0
BRDA:128,8,0,0
BRDA:128,8,1,0
BRDA:140,9,0,0
BRDA:140,9,1,0
BRDA:152,10,0,0
BRDA:152,10,1,0
BRDA:152,11,0,0
BRDA:152,11,1,0
BRDA:153,12,0,0
BRDA:153,12,1,0
BRDA:153,13,0,0
BRDA:153,13,1,0
BRDA:154,14,0,0
BRDA:154,14,1,0
BRDA:161,15,0,0
BRDA:161,15,1,0
BRDA:165,16,0,0
BRDA:165,16,1,0
BRDA:165,17,0,0
BRDA:165,17,1,0
BRDA:168,18,0,0
BRDA:168,18,1,0
BRDA:170,19,0,0
BRDA:170,19,1,0
BRDA:170,20,0,0
BRDA:170,20,1,0
BRDA:170,20,2,0
BRDA:186,21,0,0
BRDA:186,21,1,0
BRDA:186,22,0,0
BRDA:186,22,1,0
BRDA:189,23,0,0
BRDA:189,23,1,0
BRDA:189,24,0,0
BRDA:189,24,1,0
BRDA:189,24,2,0
BRDA:192,25,0,0
BRDA:192,25,1,0
BRDA:200,26,0,0
BRDA:200,26,1,0
BRDA:206,27,0,0
BRDA:206,27,1,0
BRDA:209,28,0,0
BRDA:209,28,1,0
BRDA:209,29,0,0
BRDA:209,29,1,0
BRDA:212,30,0,0
BRDA:212,30,1,0
BRDA:214,31,0,0
BRDA:214,31,1,0
BRDA:214,32,0,0
BRDA:214,32,1,0
BRDA:214,32,2,0
BRDA:221,33,0,0
BRDA:221,33,1,0
BRDA:221,34,0,0
BRDA:221,34,1,0
BRDA:224,35,0,0
BRDA:224,35,1,0
BRDA:249,36,0,0
BRDA:249,36,1,0
BRDA:249,37,0,0
BRDA:249,37,1,0
BRDA:253,38,0,0
BRDA:253,38,1,0
BRDA:253,39,0,0
BRDA:253,39,1,0
BRDA:270,40,0,0
BRDA:270,40,1,0
BRDA:270,41,0,0
BRDA:270,41,1,0
BRDA:274,42,0,0
BRDA:274,42,1,0
BRDA:284,43,0,0
BRDA:284,43,1,0
BRDA:300,44,0,0
BRDA:300,44,1,0
BRDA:313,45,0,0
BRDA:313,45,1,0
BRDA:325,46,0,0
BRDA:325,46,1,0
BRDA:325,47,0,0
BRDA:325,47,1,0
BRDA:326,48,0,0
BRDA:326,48,1,0
BRDA:326,49,0,0
BRDA:326,49,1,0
BRDA:327,50,0,0
BRDA:327,50,1,0
BRDA:348,51,0,0
BRDA:348,51,1,0
BRDA:348,52,0,0
BRDA:348,52,1,0
BRDA:351,53,0,0
BRDA:351,53,1,0
BRDA:351,54,0,0
BRDA:351,54,1,0
BRDA:351,54,2,0
BRDA:354,55,0,0
BRDA:354,55,1,0
BRDA:363,56,0,0
BRDA:363,56,1,0
BRF:118
BRH:0
end_of_record
TN:
SF:../node_modules/tree-kit/lib/path.js
FN:36,op
FN:256,(anonymous_1)
FN:257,(anonymous_2)
FN:258,(anonymous_3)
FN:259,(anonymous_4)
FN:260,(anonymous_5)
FN:261,(anonymous_6)
FN:262,(anonymous_7)
FN:263,(anonymous_8)
FN:264,(anonymous_9)
FN:265,(anonymous_10)
FN:266,(anonymous_11)
FN:272,upgrade
FNF:13
FNH:0
FNDA:0,op
FNDA:0,(anonymous_1)
FNDA:0,(anonymous_2)
FNDA:0,(anonymous_3)
FNDA:0,(anonymous_4)
FNDA:0,(anonymous_5)
FNDA:0,(anonymous_6)
FNDA:0,(anonymous_7)
FNDA:0,(anonymous_8)
FNDA:0,(anonymous_9)
FNDA:0,(anonymous_10)
FNDA:0,(anonymous_11)
FNDA:0,upgrade
DA:31,1
DA:32,1
DA:36,1
DA:37,0
DA:39,0
DA:40,0
DA:43,0
DA:45,0
DA:46,0
DA:48,0
DA:49,0
DA:51,0
DA:52,0
DA:53,0
DA:56,0
DA:59,0
DA:62,0
DA:63,0
DA:73,0
DA:74,0
DA:76,0
DA:81,0
DA:83,0
DA:85,0
DA:86,0
DA:87,0
DA:88,0
DA:89,0
DA:92,0
DA:93,0
DA:94,0
DA:97,0
DA:98,0
DA:100,0
DA:102,0
DA:103,0
DA:105,0
DA:106,0
DA:107,0
DA:108,0
DA:111,0
DA:114,0
DA:115,0
DA:116,0
DA:119,0
DA:120,0
DA:122,0
DA:124,0
DA:125,0
DA:126,0
DA:128,0
DA:130,0
DA:131,0
DA:134,0
DA:135,0
DA:136,0
DA:139,0
DA:141,0
DA:143,0
DA:145,0
DA:146,0
DA:149,0
DA:151,0
DA:153,0
DA:155,0
DA:156,0
DA:160,0
DA:161,0
DA:163,0
DA:164,0
DA:165,0
DA:167,0
DA:168,0
DA:169,0
DA:171,0
DA:172,0
DA:173,0
DA:174,0
DA:179,0
DA:183,0
DA:185,0
DA:187,0
DA:188,0
DA:189,0
DA:191,0
DA:192,0
DA:195,0
DA:196,0
DA:198,0
DA:199,0
DA:200,0
DA:202,0
DA:203,0
DA:204,0
DA:206,0
DA:207,0
DA:209,0
DA:211,0
DA:212,0
DA:214,0
DA:216,0
DA:217,0
DA:218,0
DA:221,0
DA:223,0
DA:224,0
DA:225,0
DA:228,0
DA:230,0
DA:231,0
DA:232,0
DA:233,0
DA:240,1
DA:241,1
DA:242,1
DA:243,1
DA:244,1
DA:245,1
DA:246,1
DA:247,1
DA:248,1
DA:249,1
DA:250,1
DA:255,1
DA:256,0
DA:257,0
DA:258,0
DA:259,0
DA:260,0
DA:261,0
DA:262,0
DA:263,0
DA:264,0
DA:265,0
DA:266,0
DA:272,1
DA:273,0
LF:137
LH:16
BRDA:39,0,0,0
BRDA:39,0,1,0
BRDA:39,1,0,0
BRDA:39,1,1,0
BRDA:39,1,2,0
BRDA:43,2,0,0
BRDA:43,2,1,0
BRDA:45,3,0,0
BRDA:45,3,1,0
BRDA:48,4,0,0
BRDA:48,4,1,0
BRDA:49,5,0,0
BRDA:49,5,1,0
BRDA:51,6,0,0
BRDA:51,6,1,0
BRDA:59,7,0,0
BRDA:59,7,1,0
BRDA:59,7,2,0
BRDA:59,7,3,0
BRDA:59,7,4,0
BRDA:59,7,5,0
BRDA:59,7,6,0
BRDA:59,7,7,0
BRDA:59,7,8,0
BRDA:59,7,9,0
BRDA:59,7,10,0
BRDA:59,7,11,0
BRDA:86,8,0,0
BRDA:86,8,1,0
BRDA:87,9,0,0
BRDA:87,9,1,0
BRDA:92,10,0,0
BRDA:92,10,1,0
BRDA:92,11,0,0
BRDA:92,11,1,0
BRDA:92,11,2,0
BRDA:93,12,0,0
BRDA:93,12,1,0
BRDA:102,13,0,0
BRDA:102,13,1,0
BRDA:105,14,0,0
BRDA:105,14,1,0
BRDA:106,15,0,0
BRDA:106,15,1,0
BRDA:114,16,0,0
BRDA:114,16,1,0
BRDA:114,17,0,0
BRDA:114,17,1,0
BRDA:114,17,2,0
BRDA:115,18,0,0
BRDA:115,18,1,0
BRDA:124,19,0,0
BRDA:124,19,1,0
BRDA:124,20,0,0
BRDA:124,20,1,0
BRDA:128,21,0,0
BRDA:128,21,1,0
BRDA:130,22,0,0
BRDA:130,22,1,0
BRDA:134,23,0,0
BRDA:134,23,1,0
BRDA:134,24,0,0
BRDA:134,24,1,0
BRDA:135,25,0,0
BRDA:135,25,1,0
BRDA:143,26,0,0
BRDA:143,26,1,0
BRDA:151,27,0,0
BRDA:151,27,1,0
BRDA:153,28,0,0
BRDA:153,28,1,0
BRDA:153,28,2,0
BRDA:153,28,3,0
BRDA:153,28,4,0
BRDA:153,28,5,0
BRDA:164,29,0,0
BRDA:164,29,1,0
BRDA:167,30,0,0
BRDA:167,30,1,0
BRDA:171,31,0,0
BRDA:171,31,1,0
BRDA:183,32,0,0
BRDA:183,32,1,0
BRDA:183,32,2,0
BRDA:183,32,3,0
BRDA:183,32,4,0
BRDA:183,32,5,0
BRDA:183,32,6,0
BRDA:183,32,7,0
BRDA:183,32,8,0
BRDA:183,32,9,0
BRDA:183,32,10,0
BRDA:187,33,0,0
BRDA:187,33,1,0
BRDA:187,34,0,0
BRDA:187,34,1,0
BRDA:195,35,0,0
BRDA:195,35,1,0
BRDA:198,36,0,0
BRDA:198,36,1,0
BRDA:199,37,0,0
BRDA:199,37,1,0
BRDA:199,38,0,0
BRDA:199,38,1,0
BRDA:202,39,0,0
BRDA:202,39,1,0
BRDA:203,40,0,0
BRDA:203,40,1,0
BRDA:203,41,0,0
BRDA:203,41,1,0
BRDA:206,42,0,0
BRDA:206,42,1,0
BRDA:207,43,0,0
BRDA:207,43,1,0
BRDA:211,44,0,0
BRDA:211,44,1,0
BRDA:212,45,0,0
BRDA:212,45,1,0
BRDA:216,46,0,0
BRDA:216,46,1,0
BRDA:217,47,0,0
BRDA:217,47,1,0
BRDA:217,48,0,0
BRDA:217,48,1,0
BRDA:223,49,0,0
BRDA:223,49,1,0
BRDA:224,50,0,0
BRDA:224,50,1,0
BRDA:224,51,0,0
BRDA:224,51,1,0
BRDA:230,52,0,0
BRDA:230,52,1,0
BRDA:231,53,0,0
BRDA:231,53,1,0
BRF:134
BRH:0
end_of_record
TN:
SF:../node_modules/tree-kit/lib/tree.js
FNF:0
FNH:0
DA:31,1
DA:32,1
DA:35,1
LF:3
LH:3
BRF:0
BRH:0
end_of_record
